[04:02:48] [ServerMain/INFO]: [bootstrap] Running Java 25 (OpenJDK 64-Bit Server VM 25.0.3+9-LTS; Microsoft Microsoft-13877136) on Linux 6.8.0-1052-azure (amd64)
[04:02:48] [ServerMain/INFO]: [bootstrap] Loading Paper 1.21.11-116-main@6f71be8 (2026-02-15T19:11:22Z) for Minecraft 1.21.11
[04:02:48] [ServerMain/INFO]: [PluginInitializerManager] Initializing plugins...
[04:02:51] [ServerMain/INFO]: [PluginInitializerManager] Initialized 8 plugins
[04:02:51] [ServerMain/INFO]: [PluginInitializerManager] Bukkit plugins (8):
 - Citizens (2.0.43-SNAPSHOT (build 4207)), CrystalBot (1.0.2), PhoenixDuelsLite (3.0.7), SkinsRestorer (15.12.4), TAB (6.0.2), ViaBackwards (5.9.1), ViaVersion (5.9.1), WorldEdit (7.4.1+76eaf25bd)
[04:02:59] [ServerMain/INFO]: Environment: Environment[sessionHost=https://sessionserver.mojang.com, servicesHost=https://api.minecraftservices.com, profilesHost=https://api.mojang.com, name=PROD]
[04:03:03] [ServerMain/INFO]: Loaded 1470 recipes
[04:03:03] [ServerMain/INFO]: Loaded 1584 advancements
[04:03:03] [ServerMain/INFO]: [ca.spottedleaf.dataconverter.minecraft.datatypes.MCTypeRegistry] Initialising converters for DataConverter...
[04:03:04] [ServerMain/INFO]: [ca.spottedleaf.dataconverter.minecraft.datatypes.MCTypeRegistry] Finished initialising converters for DataConverter in 901.5ms
[04:03:05] [Server thread/INFO]: Starting minecraft server version 1.21.11
[04:03:05] [Server thread/INFO]: Loading properties
[04:03:05] [Server thread/INFO]: This server is running Paper version 1.21.11-116-main@6f71be8 (2026-02-15T19:11:22Z) (Implementing API version 1.21.11-R0.1-SNAPSHOT)
[04:03:05] [Server thread/INFO]: [spark] This server bundles the spark profiler. For more information please visit https://docs.papermc.io/paper/profiling
[04:03:05] [Server thread/INFO]: Server Ping Player Sample Count: 12
[04:03:05] [Server thread/INFO]: Using 4 threads for Netty based IO
[04:03:07] [Server thread/INFO]: [MoonriseCommon] Paper is using 1 worker threads, 1 I/O threads
[04:03:08] [Server thread/INFO]: Default game type: SURVIVAL
[04:03:08] [Server thread/INFO]: Generating keypair
[04:03:08] [Server thread/INFO]: Starting Minecraft server on *:25567
[04:03:08] [Server thread/INFO]: Paper: Using libdeflate (Linux x86_64) compression from Velocity.
[04:03:08] [Server thread/INFO]: Paper: Using OpenSSL 3.x.x (Linux x86_64) cipher from Velocity.
[04:03:08] [Server thread/WARN]: **** FAILED TO BIND TO PORT!
[04:03:08] [Server thread/WARN]: The exception was: io.netty.channel.unix.Errors$NativeIoException: bind(..) failed with error(-98): Address already in use
[04:03:08] [Server thread/WARN]: Perhaps a server is already running on that port?
[04:03:08] [Server thread/ERROR]: Encountered an unexpected exception
java.lang.IllegalStateException: Failed to bind to port
	at net.minecraft.server.dedicated.DedicatedServer.initServer(DedicatedServer.java:315) ~[paper-1.21.11.jar:1.21.11-116-6f71be8]
	at net.minecraft.server.MinecraftServer.runServer(MinecraftServer.java:1253) ~[paper-1.21.11.jar:1.21.11-116-6f71be8]
	at net.minecraft.server.MinecraftServer.lambda$spin$2(MinecraftServer.java:388) ~[paper-1.21.11.jar:1.21.11-116-6f71be8]
	at java.base/java.lang.Thread.run(Thread.java:1474) ~[?:?]
Caused by: io.netty.channel.unix.Errors$NativeIoException: bind(..) failed with error(-98): Address already in use
	Suppressed: java.util.concurrent.CompletionException: Rethrowing promise failure cause
		at io.netty.util.concurrent.DefaultPromise.rethrowIfFailed(DefaultPromise.java:686)
		at io.netty.util.concurrent.DefaultPromise.syncUninterruptibly(DefaultPromise.java:427)
		at io.netty.channel.DefaultChannelPromise.syncUninterruptibly(DefaultChannelPromise.java:125)
		at io.netty.channel.DefaultChannelPromise.syncUninterruptibly(DefaultChannelPromise.java:30)
		at net.minecraft.server.network.ServerConnectionListener.startTcpServerListener(ServerConnectionListener.java:150)
		at net.minecraft.server.dedicated.DedicatedServer.initServer(DedicatedServer.java:310) ~[paper-1.21.11.jar:1.21.11-116-6f71be8]
		at net.minecraft.server.MinecraftServer.runServer(MinecraftServer.java:1253) ~[paper-1.21.11.jar:1.21.11-116-6f71be8]
		at net.minecraft.server.MinecraftServer.lambda$spin$2(MinecraftServer.java:388) ~[paper-1.21.11.jar:1.21.11-116-6f71be8]
		at java.base/java.lang.Thread.run(Thread.java:1474) ~[?:?]
[04:03:08] [Server thread/ERROR]: This crash report has been saved to: /workspaces/eaglercraft-1.21.5/server/crash-reports/crash-2026-07-21_04.03.08-server.txt
[04:03:08] [Server thread/INFO]: Stopping server
[04:03:08] [Server thread/INFO]: Saving players
[04:03:08] [Server thread/INFO]: Saving worlds
[04:03:08] [Server thread/INFO]: ThreadedAnvilChunkStorage: All dimensions are saved
[04:03:08] [Server thread/INFO]: Saving usercache.json
[04:03:08] [Server thread/INFO]: Waiting for all RegionFile I/O tasks to complete...
[04:03:08] [Server thread/INFO]: All RegionFile I/O tasks to complete
[04:03:08] [Server thread/INFO]: [MoonriseCommon] Awaiting termination of worker pool for up to 60s...
[04:03:08] [Server thread/INFO]: [MoonriseCommon] Awaiting termination of I/O pool for up to 60s...
