[2026/06/19 03:02:32]: §9          __             _       
[2026/06/19 03:02:32]: §9  _ __   / /  ___   __ _(_)_ __  
[2026/06/19 03:02:32]: §9 | '_ \ / /  / _ \ / _` | | '_ \ 
[2026/06/19 03:02:32]: §9 | | | / /__| (_) | (_| | | | | |
[2026/06/19 03:02:32]: §9 |_| |_\____/\___/ \__, |_|_| |_|
[2026/06/19 03:02:32]: §9                  |___/            
[2026/06/19 03:02:32]: §9 By: www.nickuc.com - V 10.4.27
[2026/06/19 03:02:32]: §9 
[2026/06/19 03:02:33]: §3[nLogin] [DEBUG] All settings were loaded in 411 ms.
[2026/06/19 03:02:33]: §3[nLogin] [DEBUG] Loading the messages_en.yml message file...
[2026/06/19 03:02:33]: §3[nLogin] [DEBUG] All plugin messages were loaded in 163 ms (languageByClient=false).
[2026/06/19 03:02:33]: §3[nLogin] [DEBUG] All proxy settings were loaded in 16 ms.
[2026/06/19 03:02:33]: §3[nLogin] [DEBUG] Loading database...
[2026/06/19 03:02:34]: §3[nLogin] [DEBUG] Starting logger filter...
[2026/06/19 03:02:39]: 
[2026/06/19 03:02:39]:  §bThank you so much for choosing nLogin! §4<3
[2026/06/19 03:02:39]: 
[2026/06/19 03:02:39]:  §4For your safety, please read the message below:
[2026/06/19 03:02:39]:   §cNever download nLogin from unknown sources.
[2026/06/19 03:02:39]:   §cA modified version may contain malicious software.
[2026/06/19 03:02:39]: 
[2026/06/19 03:02:39]:  §3Trusted sources:
[2026/06/19 03:02:39]:   §bwww.nickuc.com
[2026/06/19 03:02:39]:   §bwww.github.com/nickuc
[2026/06/19 03:02:39]:   §bOpeNLogin installer (from Spigot or GitHub)
[2026/06/19 03:02:39]: 
[2026/06/19 03:02:39]:  §3Official support channels:
[2026/06/19 03:02:39]:   §bDiscord group: §fwww.nickuc.com/discord
[2026/06/19 03:02:39]:   §bDocumentation: §fdocs.nickuc.com/nlogin/
[2026/06/19 03:02:39]:   §bEmail: §fsupport@nickuc.com
[2026/06/19 03:02:39]:   §bYouTube: §fyoutube.com/nickuc
[2026/06/19 03:02:39]: 
[2026/06/19 03:02:39]:  §eTo remove this warning, log in with "nlogin.admin" permission on the server
[2026/06/19 03:02:39]:  §eand click the "Setup plugin" button to configure your plugin.
[2026/06/19 03:02:39]: 
[2026/06/19 03:03:01]: §3[nLogin] [DEBUG] [SQLite] [UPDATE]: "UPDATE `nlogin` SET `last_name` = 'nivinpro9', `unique_id` = 4df1ec90be0f38db83238a7809fc8069,  `mojang_id` = null,  `bedrock_id` = null,  `password` = '$2a$10$wb77FapEGHCoOMw2wLWV/u5AXgdz9CauOIj8/e6EUKxxBiDM3bcpW', `last_ip` = '0:0:0:0:0:0:0:1', `creation_date` = 2026-05-22 08:11:01.355, `last_seen` = 2026-06-19 03:03:01.164, `email` = null, `discord` = null, `settings` = '{"settings":[{"value":"survival","key":"last-server"},{"value":"en","key":"language"}],"version":0}' WHERE `ai` = 2" (applied to [last_ip, last_seen, settings] columns)
[2026/06/19 03:03:01]: [nLogin] The user nivinpro9 has successfully logged in.
[2026/06/19 03:03:09]: §3[nLogin] [DEBUG] [SQLite] [UPDATE]: "UPDATE `nlogin` SET `last_name` = 'nivinpro9', `unique_id` = 4df1ec90be0f38db83238a7809fc8069,  `mojang_id` = null,  `bedrock_id` = null,  `password` = '$2a$10$wb77FapEGHCoOMw2wLWV/u5AXgdz9CauOIj8/e6EUKxxBiDM3bcpW', `last_ip` = '0:0:0:0:0:0:0:1', `creation_date` = 2026-05-22 08:11:01.355, `last_seen` = 2026-06-19 03:03:09.203, `email` = null, `discord` = null, `settings` = '{"settings":[{"value":"auth","key":"last-server"},{"value":"en","key":"language"}],"version":0}' WHERE `ai` = 2" (applied to [last_seen, settings] columns)
[2026/06/19 03:03:11]: §3[nLogin] [DEBUG] [SQLite] [UPDATE]: "UPDATE `nlogin` SET `last_name` = 'ItzSammer', `unique_id` = a130978d5803371dab29c8f6ed7849bb,  `mojang_id` = null,  `bedrock_id` = null,  `password` = '$2a$10$XIwyRFUSP4TifbVnoP92l.aNeR1tn2MZ3CEB3y25gvrjwIuPfVLIS', `last_ip` = '0:0:0:0:0:0:0:1', `creation_date` = 2026-05-22 08:12:06.495, `last_seen` = 2026-06-19 03:03:11.799, `email` = null, `discord` = null, `settings` = '{"settings":[{"value":"en","key":"language"},{"value":"survival","key":"last-server"}],"version":0}' WHERE `ai` = 3" (applied to [last_ip, last_seen, settings] columns)
[2026/06/19 03:03:11]: [nLogin] The user ItzSammer has successfully logged in.
[2026/06/19 03:03:19]: §3[nLogin] [DEBUG] [SQLite] [UPDATE]: "UPDATE `nlogin` SET `last_name` = 'nivinpro9', `unique_id` = 4df1ec90be0f38db83238a7809fc8069,  `mojang_id` = null,  `bedrock_id` = null,  `password` = '$2a$10$wb77FapEGHCoOMw2wLWV/u5AXgdz9CauOIj8/e6EUKxxBiDM3bcpW', `last_ip` = '0:0:0:0:0:0:0:1', `creation_date` = 2026-05-22 08:11:01.355, `last_seen` = 2026-06-19 03:03:19.56, `email` = null, `discord` = null, `settings` = '{"settings":[{"value":"auth","key":"last-server"},{"value":"en","key":"language"}],"version":0}' WHERE `ai` = 2" (applied to [last_ip, last_seen, settings] columns)
[2026/06/19 03:03:19]: [nLogin] The user nivinpro9 has successfully logged in.
[2026/06/19 03:03:41]: §3[nLogin] [DEBUG] [SQLite] [UPDATE]: "UPDATE `nlogin` SET `last_name` = 'Syntaxsavy', `unique_id` = aa232e413abb3d708075301c7e809f31,  `mojang_id` = null,  `bedrock_id` = null,  `password` = '$2a$10$.ljYOee/FJ43P4ki0DC4Ruya8j2EqpY5NrBAxmn5Rubce.lktv4a6', `last_ip` = '0:0:0:0:0:0:0:1', `creation_date` = 2026-05-23 12:18:00.346, `last_seen` = 2026-06-19 03:03:40.995, `email` = null, `discord` = null, `settings` = '{"settings":[{"value":"survival","key":"last-server"},{"value":"en","key":"language"}],"version":0}' WHERE `ai` = 5" (applied to [last_ip, last_seen, settings] columns)
[2026/06/19 03:03:41]: [nLogin] The user Syntaxsavy has successfully logged in.
[2026/06/19 03:05:49]: §3[nLogin] [DEBUG] [SQLite] [UPDATE]: "UPDATE `nlogin` SET `last_name` = 'ItzSammer', `unique_id` = a130978d5803371dab29c8f6ed7849bb,  `mojang_id` = null,  `bedrock_id` = null,  `password` = '$2a$10$XIwyRFUSP4TifbVnoP92l.aNeR1tn2MZ3CEB3y25gvrjwIuPfVLIS', `last_ip` = '0:0:0:0:0:0:0:1', `creation_date` = 2026-05-22 08:12:06.495, `last_seen` = 2026-06-19 03:05:48.961, `email` = null, `discord` = null, `settings` = '{"settings":[{"value":"en","key":"language"},{"value":"survival","key":"last-server"}],"version":0}' WHERE `ai` = 3" (applied to [last_seen, settings] columns)
[2026/06/19 03:07:12]: §3[nLogin] [DEBUG] [SQLite] [UPDATE]: "UPDATE `nlogin` SET `last_name` = 'ItzSammer', `unique_id` = a130978d5803371dab29c8f6ed7849bb,  `mojang_id` = null,  `bedrock_id` = null,  `password` = '$2a$10$XIwyRFUSP4TifbVnoP92l.aNeR1tn2MZ3CEB3y25gvrjwIuPfVLIS', `last_ip` = '0:0:0:0:0:0:0:1', `creation_date` = 2026-05-22 08:12:06.495, `last_seen` = 2026-06-19 03:07:12.871, `email` = null, `discord` = null, `settings` = '{"settings":[{"value":"en","key":"language"},{"value":"survival","key":"last-server"}],"version":0}' WHERE `ai` = 3" (applied to [last_ip, last_seen, settings] columns)
[2026/06/19 03:07:12]: [nLogin] The user ItzSammer has successfully logged in.
[2026/06/19 03:11:06]: §3[nLogin] [DEBUG] [SQLite] [UPDATE]: "UPDATE `nlogin` SET `last_name` = 'nivinpro9', `unique_id` = 4df1ec90be0f38db83238a7809fc8069,  `mojang_id` = null,  `bedrock_id` = null,  `password` = '$2a$10$wb77FapEGHCoOMw2wLWV/u5AXgdz9CauOIj8/e6EUKxxBiDM3bcpW', `last_ip` = '0:0:0:0:0:0:0:1', `creation_date` = 2026-05-22 08:11:01.355, `last_seen` = 2026-06-19 03:11:06.785, `email` = null, `discord` = null, `settings` = '{"settings":[{"value":"survival","key":"last-server"},{"value":"en","key":"language"}],"version":0}' WHERE `ai` = 2" (applied to [last_seen, settings] columns)
[2026/06/19 03:14:36]: §3[nLogin] [DEBUG] [SQLite] [UPDATE]: "UPDATE `nlogin` SET `last_name` = 'nivinpro9', `unique_id` = 4df1ec90be0f38db83238a7809fc8069,  `mojang_id` = null,  `bedrock_id` = null,  `password` = '$2a$10$wb77FapEGHCoOMw2wLWV/u5AXgdz9CauOIj8/e6EUKxxBiDM3bcpW', `last_ip` = '0:0:0:0:0:0:0:1', `creation_date` = 2026-05-22 08:11:01.355, `last_seen` = 2026-06-19 03:14:36.021, `email` = null, `discord` = null, `settings` = '{"settings":[{"value":"survival","key":"last-server"},{"value":"en","key":"language"}],"version":0}' WHERE `ai` = 2" (applied to [last_ip, last_seen, settings] columns)
[2026/06/19 03:14:36]: [nLogin] The user nivinpro9 has successfully logged in.
[2026/06/19 03:25:20]: §3[nLogin] [DEBUG] [SQLite] [UPDATE]: "UPDATE `nlogin` SET `last_name` = 'nivinpro9', `unique_id` = 4df1ec90be0f38db83238a7809fc8069,  `mojang_id` = null,  `bedrock_id` = null,  `password` = '$2a$10$wb77FapEGHCoOMw2wLWV/u5AXgdz9CauOIj8/e6EUKxxBiDM3bcpW', `last_ip` = '0:0:0:0:0:0:0:1', `creation_date` = 2026-05-22 08:11:01.355, `last_seen` = 2026-06-19 03:25:20.288, `email` = null, `discord` = null, `settings` = '{"settings":[{"value":"survival","key":"last-server"},{"value":"en","key":"language"}],"version":0}' WHERE `ai` = 2" (applied to [last_seen, settings] columns)
[2026/06/19 03:27:02]: §3[nLogin] [DEBUG] [SQLite] [UPDATE]: "UPDATE `nlogin` SET `last_name` = 'ItzSammer', `unique_id` = a130978d5803371dab29c8f6ed7849bb,  `mojang_id` = null,  `bedrock_id` = null,  `password` = '$2a$10$XIwyRFUSP4TifbVnoP92l.aNeR1tn2MZ3CEB3y25gvrjwIuPfVLIS', `last_ip` = '0:0:0:0:0:0:0:1', `creation_date` = 2026-05-22 08:12:06.495, `last_seen` = 2026-06-19 03:27:02.539, `email` = null, `discord` = null, `settings` = '{"settings":[{"value":"en","key":"language"},{"value":"survival","key":"last-server"}],"version":0}' WHERE `ai` = 3" (applied to [last_seen, settings] columns)
[2026/06/19 03:27:50]: §3[nLogin] [DEBUG] [SQLite] [UPDATE]: "UPDATE `nlogin` SET `last_name` = 'Syntaxsavy', `unique_id` = aa232e413abb3d708075301c7e809f31,  `mojang_id` = null,  `bedrock_id` = null,  `password` = '$2a$10$.ljYOee/FJ43P4ki0DC4Ruya8j2EqpY5NrBAxmn5Rubce.lktv4a6', `last_ip` = '0:0:0:0:0:0:0:1', `creation_date` = 2026-05-23 12:18:00.346, `last_seen` = 2026-06-19 03:27:50.02, `email` = null, `discord` = null, `settings` = '{"settings":[{"value":"survival","key":"last-server"},{"value":"en","key":"language"}],"version":0}' WHERE `ai` = 5" (applied to [last_seen, settings] columns)
[2026/06/19 03:28:31]: §3[nLogin] [DEBUG] [SQLite] [UPDATE]: "UPDATE `nlogin` SET `last_name` = 'Syntaxsavy', `unique_id` = aa232e413abb3d708075301c7e809f31,  `mojang_id` = null,  `bedrock_id` = null,  `password` = '$2a$10$.ljYOee/FJ43P4ki0DC4Ruya8j2EqpY5NrBAxmn5Rubce.lktv4a6', `last_ip` = '0:0:0:0:0:0:0:1', `creation_date` = 2026-05-23 12:18:00.346, `last_seen` = 2026-06-19 03:28:31.91, `email` = null, `discord` = null, `settings` = '{"settings":[{"value":"survival","key":"last-server"},{"value":"en","key":"language"}],"version":0}' WHERE `ai` = 5" (applied to [last_ip, last_seen, settings] columns)
[2026/06/19 03:28:31]: [nLogin] The user Syntaxsavy has successfully logged in.
[2026/06/19 03:28:46]: §3[nLogin] [DEBUG] [SQLite] [UPDATE]: "UPDATE `nlogin` SET `last_name` = 'nivinpro9', `unique_id` = 4df1ec90be0f38db83238a7809fc8069,  `mojang_id` = null,  `bedrock_id` = null,  `password` = '$2a$10$wb77FapEGHCoOMw2wLWV/u5AXgdz9CauOIj8/e6EUKxxBiDM3bcpW', `last_ip` = '0:0:0:0:0:0:0:1', `creation_date` = 2026-05-22 08:11:01.355, `last_seen` = 2026-06-19 03:28:46.359, `email` = null, `discord` = null, `settings` = '{"settings":[{"value":"survival","key":"last-server"},{"value":"en","key":"language"}],"version":0}' WHERE `ai` = 2" (applied to [last_ip, last_seen, settings] columns)
[2026/06/19 03:28:46]: [nLogin] The user nivinpro9 has successfully logged in.
[2026/06/19 03:28:49]: §3[nLogin] [DEBUG] [SQLite] [UPDATE]: "UPDATE `nlogin` SET `last_name` = 'ItzSammer', `unique_id` = a130978d5803371dab29c8f6ed7849bb,  `mojang_id` = null,  `bedrock_id` = null,  `password` = '$2a$10$XIwyRFUSP4TifbVnoP92l.aNeR1tn2MZ3CEB3y25gvrjwIuPfVLIS', `last_ip` = '0:0:0:0:0:0:0:1', `creation_date` = 2026-05-22 08:12:06.495, `last_seen` = 2026-06-19 03:28:49.791, `email` = null, `discord` = null, `settings` = '{"settings":[{"value":"en","key":"language"},{"value":"survival","key":"last-server"}],"version":0}' WHERE `ai` = 3" (applied to [last_ip, last_seen, settings] columns)
[2026/06/19 03:28:49]: [nLogin] The user ItzSammer has successfully logged in.
[2026/06/19 03:33:59]: §3[nLogin] [DEBUG] [SQLite] [UPDATE]: "UPDATE `nlogin` SET `last_name` = 'nivinpro9', `unique_id` = 4df1ec90be0f38db83238a7809fc8069,  `mojang_id` = null,  `bedrock_id` = null,  `password` = '$2a$10$wb77FapEGHCoOMw2wLWV/u5AXgdz9CauOIj8/e6EUKxxBiDM3bcpW', `last_ip` = '0:0:0:0:0:0:0:1', `creation_date` = 2026-05-22 08:11:01.355, `last_seen` = 2026-06-19 03:33:59.486, `email` = null, `discord` = null, `settings` = '{"settings":[{"value":"survival","key":"last-server"},{"value":"en","key":"language"}],"version":0}' WHERE `ai` = 2" (applied to [last_seen, settings] columns)
[2026/06/19 03:38:57]: §3[nLogin] [DEBUG] [SQLite] [UPDATE]: "UPDATE `nlogin` SET `last_name` = 'ItzSammer', `unique_id` = a130978d5803371dab29c8f6ed7849bb,  `mojang_id` = null,  `bedrock_id` = null,  `password` = '$2a$10$XIwyRFUSP4TifbVnoP92l.aNeR1tn2MZ3CEB3y25gvrjwIuPfVLIS', `last_ip` = '0:0:0:0:0:0:0:1', `creation_date` = 2026-05-22 08:12:06.495, `last_seen` = 2026-06-19 03:38:57.048, `email` = null, `discord` = null, `settings` = '{"settings":[{"value":"en","key":"language"},{"value":"survival","key":"last-server"}],"version":0}' WHERE `ai` = 3" (applied to [last_seen, settings] columns)
[2026/06/19 03:38:57]: §3[nLogin] [DEBUG] [SQLite] [UPDATE]: "UPDATE `nlogin` SET `last_name` = 'Syntaxsavy', `unique_id` = aa232e413abb3d708075301c7e809f31,  `mojang_id` = null,  `bedrock_id` = null,  `password` = '$2a$10$.ljYOee/FJ43P4ki0DC4Ruya8j2EqpY5NrBAxmn5Rubce.lktv4a6', `last_ip` = '0:0:0:0:0:0:0:1', `creation_date` = 2026-05-23 12:18:00.346, `last_seen` = 2026-06-19 03:38:57.849, `email` = null, `discord` = null, `settings` = '{"settings":[{"value":"survival","key":"last-server"},{"value":"en","key":"language"}],"version":0}' WHERE `ai` = 5" (applied to [last_seen, settings] columns)
[2026/06/19 03:46:07]: §3[nLogin] [DEBUG] [SQLite] [UPDATE]: "UPDATE `nlogin` SET `last_name` = 'ItzSammer', `unique_id` = a130978d5803371dab29c8f6ed7849bb,  `mojang_id` = null,  `bedrock_id` = null,  `password` = '$2a$10$XIwyRFUSP4TifbVnoP92l.aNeR1tn2MZ3CEB3y25gvrjwIuPfVLIS', `last_ip` = '0:0:0:0:0:0:0:1', `creation_date` = 2026-05-22 08:12:06.495, `last_seen` = 2026-06-19 03:46:07.13, `email` = null, `discord` = null, `settings` = '{"settings":[{"value":"en","key":"language"},{"value":"survival","key":"last-server"}],"version":0}' WHERE `ai` = 3" (applied to [last_ip, last_seen, settings] columns)
[2026/06/19 03:46:07]: [nLogin] The user ItzSammer has successfully logged in.
[2026/06/19 03:46:18]: §3[nLogin] [DEBUG] [SQLite] [UPDATE]: "UPDATE `nlogin` SET `last_name` = 'Syntaxsavy', `unique_id` = aa232e413abb3d708075301c7e809f31,  `mojang_id` = null,  `bedrock_id` = null,  `password` = '$2a$10$.ljYOee/FJ43P4ki0DC4Ruya8j2EqpY5NrBAxmn5Rubce.lktv4a6', `last_ip` = '0:0:0:0:0:0:0:1', `creation_date` = 2026-05-23 12:18:00.346, `last_seen` = 2026-06-19 03:46:18.76, `email` = null, `discord` = null, `settings` = '{"settings":[{"value":"survival","key":"last-server"},{"value":"en","key":"language"}],"version":0}' WHERE `ai` = 5" (applied to [last_ip, last_seen, settings] columns)
[2026/06/19 03:46:18]: [nLogin] The user Syntaxsavy has successfully logged in.
[2026/06/19 03:46:33]: §3[nLogin] [DEBUG] [SQLite] [UPDATE]: "UPDATE `nlogin` SET `last_name` = 'ItzSammer', `unique_id` = a130978d5803371dab29c8f6ed7849bb,  `mojang_id` = null,  `bedrock_id` = null,  `password` = '$2a$10$XIwyRFUSP4TifbVnoP92l.aNeR1tn2MZ3CEB3y25gvrjwIuPfVLIS', `last_ip` = '0:0:0:0:0:0:0:1', `creation_date` = 2026-05-22 08:12:06.495, `last_seen` = 2026-06-19 03:46:33.715, `email` = null, `discord` = null, `settings` = '{"settings":[{"value":"en","key":"language"},{"value":"survival","key":"last-server"}],"version":0}' WHERE `ai` = 3" (applied to [last_seen, settings] columns)
[2026/06/19 03:46:39]: §3[nLogin] [DEBUG] [SQLite] [UPDATE]: "UPDATE `nlogin` SET `last_name` = 'Syntaxsavy', `unique_id` = aa232e413abb3d708075301c7e809f31,  `mojang_id` = null,  `bedrock_id` = null,  `password` = '$2a$10$.ljYOee/FJ43P4ki0DC4Ruya8j2EqpY5NrBAxmn5Rubce.lktv4a6', `last_ip` = '0:0:0:0:0:0:0:1', `creation_date` = 2026-05-23 12:18:00.346, `last_seen` = 2026-06-19 03:46:39.751, `email` = null, `discord` = null, `settings` = '{"settings":[{"value":"survival","key":"last-server"},{"value":"en","key":"language"}],"version":0}' WHERE `ai` = 5" (applied to [last_seen, settings] columns)
[2026/06/19 03:48:28]: §3[nLogin] [DEBUG] [SQLite] [UPDATE]: "UPDATE `nlogin` SET `last_name` = 'The_Unknown_King', `unique_id` = 2dde329b7ccb3316b0f79aaebf9fc51f,  `mojang_id` = null,  `bedrock_id` = null,  `password` = '$2a$10$Sk/DTBOR.cFivC/XB5C.teu/5pdWhfNWIcrCLAbyDBZ/c/e.Sr52q', `last_ip` = '0:0:0:0:0:0:0:1', `creation_date` = 2026-06-15 02:11:53.78, `last_seen` = 2026-06-19 03:48:28.936, `email` = null, `discord` = null, `settings` = '{"settings":[{"value":"survival","key":"last-server"},{"value":"en","key":"language"}],"version":0}' WHERE `ai` = 14" (applied to [last_ip, last_seen, settings] columns)
[2026/06/19 03:48:28]: [nLogin] The user The_Unknown_King has successfully logged in.
[2026/06/19 03:48:51]: §3[nLogin] [DEBUG] The nivinpro9 (0:0:0:0:0:0:0:1) player entered an incorrect password
[2026/06/19 03:48:55]: §3[nLogin] [DEBUG] [SQLite] [UPDATE]: "UPDATE `nlogin` SET `last_name` = 'ItzSammer', `unique_id` = a130978d5803371dab29c8f6ed7849bb,  `mojang_id` = null,  `bedrock_id` = null,  `password` = '$2a$10$XIwyRFUSP4TifbVnoP92l.aNeR1tn2MZ3CEB3y25gvrjwIuPfVLIS', `last_ip` = '0:0:0:0:0:0:0:1', `creation_date` = 2026-05-22 08:12:06.495, `last_seen` = 2026-06-19 03:48:55.985, `email` = null, `discord` = null, `settings` = '{"settings":[{"value":"en","key":"language"},{"value":"survival","key":"last-server"}],"version":0}' WHERE `ai` = 3" (applied to [last_ip, last_seen, settings] columns)
[2026/06/19 03:48:55]: [nLogin] The user ItzSammer has successfully logged in.
[2026/06/19 03:48:56]: §3[nLogin] [DEBUG] [SQLite] [UPDATE]: "UPDATE `nlogin` SET `last_name` = 'nivinpro9', `unique_id` = 4df1ec90be0f38db83238a7809fc8069,  `mojang_id` = null,  `bedrock_id` = null,  `password` = '$2a$10$wb77FapEGHCoOMw2wLWV/u5AXgdz9CauOIj8/e6EUKxxBiDM3bcpW', `last_ip` = '0:0:0:0:0:0:0:1', `creation_date` = 2026-05-22 08:11:01.355, `last_seen` = 2026-06-19 03:48:56.859, `email` = null, `discord` = null, `settings` = '{"settings":[{"value":"survival","key":"last-server"},{"value":"en","key":"language"}],"version":0}' WHERE `ai` = 2" (applied to [last_ip, last_seen, settings] columns)
[2026/06/19 03:48:56]: [nLogin] The user nivinpro9 has successfully logged in.
[2026/06/19 03:49:40]: §3[nLogin] [DEBUG] The Syntaxsavy (0:0:0:0:0:0:0:1) player entered an incorrect password
[2026/06/19 03:49:50]: §3[nLogin] [DEBUG] [SQLite] [UPDATE]: "UPDATE `nlogin` SET `last_name` = 'Syntaxsavy', `unique_id` = aa232e413abb3d708075301c7e809f31,  `mojang_id` = null,  `bedrock_id` = null,  `password` = '$2a$10$.ljYOee/FJ43P4ki0DC4Ruya8j2EqpY5NrBAxmn5Rubce.lktv4a6', `last_ip` = '0:0:0:0:0:0:0:1', `creation_date` = 2026-05-23 12:18:00.346, `last_seen` = 2026-06-19 03:49:50.137, `email` = null, `discord` = null, `settings` = '{"settings":[{"value":"survival","key":"last-server"},{"value":"en","key":"language"}],"version":0}' WHERE `ai` = 5" (applied to [last_ip, last_seen, settings] columns)
[2026/06/19 03:49:50]: [nLogin] The user Syntaxsavy has successfully logged in.
[2026/06/19 03:51:31]: §3[nLogin] [DEBUG] [SQLite] [UPDATE]: "UPDATE `nlogin` SET `last_name` = 'ItzSammer', `unique_id` = a130978d5803371dab29c8f6ed7849bb,  `mojang_id` = null,  `bedrock_id` = null,  `password` = '$2a$10$XIwyRFUSP4TifbVnoP92l.aNeR1tn2MZ3CEB3y25gvrjwIuPfVLIS', `last_ip` = '0:0:0:0:0:0:0:1', `creation_date` = 2026-05-22 08:12:06.495, `last_seen` = 2026-06-19 03:51:31.174, `email` = null, `discord` = null, `settings` = '{"settings":[{"value":"en","key":"language"},{"value":"survival","key":"last-server"}],"version":0}' WHERE `ai` = 3" (applied to [last_seen, settings] columns)
[2026/06/19 03:51:38]: §3[nLogin] [DEBUG] [SQLite] [UPDATE]: "UPDATE `nlogin` SET `last_name` = 'ItzSammer', `unique_id` = a130978d5803371dab29c8f6ed7849bb,  `mojang_id` = null,  `bedrock_id` = null,  `password` = '$2a$10$XIwyRFUSP4TifbVnoP92l.aNeR1tn2MZ3CEB3y25gvrjwIuPfVLIS', `last_ip` = '0:0:0:0:0:0:0:1', `creation_date` = 2026-05-22 08:12:06.495, `last_seen` = 2026-06-19 03:51:38.147, `email` = null, `discord` = null, `settings` = '{"settings":[{"value":"en","key":"language"},{"value":"survival","key":"last-server"}],"version":0}' WHERE `ai` = 3" (applied to [last_ip, last_seen, settings] columns)
[2026/06/19 03:51:38]: [nLogin] The user ItzSammer has successfully logged in.
[2026/06/19 03:54:35]: §3[nLogin] [DEBUG] [SQLite] [UPDATE]: "UPDATE `nlogin` SET `last_name` = 'ItzSammer', `unique_id` = a130978d5803371dab29c8f6ed7849bb,  `mojang_id` = null,  `bedrock_id` = null,  `password` = '$2a$10$XIwyRFUSP4TifbVnoP92l.aNeR1tn2MZ3CEB3y25gvrjwIuPfVLIS', `last_ip` = '0:0:0:0:0:0:0:1', `creation_date` = 2026-05-22 08:12:06.495, `last_seen` = 2026-06-19 03:54:35.047, `email` = null, `discord` = null, `settings` = '{"settings":[{"value":"en","key":"language"},{"value":"survival","key":"last-server"}],"version":0}' WHERE `ai` = 3" (applied to [last_seen, settings] columns)
[2026/06/19 03:54:48]: §3[nLogin] [DEBUG] The ItzSammer (0:0:0:0:0:0:0:1) player entered an incorrect password
[2026/06/19 03:55:08]: §3[nLogin] [DEBUG] [SQLite] [UPDATE]: "UPDATE `nlogin` SET `last_name` = 'ItzSammer', `unique_id` = a130978d5803371dab29c8f6ed7849bb,  `mojang_id` = null,  `bedrock_id` = null,  `password` = '$2a$10$XIwyRFUSP4TifbVnoP92l.aNeR1tn2MZ3CEB3y25gvrjwIuPfVLIS', `last_ip` = '0:0:0:0:0:0:0:1', `creation_date` = 2026-05-22 08:12:06.495, `last_seen` = 2026-06-19 03:55:08.21, `email` = null, `discord` = null, `settings` = '{"settings":[{"value":"en","key":"language"},{"value":"survival","key":"last-server"}],"version":0}' WHERE `ai` = 3" (applied to [last_ip, last_seen, settings] columns)
[2026/06/19 03:55:08]: [nLogin] The user ItzSammer has successfully logged in.
[2026/06/19 03:59:45]: §3[nLogin] [DEBUG] [SQLite] [UPDATE]: "UPDATE `nlogin` SET `last_name` = 'The_Unknown_King', `unique_id` = 2dde329b7ccb3316b0f79aaebf9fc51f,  `mojang_id` = null,  `bedrock_id` = null,  `password` = '$2a$10$Sk/DTBOR.cFivC/XB5C.teu/5pdWhfNWIcrCLAbyDBZ/c/e.Sr52q', `last_ip` = '0:0:0:0:0:0:0:1', `creation_date` = 2026-06-15 02:11:53.78, `last_seen` = 2026-06-19 03:59:45.242, `email` = null, `discord` = null, `settings` = '{"settings":[{"value":"survival","key":"last-server"},{"value":"en","key":"language"}],"version":0}' WHERE `ai` = 14" (applied to [last_seen, settings] columns)
[2026/06/19 04:01:40]: §3[nLogin] [DEBUG] [SQLite] [UPDATE]: "UPDATE `nlogin` SET `last_name` = 'The_Unknown_King', `unique_id` = 2dde329b7ccb3316b0f79aaebf9fc51f,  `mojang_id` = null,  `bedrock_id` = null,  `password` = '$2a$10$Sk/DTBOR.cFivC/XB5C.teu/5pdWhfNWIcrCLAbyDBZ/c/e.Sr52q', `last_ip` = '0:0:0:0:0:0:0:1', `creation_date` = 2026-06-15 02:11:53.78, `last_seen` = 2026-06-19 04:01:40.441, `email` = null, `discord` = null, `settings` = '{"settings":[{"value":"survival","key":"last-server"},{"value":"en","key":"language"}],"version":0}' WHERE `ai` = 14" (applied to [last_ip, last_seen, settings] columns)
[2026/06/19 04:01:40]: [nLogin] The user The_Unknown_King has successfully logged in.
[2026/06/19 04:02:18]: §3[nLogin] [DEBUG] [SQLite] [UPDATE]: "UPDATE `nlogin` SET `last_name` = 'ItzSammer', `unique_id` = a130978d5803371dab29c8f6ed7849bb,  `mojang_id` = null,  `bedrock_id` = null,  `password` = '$2a$10$XIwyRFUSP4TifbVnoP92l.aNeR1tn2MZ3CEB3y25gvrjwIuPfVLIS', `last_ip` = '0:0:0:0:0:0:0:1', `creation_date` = 2026-05-22 08:12:06.495, `last_seen` = 2026-06-19 04:02:18.66, `email` = null, `discord` = null, `settings` = '{"settings":[{"value":"en","key":"language"},{"value":"survival","key":"last-server"}],"version":0}' WHERE `ai` = 3" (applied to [last_seen, settings] columns)
[2026/06/19 04:02:29]: §3[nLogin] [DEBUG] [SQLite] [UPDATE]: "UPDATE `nlogin` SET `last_name` = 'ItzSammer', `unique_id` = a130978d5803371dab29c8f6ed7849bb,  `mojang_id` = null,  `bedrock_id` = null,  `password` = '$2a$10$XIwyRFUSP4TifbVnoP92l.aNeR1tn2MZ3CEB3y25gvrjwIuPfVLIS', `last_ip` = '0:0:0:0:0:0:0:1', `creation_date` = 2026-05-22 08:12:06.495, `last_seen` = 2026-06-19 04:02:29.278, `email` = null, `discord` = null, `settings` = '{"settings":[{"value":"en","key":"language"},{"value":"survival","key":"last-server"}],"version":0}' WHERE `ai` = 3" (applied to [last_ip, last_seen, settings] columns)
[2026/06/19 04:02:29]: [nLogin] The user ItzSammer has successfully logged in.
[2026/06/19 04:08:52]: §3[nLogin] [DEBUG] [SQLite] [UPDATE]: "UPDATE `nlogin` SET `last_name` = 'ItzSammer', `unique_id` = a130978d5803371dab29c8f6ed7849bb,  `mojang_id` = null,  `bedrock_id` = null,  `password` = '$2a$10$XIwyRFUSP4TifbVnoP92l.aNeR1tn2MZ3CEB3y25gvrjwIuPfVLIS', `last_ip` = '0:0:0:0:0:0:0:1', `creation_date` = 2026-05-22 08:12:06.495, `last_seen` = 2026-06-19 04:08:52.113, `email` = null, `discord` = null, `settings` = '{"settings":[{"value":"en","key":"language"},{"value":"survival","key":"last-server"}],"version":0}' WHERE `ai` = 3" (applied to [last_seen, settings] columns)
[2026/06/19 04:09:08]: §3[nLogin] [DEBUG] [SQLite] [UPDATE]: "UPDATE `nlogin` SET `last_name` = 'ItzSammer', `unique_id` = a130978d5803371dab29c8f6ed7849bb,  `mojang_id` = null,  `bedrock_id` = null,  `password` = '$2a$10$XIwyRFUSP4TifbVnoP92l.aNeR1tn2MZ3CEB3y25gvrjwIuPfVLIS', `last_ip` = '0:0:0:0:0:0:0:1', `creation_date` = 2026-05-22 08:12:06.495, `last_seen` = 2026-06-19 04:09:08.32, `email` = null, `discord` = null, `settings` = '{"settings":[{"value":"en","key":"language"},{"value":"survival","key":"last-server"}],"version":0}' WHERE `ai` = 3" (applied to [last_ip, last_seen, settings] columns)
[2026/06/19 04:09:08]: [nLogin] The user ItzSammer has successfully logged in.
[2026/06/19 04:17:44]: §3[nLogin] [DEBUG] [SQLite] [UPDATE]: "UPDATE `nlogin` SET `last_name` = 'Syntaxsavy', `unique_id` = aa232e413abb3d708075301c7e809f31,  `mojang_id` = null,  `bedrock_id` = null,  `password` = '$2a$10$.ljYOee/FJ43P4ki0DC4Ruya8j2EqpY5NrBAxmn5Rubce.lktv4a6', `last_ip` = '0:0:0:0:0:0:0:1', `creation_date` = 2026-05-23 12:18:00.346, `last_seen` = 2026-06-19 04:17:44.894, `email` = null, `discord` = null, `settings` = '{"settings":[{"value":"survival","key":"last-server"},{"value":"en","key":"language"}],"version":0}' WHERE `ai` = 5" (applied to [last_seen, settings] columns)
[2026/06/19 04:17:50]: §3[nLogin] [DEBUG] [SQLite] [UPDATE]: "UPDATE `nlogin` SET `last_name` = 'The_Unknown_King', `unique_id` = 2dde329b7ccb3316b0f79aaebf9fc51f,  `mojang_id` = null,  `bedrock_id` = null,  `password` = '$2a$10$Sk/DTBOR.cFivC/XB5C.teu/5pdWhfNWIcrCLAbyDBZ/c/e.Sr52q', `last_ip` = '0:0:0:0:0:0:0:1', `creation_date` = 2026-06-15 02:11:53.78, `last_seen` = 2026-06-19 04:17:50.055, `email` = null, `discord` = null, `settings` = '{"settings":[{"value":"survival","key":"last-server"},{"value":"en","key":"language"}],"version":0}' WHERE `ai` = 14" (applied to [last_seen, settings] columns)
[2026/06/19 04:17:53]: §3[nLogin] [DEBUG] [SQLite] [UPDATE]: "UPDATE `nlogin` SET `last_name` = 'nivinpro9', `unique_id` = 4df1ec90be0f38db83238a7809fc8069,  `mojang_id` = null,  `bedrock_id` = null,  `password` = '$2a$10$wb77FapEGHCoOMw2wLWV/u5AXgdz9CauOIj8/e6EUKxxBiDM3bcpW', `last_ip` = '0:0:0:0:0:0:0:1', `creation_date` = 2026-05-22 08:11:01.355, `last_seen` = 2026-06-19 04:17:53.174, `email` = null, `discord` = null, `settings` = '{"settings":[{"value":"survival","key":"last-server"},{"value":"en","key":"language"}],"version":0}' WHERE `ai` = 2" (applied to [last_seen, settings] columns)
[2026/06/19 04:18:02]: §3[nLogin] [DEBUG] [SQLite] [UPDATE]: "UPDATE `nlogin` SET `last_name` = 'ItzSammer', `unique_id` = a130978d5803371dab29c8f6ed7849bb,  `mojang_id` = null,  `bedrock_id` = null,  `password` = '$2a$10$XIwyRFUSP4TifbVnoP92l.aNeR1tn2MZ3CEB3y25gvrjwIuPfVLIS', `last_ip` = '0:0:0:0:0:0:0:1', `creation_date` = 2026-05-22 08:12:06.495, `last_seen` = 2026-06-19 04:18:02.124, `email` = null, `discord` = null, `settings` = '{"settings":[{"value":"en","key":"language"},{"value":"survival","key":"last-server"}],"version":0}' WHERE `ai` = 3" (applied to [last_seen, settings] columns)
[2026/06/19 04:26:55]: §3[nLogin] [DEBUG] [SQLite] [UPDATE]: "UPDATE `nlogin` SET `last_name` = 'Unknown_Star_', `unique_id` = 81155c9ceacb3c44b91a51deba900f9c,  `mojang_id` = null,  `bedrock_id` = null,  `password` = '$2a$10$3NvdxsRYlYHMjmQXi4bV2uUWMkYZsfAmI46SZT9JyJN/w2oMy1.T2', `last_ip` = '0:0:0:0:0:0:0:1', `creation_date` = 2026-06-18 00:55:24.387, `last_seen` = 2026-06-19 04:26:55.076, `email` = null, `discord` = null, `settings` = '{"settings":[{"value":"auth","key":"last-server"},{"value":"en","key":"language"}],"version":0}' WHERE `ai` = 16" (applied to [last_ip, last_seen, settings] columns)
[2026/06/19 04:26:55]: [nLogin] The user Unknown_Star_ has successfully logged in.
[2026/06/19 04:26:58]: §3[nLogin] [DEBUG] [SQLite] [UPDATE]: "UPDATE `nlogin` SET `last_name` = 'Unknown_Star_', `unique_id` = 81155c9ceacb3c44b91a51deba900f9c,  `mojang_id` = null,  `bedrock_id` = null,  `password` = '$2a$10$3NvdxsRYlYHMjmQXi4bV2uUWMkYZsfAmI46SZT9JyJN/w2oMy1.T2', `last_ip` = '0:0:0:0:0:0:0:1', `creation_date` = 2026-06-18 00:55:24.387, `last_seen` = 2026-06-19 04:26:58.788, `email` = null, `discord` = null, `settings` = '{"settings":[{"value":"auth","key":"last-server"},{"value":"en","key":"language"}],"version":0}' WHERE `ai` = 16" (applied to [last_seen, settings] columns)
[2026/06/19 04:27:13]: §3[nLogin] [DEBUG] [SQLite] [UPDATE]: "UPDATE `nlogin` SET `last_name` = 'Starlet2428', `unique_id` = a161b446a0643173b24c932f0a76d6fb,  `mojang_id` = null,  `bedrock_id` = null,  `password` = '$2a$10$5up0jXvoXXM0.HjHN9zzEehbcxAYGSQg95mg9OLjbI3QJx.GTqFJK', `last_ip` = '0:0:0:0:0:0:0:1', `creation_date` = 2026-06-05 07:17:57.702, `last_seen` = 2026-06-19 04:27:13.817, `email` = null, `discord` = null, `settings` = '{"settings":[{"value":"survival","key":"last-server"},{"value":"en","key":"language"}],"version":0}' WHERE `ai` = 9" (applied to [last_ip, last_seen, settings] columns)
[2026/06/19 04:27:13]: [nLogin] The user Starlet2428 has successfully logged in.
[2026/06/19 04:27:37]: §3[nLogin] [DEBUG] [SQLite] [UPDATE]: "UPDATE `nlogin` SET `last_name` = 'nivinpro9', `unique_id` = 4df1ec90be0f38db83238a7809fc8069,  `mojang_id` = null,  `bedrock_id` = null,  `password` = '$2a$10$wb77FapEGHCoOMw2wLWV/u5AXgdz9CauOIj8/e6EUKxxBiDM3bcpW', `last_ip` = '0:0:0:0:0:0:0:1', `creation_date` = 2026-05-22 08:11:01.355, `last_seen` = 2026-06-19 04:27:37.694, `email` = null, `discord` = null, `settings` = '{"settings":[{"value":"survival","key":"last-server"},{"value":"en","key":"language"}],"version":0}' WHERE `ai` = 2" (applied to [last_ip, last_seen, settings] columns)
[2026/06/19 04:27:37]: [nLogin] The user nivinpro9 has successfully logged in.
[2026/06/19 04:34:34]: §3[nLogin] [DEBUG] [SQLite] [UPDATE]: "UPDATE `nlogin` SET `last_name` = 'Starlet2428', `unique_id` = a161b446a0643173b24c932f0a76d6fb,  `mojang_id` = null,  `bedrock_id` = null,  `password` = '$2a$10$5up0jXvoXXM0.HjHN9zzEehbcxAYGSQg95mg9OLjbI3QJx.GTqFJK', `last_ip` = '0:0:0:0:0:0:0:1', `creation_date` = 2026-06-05 07:17:57.702, `last_seen` = 2026-06-19 04:34:34.678, `email` = null, `discord` = null, `settings` = '{"settings":[{"value":"survival","key":"last-server"},{"value":"en","key":"language"}],"version":0}' WHERE `ai` = 9" (applied to [last_seen, settings] columns)
[2026/06/19 04:34:42]: §3[nLogin] [DEBUG] The Starlet2428 (0:0:0:0:0:0:0:1) player entered an incorrect password
[2026/06/19 04:34:48]: §3[nLogin] [DEBUG] [SQLite] [UPDATE]: "UPDATE `nlogin` SET `last_name` = 'Starlet2428', `unique_id` = a161b446a0643173b24c932f0a76d6fb,  `mojang_id` = null,  `bedrock_id` = null,  `password` = '$2a$10$5up0jXvoXXM0.HjHN9zzEehbcxAYGSQg95mg9OLjbI3QJx.GTqFJK', `last_ip` = '0:0:0:0:0:0:0:1', `creation_date` = 2026-06-05 07:17:57.702, `last_seen` = 2026-06-19 04:34:48.968, `email` = null, `discord` = null, `settings` = '{"settings":[{"value":"survival","key":"last-server"},{"value":"en","key":"language"}],"version":0}' WHERE `ai` = 9" (applied to [last_ip, last_seen, settings] columns)
[2026/06/19 04:34:48]: [nLogin] The user Starlet2428 has successfully logged in.
