[2026/07/14 12:54:05]: §9          __             _       
[2026/07/14 12:54:05]: §9  _ __   / /  ___   __ _(_)_ __  
[2026/07/14 12:54:05]: §9 | '_ \ / /  / _ \ / _` | | '_ \ 
[2026/07/14 12:54:05]: §9 | | | / /__| (_) | (_| | | | | |
[2026/07/14 12:54:05]: §9 |_| |_\____/\___/ \__, |_|_| |_|
[2026/07/14 12:54:05]: §9                  |___/            
[2026/07/14 12:54:05]: §9 By: www.nickuc.com - V 10.4.27
[2026/07/14 12:54:05]: §9 
[2026/07/14 12:54:05]: §3[nLogin] [DEBUG] All settings were loaded in 398 ms.
[2026/07/14 12:54:05]: §3[nLogin] [DEBUG] Loading the messages_en.yml message file...
[2026/07/14 12:54:05]: §3[nLogin] [DEBUG] All plugin messages were loaded in 167 ms (languageByClient=false).
[2026/07/14 12:54:05]: §3[nLogin] [DEBUG] All proxy settings were loaded in 18 ms.
[2026/07/14 12:54:06]: §3[nLogin] [DEBUG] Loading database...
[2026/07/14 12:54:06]: §3[nLogin] [DEBUG] Starting logger filter...
[2026/07/14 12:54:11]: 
[2026/07/14 12:54:12]:  §bThank you so much for choosing nLogin! §4<3
[2026/07/14 12:54:12]: 
[2026/07/14 12:54:12]:  §4For your safety, please read the message below:
[2026/07/14 12:54:12]:   §cNever download nLogin from unknown sources.
[2026/07/14 12:54:12]:   §cA modified version may contain malicious software.
[2026/07/14 12:54:12]: 
[2026/07/14 12:54:12]:  §3Trusted sources:
[2026/07/14 12:54:12]:   §bwww.nickuc.com
[2026/07/14 12:54:12]:   §bwww.github.com/nickuc
[2026/07/14 12:54:12]:   §bOpeNLogin installer (from Spigot or GitHub)
[2026/07/14 12:54:12]: 
[2026/07/14 12:54:12]:  §3Official support channels:
[2026/07/14 12:54:12]:   §bDiscord group: §fwww.nickuc.com/discord
[2026/07/14 12:54:12]:   §bDocumentation: §fdocs.nickuc.com/nlogin/
[2026/07/14 12:54:12]:   §bEmail: §fsupport@nickuc.com
[2026/07/14 12:54:12]:   §bYouTube: §fyoutube.com/nickuc
[2026/07/14 12:54:12]: 
[2026/07/14 12:54:12]:  §eTo remove this warning, log in with "nlogin.admin" permission on the server
[2026/07/14 12:54:12]:  §eand click the "Setup plugin" button to configure your plugin.
[2026/07/14 12:54:12]: 
[2026/07/14 12:55:06]: §3[nLogin] [DEBUG] [SQLite] [UPDATE]: "UPDATE `nlogin` SET `last_name` = 'ItzSammer', `unique_id` = a130978d5803371dab29c8f6ed7849bb,  `mojang_id` = null,  `bedrock_id` = null,  `password` = '$2a$10$XIwyRFUSP4TifbVnoP92l.aNeR1tn2MZ3CEB3y25gvrjwIuPfVLIS', `last_ip` = '0:0:0:0:0:0:0:1', `creation_date` = 2026-05-22 08:12:06.495, `last_seen` = 2026-07-14 12:55:06.617, `email` = null, `discord` = null, `settings` = '{"settings":[{"value":"en","key":"language"},{"value":"auth","key":"last-server"}],"version":0}' WHERE `ai` = 3" (applied to [last_ip, last_seen, settings] columns)
[2026/07/14 12:55:06]: [nLogin] The user ItzSammer has successfully logged in.
[2026/07/14 13:01:08]: §3[nLogin] [DEBUG] [SQLite] [UPDATE]: "UPDATE `nlogin` SET `last_name` = 'ItzSammer', `unique_id` = a130978d5803371dab29c8f6ed7849bb,  `mojang_id` = null,  `bedrock_id` = null,  `password` = '$2a$10$XIwyRFUSP4TifbVnoP92l.aNeR1tn2MZ3CEB3y25gvrjwIuPfVLIS', `last_ip` = '0:0:0:0:0:0:0:1', `creation_date` = 2026-05-22 08:12:06.495, `last_seen` = 2026-07-14 13:01:08.282, `email` = null, `discord` = null, `settings` = '{"settings":[{"value":"en","key":"language"},{"value":"survival","key":"last-server"}],"version":0}' WHERE `ai` = 3" (applied to [last_seen, settings] columns)
[2026/07/14 13:01:20]: §3[nLogin] [DEBUG] [SQLite] [UPDATE]: "UPDATE `nlogin` SET `last_name` = 'ItzSammer', `unique_id` = a130978d5803371dab29c8f6ed7849bb,  `mojang_id` = null,  `bedrock_id` = null,  `password` = '$2a$10$XIwyRFUSP4TifbVnoP92l.aNeR1tn2MZ3CEB3y25gvrjwIuPfVLIS', `last_ip` = '0:0:0:0:0:0:0:1', `creation_date` = 2026-05-22 08:12:06.495, `last_seen` = 2026-07-14 13:01:20.725, `email` = null, `discord` = null, `settings` = '{"settings":[{"value":"en","key":"language"},{"value":"survival","key":"last-server"}],"version":0}' WHERE `ai` = 3" (applied to [last_ip, last_seen, settings] columns)
[2026/07/14 13:01:20]: [nLogin] The user ItzSammer has successfully logged in.
[2026/07/14 13:23:47]: §3[nLogin] [DEBUG] [SQLite] [UPDATE]: "UPDATE `nlogin` SET `last_name` = 'ItzSammer', `unique_id` = a130978d5803371dab29c8f6ed7849bb,  `mojang_id` = null,  `bedrock_id` = null,  `password` = '$2a$10$XIwyRFUSP4TifbVnoP92l.aNeR1tn2MZ3CEB3y25gvrjwIuPfVLIS', `last_ip` = '0:0:0:0:0:0:0:1', `creation_date` = 2026-05-22 08:12:06.495, `last_seen` = 2026-07-14 13:23:47.751, `email` = null, `discord` = null, `settings` = '{"settings":[{"value":"en","key":"language"},{"value":"survival","key":"last-server"}],"version":0}' WHERE `ai` = 3" (applied to [last_seen, settings] columns)
[2026/07/14 13:28:52]: §3[nLogin] [DEBUG] [SQLite] [UPDATE]: "UPDATE `nlogin` SET `last_name` = 'ItzSammer', `unique_id` = a130978d5803371dab29c8f6ed7849bb,  `mojang_id` = null,  `bedrock_id` = null,  `password` = '$2a$10$XIwyRFUSP4TifbVnoP92l.aNeR1tn2MZ3CEB3y25gvrjwIuPfVLIS', `last_ip` = '0:0:0:0:0:0:0:1', `creation_date` = 2026-05-22 08:12:06.495, `last_seen` = 2026-07-14 13:28:52.157, `email` = null, `discord` = null, `settings` = '{"settings":[{"value":"en","key":"language"},{"value":"survival","key":"last-server"}],"version":0}' WHERE `ai` = 3" (applied to [last_ip, last_seen, settings] columns)
[2026/07/14 13:28:52]: [nLogin] The user ItzSammer has successfully logged in.
[2026/07/14 13:40:43]: §3[nLogin] [DEBUG] [SQLite] [UPDATE]: "UPDATE `nlogin` SET `last_name` = 'ItzSammer', `unique_id` = a130978d5803371dab29c8f6ed7849bb,  `mojang_id` = null,  `bedrock_id` = null,  `password` = '$2a$10$XIwyRFUSP4TifbVnoP92l.aNeR1tn2MZ3CEB3y25gvrjwIuPfVLIS', `last_ip` = '0:0:0:0:0:0:0:1', `creation_date` = 2026-05-22 08:12:06.495, `last_seen` = 2026-07-14 13:40:43.333, `email` = null, `discord` = null, `settings` = '{"settings":[{"value":"en","key":"language"},{"value":"survival","key":"last-server"}],"version":0}' WHERE `ai` = 3" (applied to [last_seen, settings] columns)
[2026/07/14 13:40:43]: [nLogin] Successful plugin core shutdown (took 0.03s)
