[2026/05/23 06:37:52]: §9          __             _       
[2026/05/23 06:37:52]: §9  _ __   / /  ___   __ _(_)_ __  
[2026/05/23 06:37:52]: §9 | '_ \ / /  / _ \ / _` | | '_ \ 
[2026/05/23 06:37:52]: §9 | | | / /__| (_) | (_| | | | | |
[2026/05/23 06:37:52]: §9 |_| |_\____/\___/ \__, |_|_| |_|
[2026/05/23 06:37:52]: §9                  |___/            
[2026/05/23 06:37:52]: §9 By: www.nickuc.com - V 10.4.23
[2026/05/23 06:37:52]: §9 
[2026/05/23 06:37:53]: §3[nLogin] [DEBUG] All settings were loaded in 465 ms.
[2026/05/23 06:37:53]: §3[nLogin] [DEBUG] Loading the messages_en.yml message file...
[2026/05/23 06:37:53]: §3[nLogin] [DEBUG] All plugin messages were loaded in 138 ms (languageByClient=false).
[2026/05/23 06:37:53]: §3[nLogin] [DEBUG] All proxy settings were loaded in 53 ms.
[2026/05/23 06:37:53]: §3[nLogin] [DEBUG] Loading database...
[2026/05/23 06:37:54]: §3[nLogin] [DEBUG] Starting logger filter...
[2026/05/23 06:37:59]: 
[2026/05/23 06:37:59]:  §bThank you so much for choosing nLogin! §4<3
[2026/05/23 06:37:59]: 
[2026/05/23 06:37:59]:  §4For your safety, please read the message below:
[2026/05/23 06:37:59]:   §cNever download nLogin from unknown sources.
[2026/05/23 06:37:59]:   §cA modified version may contain malicious software.
[2026/05/23 06:37:59]: 
[2026/05/23 06:37:59]:  §3Trusted sources:
[2026/05/23 06:37:59]:   §bwww.nickuc.com
[2026/05/23 06:37:59]:   §bwww.github.com/nickuc
[2026/05/23 06:37:59]:   §bOpeNLogin installer (from Spigot or GitHub)
[2026/05/23 06:37:59]: 
[2026/05/23 06:37:59]:  §3Official support channels:
[2026/05/23 06:37:59]:   §bDiscord group: §fwww.nickuc.com/discord
[2026/05/23 06:37:59]:   §bDocumentation: §fdocs.nickuc.com/nlogin/
[2026/05/23 06:37:59]:   §bEmail: §fsupport@nickuc.com
[2026/05/23 06:37:59]:   §bYouTube: §fyoutube.com/nickuc
[2026/05/23 06:37:59]: 
[2026/05/23 06:37:59]:  §eTo remove this warning, log in with "nlogin.admin" permission on the server
[2026/05/23 06:37:59]:  §eand click the "Setup plugin" button to configure your plugin.
[2026/05/23 06:37:59]: 
[2026/05/23 06:40:16]: §3[nLogin] [DEBUG] [SQLite] [UPDATE]: "UPDATE `nlogin` SET `last_name` = 'ItzSammer', `unique_id` = a130978d5803371dab29c8f6ed7849bb,  `mojang_id` = null,  `bedrock_id` = null,  `password` = '$2a$10$XIwyRFUSP4TifbVnoP92l.aNeR1tn2MZ3CEB3y25gvrjwIuPfVLIS', `last_ip` = '0:0:0:0:0:0:0:1', `creation_date` = 2026-05-22 08:12:06.495, `last_seen` = 2026-05-23 06:40:16.122, `email` = null, `discord` = null, `settings` = '{"settings":[{"value":"en","key":"language"},{"value":"survival","key":"last-server"}],"version":0}' WHERE `ai` = 3" (applied to [last_ip, last_seen, settings] columns)
[2026/05/23 06:40:16]: [nLogin] The user ItzSammer has successfully logged in.
[2026/05/23 06:42:04]: §3[nLogin] [DEBUG] [SQLite] [UPDATE]: "UPDATE `nlogin` SET `last_name` = 'nivinpro9', `unique_id` = 4df1ec90be0f38db83238a7809fc8069,  `mojang_id` = null,  `bedrock_id` = null,  `password` = '$2a$10$wb77FapEGHCoOMw2wLWV/u5AXgdz9CauOIj8/e6EUKxxBiDM3bcpW', `last_ip` = '0:0:0:0:0:0:0:1', `creation_date` = 2026-05-22 08:11:01.355, `last_seen` = 2026-05-23 06:42:04.655, `email` = null, `discord` = null, `settings` = '{"settings":[{"value":"auth","key":"last-server"},{"value":"en","key":"language"}],"version":0}' WHERE `ai` = 2" (applied to [last_ip, last_seen, settings] columns)
[2026/05/23 06:42:04]: [nLogin] The user nivinpro9 has successfully logged in.
[2026/05/23 06:45:25]: §3[nLogin] [DEBUG] [SQLite] [UPDATE]: "UPDATE `nlogin` SET `last_name` = 'DoctorrMomo', `unique_id` = 1761bae3efb93a39b93a4b2fed96d855,  `mojang_id` = null,  `bedrock_id` = null,  `password` = '$2a$10$xS2ILb3eetTGPuw3bXCF1.BnZdCXddXp.TczC14hOnPpnMu2yoc52', `last_ip` = '0:0:0:0:0:0:0:1', `creation_date` = 2026-05-22 10:14:53.931, `last_seen` = 2026-05-23 06:45:25.477, `email` = null, `discord` = null, `settings` = '{"settings":[{"value":"survival","key":"last-server"},{"value":"en","key":"language"}],"version":0}' WHERE `ai` = 4" (applied to [last_ip, last_seen, settings] columns)
[2026/05/23 06:45:25]: [nLogin] The user DoctorrMomo has successfully logged in.
[2026/05/23 06:46:43]: §3[nLogin] [DEBUG] [SQLite] [UPDATE]: "UPDATE `nlogin` SET `last_name` = 'nivinpro9', `unique_id` = 4df1ec90be0f38db83238a7809fc8069,  `mojang_id` = null,  `bedrock_id` = null,  `password` = '$2a$10$wb77FapEGHCoOMw2wLWV/u5AXgdz9CauOIj8/e6EUKxxBiDM3bcpW', `last_ip` = '0:0:0:0:0:0:0:1', `creation_date` = 2026-05-22 08:11:01.355, `last_seen` = 2026-05-23 06:46:43.699, `email` = null, `discord` = null, `settings` = '{"settings":[{"value":"survival","key":"last-server"},{"value":"en","key":"language"}],"version":0}' WHERE `ai` = 2" (applied to [last_seen, settings] columns)
[2026/05/23 06:46:48]: §3[nLogin] [DEBUG] [SQLite] [UPDATE]: "UPDATE `nlogin` SET `last_name` = 'nivinpro9', `unique_id` = 4df1ec90be0f38db83238a7809fc8069,  `mojang_id` = null,  `bedrock_id` = null,  `password` = '$2a$10$wb77FapEGHCoOMw2wLWV/u5AXgdz9CauOIj8/e6EUKxxBiDM3bcpW', `last_ip` = '0:0:0:0:0:0:0:1', `creation_date` = 2026-05-22 08:11:01.355, `last_seen` = 2026-05-23 06:46:48.23, `email` = null, `discord` = null, `settings` = '{"settings":[{"value":"survival","key":"last-server"},{"value":"en","key":"language"}],"version":0}' WHERE `ai` = 2" (applied to [last_ip, last_seen, settings] columns)
[2026/05/23 06:46:48]: [nLogin] The user nivinpro9 has successfully logged in.
[2026/05/23 06:49:29]: §3[nLogin] [DEBUG] [SQLite] [UPDATE]: "UPDATE `nlogin` SET `last_name` = 'ItzSammer', `unique_id` = a130978d5803371dab29c8f6ed7849bb,  `mojang_id` = null,  `bedrock_id` = null,  `password` = '$2a$10$XIwyRFUSP4TifbVnoP92l.aNeR1tn2MZ3CEB3y25gvrjwIuPfVLIS', `last_ip` = '0:0:0:0:0:0:0:1', `creation_date` = 2026-05-22 08:12:06.495, `last_seen` = 2026-05-23 06:49:29.731, `email` = null, `discord` = null, `settings` = '{"settings":[{"value":"en","key":"language"},{"value":"survival","key":"last-server"}],"version":0}' WHERE `ai` = 3" (applied to [last_seen, settings] columns)
