[2026/07/08 11:15:18]: §9          __             _       
[2026/07/08 11:15:18]: §9  _ __   / /  ___   __ _(_)_ __  
[2026/07/08 11:15:18]: §9 | '_ \ / /  / _ \ / _` | | '_ \ 
[2026/07/08 11:15:18]: §9 | | | / /__| (_) | (_| | | | | |
[2026/07/08 11:15:18]: §9 |_| |_\____/\___/ \__, |_|_| |_|
[2026/07/08 11:15:18]: §9                  |___/            
[2026/07/08 11:15:18]: §9 By: www.nickuc.com - V 10.4.27
[2026/07/08 11:15:18]: §9 
[2026/07/08 11:15:19]: §3[nLogin] [DEBUG] All settings were loaded in 374 ms.
[2026/07/08 11:15:19]: §3[nLogin] [DEBUG] Loading the messages_en.yml message file...
[2026/07/08 11:15:19]: §3[nLogin] [DEBUG] All plugin messages were loaded in 144 ms (languageByClient=false).
[2026/07/08 11:15:19]: §3[nLogin] [DEBUG] All proxy settings were loaded in 21 ms.
[2026/07/08 11:15:19]: §3[nLogin] [DEBUG] Loading database...
[2026/07/08 11:15:20]: §3[nLogin] [DEBUG] Starting logger filter...
[2026/07/08 11:15:25]: 
[2026/07/08 11:15:25]:  §bThank you so much for choosing nLogin! §4<3
[2026/07/08 11:15:25]: 
[2026/07/08 11:15:25]:  §4For your safety, please read the message below:
[2026/07/08 11:15:25]:   §cNever download nLogin from unknown sources.
[2026/07/08 11:15:25]:   §cA modified version may contain malicious software.
[2026/07/08 11:15:25]: 
[2026/07/08 11:15:25]:  §3Trusted sources:
[2026/07/08 11:15:25]:   §bwww.nickuc.com
[2026/07/08 11:15:25]:   §bwww.github.com/nickuc
[2026/07/08 11:15:25]:   §bOpeNLogin installer (from Spigot or GitHub)
[2026/07/08 11:15:25]: 
[2026/07/08 11:15:25]:  §3Official support channels:
[2026/07/08 11:15:25]:   §bDiscord group: §fwww.nickuc.com/discord
[2026/07/08 11:15:25]:   §bDocumentation: §fdocs.nickuc.com/nlogin/
[2026/07/08 11:15:25]:   §bEmail: §fsupport@nickuc.com
[2026/07/08 11:15:25]:   §bYouTube: §fyoutube.com/nickuc
[2026/07/08 11:15:25]: 
[2026/07/08 11:15:25]:  §eTo remove this warning, log in with "nlogin.admin" permission on the server
[2026/07/08 11:15:25]:  §eand click the "Setup plugin" button to configure your plugin.
[2026/07/08 11:15:25]: 
[2026/07/08 11:15:58]: §3[nLogin] [DEBUG] The DoctorrMomo (0:0:0:0:0:0:0:1) player entered an incorrect password
[2026/07/08 11:16:09]: §3[nLogin] [DEBUG] [SQLite] [UPDATE]: "UPDATE `nlogin` SET `last_name` = 'DoctorrMomo', `unique_id` = 1761bae3efb93a39b93a4b2fed96d855,  `mojang_id` = null,  `bedrock_id` = null,  `password` = '$2a$10$xS2ILb3eetTGPuw3bXCF1.BnZdCXddXp.TczC14hOnPpnMu2yoc52', `last_ip` = '0:0:0:0:0:0:0:1', `creation_date` = 2026-05-22 10:14:53.931, `last_seen` = 2026-07-08 11:16:09.571, `email` = null, `discord` = null, `settings` = '{"settings":[{"value":"survival","key":"last-server"},{"value":"en","key":"language"}],"version":0}' WHERE `ai` = 4" (applied to [last_ip, last_seen, settings] columns)
[2026/07/08 11:16:09]: [nLogin] The user DoctorrMomo has successfully logged in.
[2026/07/08 11:16:19]: §3[nLogin] [DEBUG] [SQLite] [UPDATE]: "UPDATE `nlogin` SET `last_name` = 'DoctorrMomo', `unique_id` = 1761bae3efb93a39b93a4b2fed96d855,  `mojang_id` = null,  `bedrock_id` = null,  `password` = '$2a$10$xS2ILb3eetTGPuw3bXCF1.BnZdCXddXp.TczC14hOnPpnMu2yoc52', `last_ip` = '0:0:0:0:0:0:0:1', `creation_date` = 2026-05-22 10:14:53.931, `last_seen` = 2026-07-08 11:16:19.591, `email` = null, `discord` = null, `settings` = '{"settings":[{"value":"auth","key":"last-server"},{"value":"en","key":"language"}],"version":0}' WHERE `ai` = 4" (applied to [last_seen, settings] columns)
[2026/07/08 11:16:28]: §3[nLogin] [DEBUG] The DoctorrMomo (0:0:0:0:0:0:0:1) player entered an incorrect password
[2026/07/08 11:18:23]: §3[nLogin] [DEBUG] The DoctorrMomo (0:0:0:0:0:0:0:1) player entered an incorrect password
[2026/07/08 11:18:33]: §3[nLogin] [DEBUG] [SQLite] [UPDATE]: "UPDATE `nlogin` SET `last_name` = 'DoctorrMomo', `unique_id` = 1761bae3efb93a39b93a4b2fed96d855,  `mojang_id` = null,  `bedrock_id` = null,  `password` = '$2a$10$xS2ILb3eetTGPuw3bXCF1.BnZdCXddXp.TczC14hOnPpnMu2yoc52', `last_ip` = '0:0:0:0:0:0:0:1', `creation_date` = 2026-05-22 10:14:53.931, `last_seen` = 2026-07-08 11:18:33.809, `email` = null, `discord` = null, `settings` = '{"settings":[{"value":"auth","key":"last-server"},{"value":"en","key":"language"}],"version":0}' WHERE `ai` = 4" (applied to [last_ip, last_seen, settings] columns)
[2026/07/08 11:18:33]: [nLogin] The user DoctorrMomo has successfully logged in.
[2026/07/08 11:29:25]: §3[nLogin] [DEBUG] [SQLite] [UPDATE]: "UPDATE `nlogin` SET `last_name` = 'DoctorrMomo', `unique_id` = 1761bae3efb93a39b93a4b2fed96d855,  `mojang_id` = null,  `bedrock_id` = null,  `password` = '$2a$10$xS2ILb3eetTGPuw3bXCF1.BnZdCXddXp.TczC14hOnPpnMu2yoc52', `last_ip` = '0:0:0:0:0:0:0:1', `creation_date` = 2026-05-22 10:14:53.931, `last_seen` = 2026-07-08 11:29:25.541, `email` = null, `discord` = null, `settings` = '{"settings":[{"value":"survival","key":"last-server"},{"value":"en","key":"language"}],"version":0}' WHERE `ai` = 4" (applied to [last_seen, settings] columns)
[2026/07/08 11:42:15]: §3[nLogin] [DEBUG] [SQLite] [UPDATE]: "INSERT INTO `nlogin` (`last_name`, `unique_id`, `mojang_id`, `bedrock_id`, `password`, `last_ip`, `creation_date`, `last_seen`, `email`, `discord`, `settings`) VALUES ('ItzRealCluff', 6a1c40b4b1323c51aec0c2f0e55898ff, null, null, '$2a$10$TPGFpEovKasnDzZKNiYnU.5Ou5LdV0UG.dzeIFxlwVV2v.wq/qEE6', '0:0:0:0:0:0:0:1', '2026-07-08 11:42:15.534', '2026-07-08 11:42:15.534', null, null, '{"settings":[{"value":true,"key":"force-invalid-session"}],"version":0}')" (applied to all columns)
[2026/07/08 11:42:15]: [nLogin] The user ItzRealCluff has successfully registered.
[2026/07/08 11:42:29]: §3[nLogin] [DEBUG] [SQLite] [UPDATE]: "UPDATE `nlogin` SET `last_name` = 'ItzRealCluff', `unique_id` = 6a1c40b4b1323c51aec0c2f0e55898ff,  `mojang_id` = null,  `bedrock_id` = null,  `password` = '$2a$10$TPGFpEovKasnDzZKNiYnU.5Ou5LdV0UG.dzeIFxlwVV2v.wq/qEE6', `last_ip` = '0:0:0:0:0:0:0:1', `creation_date` = 2026-07-08 11:42:15.534, `last_seen` = 2026-07-08 11:42:29.324, `email` = null, `discord` = null, `settings` = '{"settings":[{"value":true,"key":"force-invalid-session"},{"value":"survival","key":"last-server"},{"value":"en","key":"language"}],"version":0}' WHERE `ai` = 20" (applied to [last_seen, settings] columns)
[2026/07/08 11:43:17]: §3[nLogin] [DEBUG] [SQLite] [UPDATE]: "UPDATE `nlogin` SET `last_name` = 'ItzSammer', `unique_id` = a130978d5803371dab29c8f6ed7849bb,  `mojang_id` = null,  `bedrock_id` = null,  `password` = '$2a$10$XIwyRFUSP4TifbVnoP92l.aNeR1tn2MZ3CEB3y25gvrjwIuPfVLIS', `last_ip` = '0:0:0:0:0:0:0:1', `creation_date` = 2026-05-22 08:12:06.495, `last_seen` = 2026-07-08 11:43:17.434, `email` = null, `discord` = null, `settings` = '{"settings":[{"value":"en","key":"language"},{"value":"survival","key":"last-server"}],"version":0}' WHERE `ai` = 3" (applied to [last_ip, last_seen, settings] columns)
[2026/07/08 11:43:17]: [nLogin] The user ItzSammer has successfully logged in.
[2026/07/08 11:43:29]: §3[nLogin] [DEBUG] [SQLite] [UPDATE]: "UPDATE `nlogin` SET `last_name` = 'ItzSammer', `unique_id` = a130978d5803371dab29c8f6ed7849bb,  `mojang_id` = null,  `bedrock_id` = null,  `password` = '$2a$10$XIwyRFUSP4TifbVnoP92l.aNeR1tn2MZ3CEB3y25gvrjwIuPfVLIS', `last_ip` = '0:0:0:0:0:0:0:1', `creation_date` = 2026-05-22 08:12:06.495, `last_seen` = 2026-07-08 11:43:29.815, `email` = null, `discord` = null, `settings` = '{"settings":[{"value":"en","key":"language"},{"value":"survival","key":"last-server"}],"version":0}' WHERE `ai` = 3" (applied to [last_seen, settings] columns)
[2026/07/08 11:46:38]: §3[nLogin] [DEBUG] [SQLite] [UPDATE]: "UPDATE `nlogin` SET `last_name` = 'ItzSammer', `unique_id` = a130978d5803371dab29c8f6ed7849bb,  `mojang_id` = null,  `bedrock_id` = null,  `password` = '$2a$10$XIwyRFUSP4TifbVnoP92l.aNeR1tn2MZ3CEB3y25gvrjwIuPfVLIS', `last_ip` = '0:0:0:0:0:0:0:1', `creation_date` = 2026-05-22 08:12:06.495, `last_seen` = 2026-07-08 11:46:38.331, `email` = null, `discord` = null, `settings` = '{"settings":[{"value":"en","key":"language"},{"value":"survival","key":"last-server"}],"version":0}' WHERE `ai` = 3" (applied to [last_ip, last_seen, settings] columns)
[2026/07/08 11:46:38]: [nLogin] The user ItzSammer has successfully logged in.
[2026/07/08 11:46:42]: §3[nLogin] [DEBUG] [SQLite] [UPDATE]: "UPDATE `nlogin` SET `last_name` = 'nivinpro9', `unique_id` = 4df1ec90be0f38db83238a7809fc8069,  `mojang_id` = null,  `bedrock_id` = null,  `password` = '$2a$10$wb77FapEGHCoOMw2wLWV/u5AXgdz9CauOIj8/e6EUKxxBiDM3bcpW', `last_ip` = '0:0:0:0:0:0:0:1', `creation_date` = 2026-05-22 08:11:01.355, `last_seen` = 2026-07-08 11:46:42.038, `email` = null, `discord` = null, `settings` = '{"settings":[{"value":"survival","key":"last-server"},{"value":"en","key":"language"}],"version":0}' WHERE `ai` = 2" (applied to [last_ip, last_seen, settings] columns)
[2026/07/08 11:46:42]: [nLogin] The user nivinpro9 has successfully logged in.
[2026/07/08 11:48:09]: §3[nLogin] [DEBUG] [SQLite] [UPDATE]: "UPDATE `nlogin` SET `last_name` = 'ItzSammer', `unique_id` = a130978d5803371dab29c8f6ed7849bb,  `mojang_id` = null,  `bedrock_id` = null,  `password` = '$2a$10$XIwyRFUSP4TifbVnoP92l.aNeR1tn2MZ3CEB3y25gvrjwIuPfVLIS', `last_ip` = '0:0:0:0:0:0:0:1', `creation_date` = 2026-05-22 08:12:06.495, `last_seen` = 2026-07-08 11:48:09.551, `email` = null, `discord` = null, `settings` = '{"settings":[{"value":"en","key":"language"},{"value":"survival","key":"last-server"}],"version":0}' WHERE `ai` = 3" (applied to [last_seen, settings] columns)
[2026/07/08 11:54:57]: §3[nLogin] [DEBUG] [SQLite] [UPDATE]: "UPDATE `nlogin` SET `last_name` = 'nivinpro9', `unique_id` = 4df1ec90be0f38db83238a7809fc8069,  `mojang_id` = null,  `bedrock_id` = null,  `password` = '$2a$10$wb77FapEGHCoOMw2wLWV/u5AXgdz9CauOIj8/e6EUKxxBiDM3bcpW', `last_ip` = '0:0:0:0:0:0:0:1', `creation_date` = 2026-05-22 08:11:01.355, `last_seen` = 2026-07-08 11:54:57.497, `email` = null, `discord` = null, `settings` = '{"settings":[{"value":"survival","key":"last-server"},{"value":"en","key":"language"}],"version":0}' WHERE `ai` = 2" (applied to [last_seen, settings] columns)
[2026/07/08 12:10:43]: §3[nLogin] [DEBUG] [SQLite] [UPDATE]: "UPDATE `nlogin` SET `last_name` = 'nivinpro9', `unique_id` = 4df1ec90be0f38db83238a7809fc8069,  `mojang_id` = null,  `bedrock_id` = null,  `password` = '$2a$10$wb77FapEGHCoOMw2wLWV/u5AXgdz9CauOIj8/e6EUKxxBiDM3bcpW', `last_ip` = '0:0:0:0:0:0:0:1', `creation_date` = 2026-05-22 08:11:01.355, `last_seen` = 2026-07-08 12:10:43.815, `email` = null, `discord` = null, `settings` = '{"settings":[{"value":"survival","key":"last-server"},{"value":"en","key":"language"}],"version":0}' WHERE `ai` = 2" (applied to [last_ip, last_seen, settings] columns)
[2026/07/08 12:10:43]: [nLogin] The user nivinpro9 has successfully logged in.
[2026/07/08 12:11:00]: §3[nLogin] [DEBUG] [SQLite] [UPDATE]: "UPDATE `nlogin` SET `last_name` = 'DoctorrMomo', `unique_id` = 1761bae3efb93a39b93a4b2fed96d855,  `mojang_id` = null,  `bedrock_id` = null,  `password` = '$2a$10$xS2ILb3eetTGPuw3bXCF1.BnZdCXddXp.TczC14hOnPpnMu2yoc52', `last_ip` = '0:0:0:0:0:0:0:1', `creation_date` = 2026-05-22 10:14:53.931, `last_seen` = 2026-07-08 12:11:00.894, `email` = null, `discord` = null, `settings` = '{"settings":[{"value":"survival","key":"last-server"},{"value":"en","key":"language"}],"version":0}' WHERE `ai` = 4" (applied to [last_ip, last_seen, settings] columns)
[2026/07/08 12:11:00]: [nLogin] The user DoctorrMomo has successfully logged in.
[2026/07/08 12:22:24]: §3[nLogin] [DEBUG] [SQLite] [UPDATE]: "UPDATE `nlogin` SET `last_name` = 'nivinpro9', `unique_id` = 4df1ec90be0f38db83238a7809fc8069,  `mojang_id` = null,  `bedrock_id` = null,  `password` = '$2a$10$wb77FapEGHCoOMw2wLWV/u5AXgdz9CauOIj8/e6EUKxxBiDM3bcpW', `last_ip` = '0:0:0:0:0:0:0:1', `creation_date` = 2026-05-22 08:11:01.355, `last_seen` = 2026-07-08 12:22:24.675, `email` = null, `discord` = null, `settings` = '{"settings":[{"value":"survival","key":"last-server"},{"value":"en","key":"language"}],"version":0}' WHERE `ai` = 2" (applied to [last_seen, settings] columns)
[2026/07/08 12:28:28]: §3[nLogin] [DEBUG] [SQLite] [UPDATE]: "UPDATE `nlogin` SET `last_name` = 'DoctorrMomo', `unique_id` = 1761bae3efb93a39b93a4b2fed96d855,  `mojang_id` = null,  `bedrock_id` = null,  `password` = '$2a$10$xS2ILb3eetTGPuw3bXCF1.BnZdCXddXp.TczC14hOnPpnMu2yoc52', `last_ip` = '0:0:0:0:0:0:0:1', `creation_date` = 2026-05-22 10:14:53.931, `last_seen` = 2026-07-08 12:28:28.861, `email` = null, `discord` = null, `settings` = '{"settings":[{"value":"survival","key":"last-server"},{"value":"en","key":"language"}],"version":0}' WHERE `ai` = 4" (applied to [last_seen, settings] columns)
