[2026/05/23 05:22:50]: §9          __             _       
[2026/05/23 05:22:50]: §9  _ __   / /  ___   __ _(_)_ __  
[2026/05/23 05:22:50]: §9 | '_ \ / /  / _ \ / _` | | '_ \ 
[2026/05/23 05:22:50]: §9 | | | / /__| (_) | (_| | | | | |
[2026/05/23 05:22:50]: §9 |_| |_\____/\___/ \__, |_|_| |_|
[2026/05/23 05:22:50]: §9                  |___/            
[2026/05/23 05:22:50]: §9 By: www.nickuc.com - V 10.4.23
[2026/05/23 05:22:50]: §9 
[2026/05/23 05:22:50]: §3[nLogin] [DEBUG] All settings were loaded in 393 ms.
[2026/05/23 05:22:50]: §3[nLogin] [DEBUG] Loading the messages_en.yml message file...
[2026/05/23 05:22:50]: §3[nLogin] [DEBUG] All plugin messages were loaded in 102 ms (languageByClient=false).
[2026/05/23 05:22:51]: §3[nLogin] [DEBUG] All proxy settings were loaded in 20 ms.
[2026/05/23 05:22:51]: §3[nLogin] [DEBUG] Loading database...
[2026/05/23 05:22:51]: §3[nLogin] [DEBUG] Starting logger filter...
[2026/05/23 05:22:56]: 
[2026/05/23 05:22:56]:  §bThank you so much for choosing nLogin! §4<3
[2026/05/23 05:22:56]: 
[2026/05/23 05:22:56]:  §4For your safety, please read the message below:
[2026/05/23 05:22:56]:   §cNever download nLogin from unknown sources.
[2026/05/23 05:22:56]:   §cA modified version may contain malicious software.
[2026/05/23 05:22:56]: 
[2026/05/23 05:22:56]:  §3Trusted sources:
[2026/05/23 05:22:56]:   §bwww.nickuc.com
[2026/05/23 05:22:56]:   §bwww.github.com/nickuc
[2026/05/23 05:22:56]:   §bOpeNLogin installer (from Spigot or GitHub)
[2026/05/23 05:22:56]: 
[2026/05/23 05:22:56]:  §3Official support channels:
[2026/05/23 05:22:56]:   §bDiscord group: §fwww.nickuc.com/discord
[2026/05/23 05:22:56]:   §bDocumentation: §fdocs.nickuc.com/nlogin/
[2026/05/23 05:22:56]:   §bEmail: §fsupport@nickuc.com
[2026/05/23 05:22:56]:   §bYouTube: §fyoutube.com/nickuc
[2026/05/23 05:22:56]: 
[2026/05/23 05:22:56]:  §eTo remove this warning, log in with "nlogin.admin" permission on the server
[2026/05/23 05:22:56]:  §eand click the "Setup plugin" button to configure your plugin.
[2026/05/23 05:22:56]: 
[2026/05/23 05:23:10]: §3[nLogin] [DEBUG] [SQLite] [UPDATE]: "UPDATE `nlogin` SET `last_name` = 'nivinpro9', `unique_id` = 4df1ec90be0f38db83238a7809fc8069,  `mojang_id` = null,  `bedrock_id` = null,  `password` = '$2a$10$wb77FapEGHCoOMw2wLWV/u5AXgdz9CauOIj8/e6EUKxxBiDM3bcpW', `last_ip` = '0:0:0:0:0:0:0:1', `creation_date` = 2026-05-22 08:11:01.355, `last_seen` = 2026-05-23 05:23:10.245, `email` = null, `discord` = null, `settings` = '{"settings":[{"value":"survival","key":"last-server"},{"value":"en","key":"language"}],"version":0}' WHERE `ai` = 2" (applied to [last_ip, last_seen, settings] columns)
[2026/05/23 05:23:10]: [nLogin] The user nivinpro9 has successfully logged in.
[2026/05/23 05:23:23]: §3[nLogin] [DEBUG] [SQLite] [UPDATE]: "UPDATE `nlogin` SET `last_name` = 'nivinpro9', `unique_id` = 4df1ec90be0f38db83238a7809fc8069,  `mojang_id` = null,  `bedrock_id` = null,  `password` = '$2a$10$wb77FapEGHCoOMw2wLWV/u5AXgdz9CauOIj8/e6EUKxxBiDM3bcpW', `last_ip` = '0:0:0:0:0:0:0:1', `creation_date` = 2026-05-22 08:11:01.355, `last_seen` = 2026-05-23 05:23:23.258, `email` = null, `discord` = null, `settings` = '{"settings":[{"value":"auth","key":"last-server"},{"value":"en","key":"language"}],"version":0}' WHERE `ai` = 2" (applied to [last_seen, settings] columns)
[2026/05/23 05:23:24]: §3[nLogin] [DEBUG] [SQLite] [UPDATE]: "UPDATE `nlogin` SET `last_name` = 'ItzSammer', `unique_id` = a130978d5803371dab29c8f6ed7849bb,  `mojang_id` = null,  `bedrock_id` = null,  `password` = '$2a$10$XIwyRFUSP4TifbVnoP92l.aNeR1tn2MZ3CEB3y25gvrjwIuPfVLIS', `last_ip` = '0:0:0:0:0:0:0:1', `creation_date` = 2026-05-22 08:12:06.495, `last_seen` = 2026-05-23 05:23:24.017, `email` = null, `discord` = null, `settings` = '{"settings":[{"value":"en","key":"language"},{"value":"survival","key":"last-server"}],"version":0}' WHERE `ai` = 3" (applied to [last_ip, last_seen, settings] columns)
[2026/05/23 05:23:24]: [nLogin] The user ItzSammer has successfully logged in.
[2026/05/23 05:23:28]: §3[nLogin] [DEBUG] [SQLite] [UPDATE]: "UPDATE `nlogin` SET `last_name` = 'nivinpro9', `unique_id` = 4df1ec90be0f38db83238a7809fc8069,  `mojang_id` = null,  `bedrock_id` = null,  `password` = '$2a$10$wb77FapEGHCoOMw2wLWV/u5AXgdz9CauOIj8/e6EUKxxBiDM3bcpW', `last_ip` = '0:0:0:0:0:0:0:1', `creation_date` = 2026-05-22 08:11:01.355, `last_seen` = 2026-05-23 05:23:28.215, `email` = null, `discord` = null, `settings` = '{"settings":[{"value":"auth","key":"last-server"},{"value":"en","key":"language"}],"version":0}' WHERE `ai` = 2" (applied to [last_ip, last_seen, settings] columns)
[2026/05/23 05:23:28]: [nLogin] The user nivinpro9 has successfully logged in.
[2026/05/23 05:35:08]: §3[nLogin] [DEBUG] [SQLite] [UPDATE]: "UPDATE `nlogin` SET `last_name` = 'nivinpro9', `unique_id` = 4df1ec90be0f38db83238a7809fc8069,  `mojang_id` = null,  `bedrock_id` = null,  `password` = '$2a$10$wb77FapEGHCoOMw2wLWV/u5AXgdz9CauOIj8/e6EUKxxBiDM3bcpW', `last_ip` = '0:0:0:0:0:0:0:1', `creation_date` = 2026-05-22 08:11:01.355, `last_seen` = 2026-05-23 05:35:08.708, `email` = null, `discord` = null, `settings` = '{"settings":[{"value":"auth","key":"last-server"},{"value":"en","key":"language"}],"version":0}' WHERE `ai` = 2" (applied to [last_seen, settings] columns)
[2026/05/23 05:35:13]: §3[nLogin] [DEBUG] [SQLite] [UPDATE]: "UPDATE `nlogin` SET `last_name` = 'nivinpro9', `unique_id` = 4df1ec90be0f38db83238a7809fc8069,  `mojang_id` = null,  `bedrock_id` = null,  `password` = '$2a$10$wb77FapEGHCoOMw2wLWV/u5AXgdz9CauOIj8/e6EUKxxBiDM3bcpW', `last_ip` = '0:0:0:0:0:0:0:1', `creation_date` = 2026-05-22 08:11:01.355, `last_seen` = 2026-05-23 05:35:13.144, `email` = null, `discord` = null, `settings` = '{"settings":[{"value":"auth","key":"last-server"},{"value":"en","key":"language"}],"version":0}' WHERE `ai` = 2" (applied to [last_ip, last_seen, settings] columns)
[2026/05/23 05:35:13]: [nLogin] The user nivinpro9 has successfully logged in.
[2026/05/23 05:35:29]: §3[nLogin] [DEBUG] [SQLite] [UPDATE]: "UPDATE `nlogin` SET `last_name` = 'ItzSammer', `unique_id` = a130978d5803371dab29c8f6ed7849bb,  `mojang_id` = null,  `bedrock_id` = null,  `password` = '$2a$10$XIwyRFUSP4TifbVnoP92l.aNeR1tn2MZ3CEB3y25gvrjwIuPfVLIS', `last_ip` = '0:0:0:0:0:0:0:1', `creation_date` = 2026-05-22 08:12:06.495, `last_seen` = 2026-05-23 05:35:29.812, `email` = null, `discord` = null, `settings` = '{"settings":[{"value":"en","key":"language"},{"value":"survival","key":"last-server"}],"version":0}' WHERE `ai` = 3" (applied to [last_seen, settings] columns)
