[2026/07/13 07:00:52]: §9          __             _       
[2026/07/13 07:00:52]: §9  _ __   / /  ___   __ _(_)_ __  
[2026/07/13 07:00:52]: §9 | '_ \ / /  / _ \ / _` | | '_ \ 
[2026/07/13 07:00:52]: §9 | | | / /__| (_) | (_| | | | | |
[2026/07/13 07:00:52]: §9 |_| |_\____/\___/ \__, |_|_| |_|
[2026/07/13 07:00:52]: §9                  |___/            
[2026/07/13 07:00:52]: §9 By: www.nickuc.com - V 10.4.27
[2026/07/13 07:00:52]: §9 
[2026/07/13 07:00:52]: §3[nLogin] [DEBUG] All settings were loaded in 403 ms.
[2026/07/13 07:00:52]: §3[nLogin] [DEBUG] Loading the messages_en.yml message file...
[2026/07/13 07:00:52]: §3[nLogin] [DEBUG] All plugin messages were loaded in 117 ms (languageByClient=false).
[2026/07/13 07:00:52]: §3[nLogin] [DEBUG] All proxy settings were loaded in 19 ms.
[2026/07/13 07:00:52]: §3[nLogin] [DEBUG] Loading database...
[2026/07/13 07:00:53]: §3[nLogin] [DEBUG] Starting logger filter...
[2026/07/13 07:00:58]: 
[2026/07/13 07:00:58]:  §bThank you so much for choosing nLogin! §4<3
[2026/07/13 07:00:58]: 
[2026/07/13 07:00:58]:  §4For your safety, please read the message below:
[2026/07/13 07:00:58]:   §cNever download nLogin from unknown sources.
[2026/07/13 07:00:58]:   §cA modified version may contain malicious software.
[2026/07/13 07:00:58]: 
[2026/07/13 07:00:58]:  §3Trusted sources:
[2026/07/13 07:00:58]:   §bwww.nickuc.com
[2026/07/13 07:00:58]:   §bwww.github.com/nickuc
[2026/07/13 07:00:58]:   §bOpeNLogin installer (from Spigot or GitHub)
[2026/07/13 07:00:58]: 
[2026/07/13 07:00:58]:  §3Official support channels:
[2026/07/13 07:00:58]:   §bDiscord group: §fwww.nickuc.com/discord
[2026/07/13 07:00:58]:   §bDocumentation: §fdocs.nickuc.com/nlogin/
[2026/07/13 07:00:58]:   §bEmail: §fsupport@nickuc.com
[2026/07/13 07:00:58]:   §bYouTube: §fyoutube.com/nickuc
[2026/07/13 07:00:58]: 
[2026/07/13 07:00:58]:  §eTo remove this warning, log in with "nlogin.admin" permission on the server
[2026/07/13 07:00:58]:  §eand click the "Setup plugin" button to configure your plugin.
[2026/07/13 07:00:58]: 
[2026/07/13 07:06:18]: §3[nLogin] [DEBUG] [SQLite] [UPDATE]: "UPDATE `nlogin` SET `last_name` = 'ItzSammer', `unique_id` = a130978d5803371dab29c8f6ed7849bb,  `mojang_id` = null,  `bedrock_id` = null,  `password` = '$2a$10$XIwyRFUSP4TifbVnoP92l.aNeR1tn2MZ3CEB3y25gvrjwIuPfVLIS', `last_ip` = '0:0:0:0:0:0:0:1', `creation_date` = 2026-05-22 08:12:06.495, `last_seen` = 2026-07-13 07:06:18.175, `email` = null, `discord` = null, `settings` = '{"settings":[{"value":"en","key":"language"},{"value":"survival","key":"last-server"}],"version":0}' WHERE `ai` = 3" (applied to [last_ip, last_seen, settings] columns)
[2026/07/13 07:06:18]: [nLogin] The user ItzSammer has successfully logged in.
[2026/07/13 07:07:56]: §3[nLogin] [DEBUG] [SQLite] [UPDATE]: "UPDATE `nlogin` SET `last_name` = 'ItzSammer', `unique_id` = a130978d5803371dab29c8f6ed7849bb,  `mojang_id` = null,  `bedrock_id` = null,  `password` = '$2a$10$XIwyRFUSP4TifbVnoP92l.aNeR1tn2MZ3CEB3y25gvrjwIuPfVLIS', `last_ip` = '0:0:0:0:0:0:0:1', `creation_date` = 2026-05-22 08:12:06.495, `last_seen` = 2026-07-13 07:07:56.53, `email` = null, `discord` = null, `settings` = '{"settings":[{"value":"en","key":"language"},{"value":"survival","key":"last-server"}],"version":0}' WHERE `ai` = 3" (applied to [last_seen, settings] columns)
[2026/07/13 07:19:02]: §3[nLogin] [DEBUG] [SQLite] [UPDATE]: "UPDATE `nlogin` SET `last_name` = 'ItzSammer', `unique_id` = a130978d5803371dab29c8f6ed7849bb,  `mojang_id` = null,  `bedrock_id` = null,  `password` = '$2a$10$XIwyRFUSP4TifbVnoP92l.aNeR1tn2MZ3CEB3y25gvrjwIuPfVLIS', `last_ip` = '0:0:0:0:0:0:0:1', `creation_date` = 2026-05-22 08:12:06.495, `last_seen` = 2026-07-13 07:19:02.905, `email` = null, `discord` = null, `settings` = '{"settings":[{"value":"en","key":"language"},{"value":"survival","key":"last-server"}],"version":0}' WHERE `ai` = 3" (applied to [last_ip, last_seen, settings] columns)
[2026/07/13 07:19:02]: [nLogin] The user ItzSammer has successfully logged in.
[2026/07/13 07:55:33]: §3[nLogin] [DEBUG] [SQLite] [UPDATE]: "UPDATE `nlogin` SET `last_name` = 'ItzSammer', `unique_id` = a130978d5803371dab29c8f6ed7849bb,  `mojang_id` = null,  `bedrock_id` = null,  `password` = '$2a$10$XIwyRFUSP4TifbVnoP92l.aNeR1tn2MZ3CEB3y25gvrjwIuPfVLIS', `last_ip` = '0:0:0:0:0:0:0:1', `creation_date` = 2026-05-22 08:12:06.495, `last_seen` = 2026-07-13 07:55:33.367, `email` = null, `discord` = null, `settings` = '{"settings":[{"value":"en","key":"language"},{"value":"survival","key":"last-server"}],"version":0}' WHERE `ai` = 3" (applied to [last_seen, settings] columns)
