[2026/07/18 08:20:20]: §9          __             _       
[2026/07/18 08:20:20]: §9  _ __   / /  ___   __ _(_)_ __  
[2026/07/18 08:20:20]: §9 | '_ \ / /  / _ \ / _` | | '_ \ 
[2026/07/18 08:20:20]: §9 | | | / /__| (_) | (_| | | | | |
[2026/07/18 08:20:20]: §9 |_| |_\____/\___/ \__, |_|_| |_|
[2026/07/18 08:20:20]: §9                  |___/            
[2026/07/18 08:20:20]: §9 By: www.nickuc.com - V 10.4.27
[2026/07/18 08:20:20]: §9 
[2026/07/18 08:20:21]: §3[nLogin] [DEBUG] All settings were loaded in 300 ms.
[2026/07/18 08:20:21]: §3[nLogin] [DEBUG] Loading the messages_en.yml message file...
[2026/07/18 08:20:21]: §3[nLogin] [DEBUG] All plugin messages were loaded in 55 ms (languageByClient=false).
[2026/07/18 08:20:21]: §3[nLogin] [DEBUG] All proxy settings were loaded in 10 ms.
[2026/07/18 08:20:21]: §3[nLogin] [DEBUG] Loading database...
[2026/07/18 08:20:21]: §3[nLogin] [DEBUG] Starting logger filter...
[2026/07/18 08:20:26]: 
[2026/07/18 08:20:26]:  §bThank you so much for choosing nLogin! §4<3
[2026/07/18 08:20:26]: 
[2026/07/18 08:20:26]:  §4For your safety, please read the message below:
[2026/07/18 08:20:26]:   §cNever download nLogin from unknown sources.
[2026/07/18 08:20:26]:   §cA modified version may contain malicious software.
[2026/07/18 08:20:26]: 
[2026/07/18 08:20:26]:  §3Trusted sources:
[2026/07/18 08:20:26]:   §bwww.nickuc.com
[2026/07/18 08:20:26]:   §bwww.github.com/nickuc
[2026/07/18 08:20:26]:   §bOpeNLogin installer (from Spigot or GitHub)
[2026/07/18 08:20:26]: 
[2026/07/18 08:20:26]:  §3Official support channels:
[2026/07/18 08:20:26]:   §bDiscord group: §fwww.nickuc.com/discord
[2026/07/18 08:20:26]:   §bDocumentation: §fdocs.nickuc.com/nlogin/
[2026/07/18 08:20:26]:   §bEmail: §fsupport@nickuc.com
[2026/07/18 08:20:26]:   §bYouTube: §fyoutube.com/nickuc
[2026/07/18 08:20:26]: 
[2026/07/18 08:20:26]:  §eTo remove this warning, log in with "nlogin.admin" permission on the server
[2026/07/18 08:20:26]:  §eand click the "Setup plugin" button to configure your plugin.
[2026/07/18 08:20:26]: 
[2026/07/18 08:20:53]: §3[nLogin] [DEBUG] [SQLite] [UPDATE]: "UPDATE `nlogin` SET `last_name` = 'ItzSammer', `unique_id` = a130978d5803371dab29c8f6ed7849bb,  `mojang_id` = null,  `bedrock_id` = null,  `password` = '$2a$10$XIwyRFUSP4TifbVnoP92l.aNeR1tn2MZ3CEB3y25gvrjwIuPfVLIS', `last_ip` = '0:0:0:0:0:0:0:1', `creation_date` = 2026-05-22 08:12:06.495, `last_seen` = 2026-07-18 08:20:53.528, `email` = null, `discord` = null, `settings` = '{"settings":[{"value":"en","key":"language"},{"value":"survival","key":"last-server"}],"version":0}' WHERE `ai` = 3" (applied to [last_ip, last_seen, settings] columns)
[2026/07/18 08:20:53]: [nLogin] The user ItzSammer has successfully logged in.
[2026/07/18 08:21:48]: §3[nLogin] [DEBUG] [SQLite] [UPDATE]: "UPDATE `nlogin` SET `last_name` = 'ItzSammer', `unique_id` = a130978d5803371dab29c8f6ed7849bb,  `mojang_id` = null,  `bedrock_id` = null,  `password` = '$2a$10$XIwyRFUSP4TifbVnoP92l.aNeR1tn2MZ3CEB3y25gvrjwIuPfVLIS', `last_ip` = '0:0:0:0:0:0:0:1', `creation_date` = 2026-05-22 08:12:06.495, `last_seen` = 2026-07-18 08:21:48.497, `email` = null, `discord` = null, `settings` = '{"settings":[{"value":"en","key":"language"},{"value":"survival","key":"last-server"}],"version":0}' WHERE `ai` = 3" (applied to [last_seen, settings] columns)
[2026/07/18 08:22:38]: §3[nLogin] [DEBUG] [SQLite] [UPDATE]: "UPDATE `nlogin` SET `last_name` = 'ItzSilverStone', `unique_id` = e2dad5ccc0b53067b2b695a5ba246646,  `mojang_id` = null,  `bedrock_id` = null,  `password` = '$2a$10$CgoqgOvlxLq1lM8idbhhc.j0xqUyUnpeRjIQFMe715xwKUA2sJ9sW', `last_ip` = '0:0:0:0:0:0:0:1', `creation_date` = 2026-05-24 03:58:17.023, `last_seen` = 2026-07-18 08:22:38.966, `email` = null, `discord` = null, `settings` = '{"settings":[{"value":"auth","key":"last-server"},{"value":"en","key":"language"}],"version":0}' WHERE `ai` = 6" (applied to [last_ip, last_seen, settings] columns)
[2026/07/18 08:22:38]: [nLogin] The user ItzSilverStone has successfully logged in.
[2026/07/18 08:23:31]: §3[nLogin] [DEBUG] [SQLite] [UPDATE]: "UPDATE `nlogin` SET `last_name` = 'ItzSilverStone', `unique_id` = e2dad5ccc0b53067b2b695a5ba246646,  `mojang_id` = null,  `bedrock_id` = null,  `password` = '$2a$10$CgoqgOvlxLq1lM8idbhhc.j0xqUyUnpeRjIQFMe715xwKUA2sJ9sW', `last_ip` = '0:0:0:0:0:0:0:1', `creation_date` = 2026-05-24 03:58:17.023, `last_seen` = 2026-07-18 08:23:31.428, `email` = null, `discord` = null, `settings` = '{"settings":[{"value":"survival","key":"last-server"},{"value":"en","key":"language"}],"version":0}' WHERE `ai` = 6" (applied to [last_seen, settings] columns)
[2026/07/18 08:23:55]: §3[nLogin] [DEBUG] [SQLite] [UPDATE]: "UPDATE `nlogin` SET `last_name` = 'ItzSammer', `unique_id` = a130978d5803371dab29c8f6ed7849bb,  `mojang_id` = null,  `bedrock_id` = null,  `password` = '$2a$10$XIwyRFUSP4TifbVnoP92l.aNeR1tn2MZ3CEB3y25gvrjwIuPfVLIS', `last_ip` = '0:0:0:0:0:0:0:1', `creation_date` = 2026-05-22 08:12:06.495, `last_seen` = 2026-07-18 08:23:55.453, `email` = null, `discord` = null, `settings` = '{"settings":[{"value":"en","key":"language"},{"value":"survival","key":"last-server"}],"version":0}' WHERE `ai` = 3" (applied to [last_ip, last_seen, settings] columns)
[2026/07/18 08:23:55]: [nLogin] The user ItzSammer has successfully logged in.
[2026/07/18 08:23:55]: §3[nLogin] [DEBUG] [SQLite] [UPDATE]: "UPDATE `nlogin` SET `last_name` = 'ItzSilverStone', `unique_id` = e2dad5ccc0b53067b2b695a5ba246646,  `mojang_id` = null,  `bedrock_id` = null,  `password` = '$2a$10$CgoqgOvlxLq1lM8idbhhc.j0xqUyUnpeRjIQFMe715xwKUA2sJ9sW', `last_ip` = '0:0:0:0:0:0:0:1', `creation_date` = 2026-05-24 03:58:17.023, `last_seen` = 2026-07-18 08:23:55.89, `email` = null, `discord` = null, `settings` = '{"settings":[{"value":"survival","key":"last-server"},{"value":"en","key":"language"}],"version":0}' WHERE `ai` = 6" (applied to [last_ip, last_seen, settings] columns)
[2026/07/18 08:23:55]: [nLogin] The user ItzSilverStone has successfully logged in.
[2026/07/18 08:32:46]: §3[nLogin] [DEBUG] [SQLite] [UPDATE]: "UPDATE `nlogin` SET `last_name` = 'ItzSammer', `unique_id` = a130978d5803371dab29c8f6ed7849bb,  `mojang_id` = null,  `bedrock_id` = null,  `password` = '$2a$10$XIwyRFUSP4TifbVnoP92l.aNeR1tn2MZ3CEB3y25gvrjwIuPfVLIS', `last_ip` = '0:0:0:0:0:0:0:1', `creation_date` = 2026-05-22 08:12:06.495, `last_seen` = 2026-07-18 08:32:46.18, `email` = null, `discord` = null, `settings` = '{"settings":[{"value":"en","key":"language"},{"value":"survival","key":"last-server"}],"version":0}' WHERE `ai` = 3" (applied to [last_seen, settings] columns)
[2026/07/18 08:32:55]: §3[nLogin] [DEBUG] [SQLite] [UPDATE]: "UPDATE `nlogin` SET `last_name` = 'ItzSammer', `unique_id` = a130978d5803371dab29c8f6ed7849bb,  `mojang_id` = null,  `bedrock_id` = null,  `password` = '$2a$10$XIwyRFUSP4TifbVnoP92l.aNeR1tn2MZ3CEB3y25gvrjwIuPfVLIS', `last_ip` = '0:0:0:0:0:0:0:1', `creation_date` = 2026-05-22 08:12:06.495, `last_seen` = 2026-07-18 08:32:55.423, `email` = null, `discord` = null, `settings` = '{"settings":[{"value":"en","key":"language"},{"value":"survival","key":"last-server"}],"version":0}' WHERE `ai` = 3" (applied to [last_ip, last_seen, settings] columns)
[2026/07/18 08:32:55]: [nLogin] The user ItzSammer has successfully logged in.
[2026/07/18 09:00:07]: §3[nLogin] [DEBUG] [SQLite] [UPDATE]: "UPDATE `nlogin` SET `last_name` = 'ItzSilverStone', `unique_id` = e2dad5ccc0b53067b2b695a5ba246646,  `mojang_id` = null,  `bedrock_id` = null,  `password` = '$2a$10$CgoqgOvlxLq1lM8idbhhc.j0xqUyUnpeRjIQFMe715xwKUA2sJ9sW', `last_ip` = '0:0:0:0:0:0:0:1', `creation_date` = 2026-05-24 03:58:17.023, `last_seen` = 2026-07-18 09:00:07.907, `email` = null, `discord` = null, `settings` = '{"settings":[{"value":"auth","key":"last-server"},{"value":"en","key":"language"}],"version":0}' WHERE `ai` = 6" (applied to [last_seen, settings] columns)
[2026/07/18 09:09:09]: §3[nLogin] [DEBUG] [SQLite] [UPDATE]: "UPDATE `nlogin` SET `last_name` = 'ItzSammer', `unique_id` = a130978d5803371dab29c8f6ed7849bb,  `mojang_id` = null,  `bedrock_id` = null,  `password` = '$2a$10$XIwyRFUSP4TifbVnoP92l.aNeR1tn2MZ3CEB3y25gvrjwIuPfVLIS', `last_ip` = '0:0:0:0:0:0:0:1', `creation_date` = 2026-05-22 08:12:06.495, `last_seen` = 2026-07-18 09:09:09.67, `email` = null, `discord` = null, `settings` = '{"settings":[{"value":"en","key":"language"},{"value":"survival","key":"last-server"}],"version":0}' WHERE `ai` = 3" (applied to [last_seen, settings] columns)
[2026/07/18 09:30:24]: §3[nLogin] [DEBUG] [SQLite] [UPDATE]: "INSERT INTO `nlogin` (`last_name`, `unique_id`, `mojang_id`, `bedrock_id`, `password`, `last_ip`, `creation_date`, `last_seen`, `email`, `discord`, `settings`) VALUES ('SENPAI_SMART___', 0c3ad0f22632339da7f52ef1c6cd485f, null, null, '$2a$10$mk6AKAk8EF90mUnWv3xSOeS.mJt0yPCLJzgQn7SxPivsjKvd8EX2a', '0:0:0:0:0:0:0:1', '2026-07-18 09:30:23.98', '2026-07-18 09:30:23.98', null, null, '{"settings":[{"value":true,"key":"force-invalid-session"}],"version":0}')" (applied to all columns)
[2026/07/18 09:30:24]: [nLogin] The user SENPAI_SMART___ has successfully registered.
[2026/07/18 09:30:48]: §3[nLogin] [DEBUG] [SQLite] [UPDATE]: "UPDATE `nlogin` SET `last_name` = 'SENPAI_SMART___', `unique_id` = 0c3ad0f22632339da7f52ef1c6cd485f,  `mojang_id` = null,  `bedrock_id` = null,  `password` = '$2a$10$mk6AKAk8EF90mUnWv3xSOeS.mJt0yPCLJzgQn7SxPivsjKvd8EX2a', `last_ip` = '0:0:0:0:0:0:0:1', `creation_date` = 2026-07-18 09:30:23.98, `last_seen` = 2026-07-18 09:30:48.595, `email` = null, `discord` = null, `settings` = '{"settings":[{"value":true,"key":"force-invalid-session"},{"value":"auth","key":"last-server"},{"value":"en","key":"language"}],"version":0}' WHERE `ai` = 22" (applied to [last_seen, settings] columns)
[2026/07/18 09:31:19]: §3[nLogin] [DEBUG] [SQLite] [UPDATE]: "UPDATE `nlogin` SET `last_name` = 'SENPAI_SMART___', `unique_id` = 0c3ad0f22632339da7f52ef1c6cd485f,  `mojang_id` = null,  `bedrock_id` = null,  `password` = '$2a$10$mk6AKAk8EF90mUnWv3xSOeS.mJt0yPCLJzgQn7SxPivsjKvd8EX2a', `last_ip` = '0:0:0:0:0:0:0:1', `creation_date` = 2026-07-18 09:30:23.98, `last_seen` = 2026-07-18 09:31:19.328, `email` = null, `discord` = null, `settings` = '{"settings":[{"value":"auth","key":"last-server"},{"value":"en","key":"language"}],"version":0}' WHERE `ai` = 22" (applied to [last_ip, last_seen, settings] columns)
[2026/07/18 09:31:19]: [nLogin] The user SENPAI_SMART___ has successfully logged in.
[2026/07/18 09:32:03]: §3[nLogin] [DEBUG] [SQLite] [UPDATE]: "UPDATE `nlogin` SET `last_name` = 'ItzSammer', `unique_id` = a130978d5803371dab29c8f6ed7849bb,  `mojang_id` = null,  `bedrock_id` = null,  `password` = '$2a$10$XIwyRFUSP4TifbVnoP92l.aNeR1tn2MZ3CEB3y25gvrjwIuPfVLIS', `last_ip` = '0:0:0:0:0:0:0:1', `creation_date` = 2026-05-22 08:12:06.495, `last_seen` = 2026-07-18 09:32:03.127, `email` = null, `discord` = null, `settings` = '{"settings":[{"value":"en","key":"language"},{"value":"survival","key":"last-server"}],"version":0}' WHERE `ai` = 3" (applied to [last_ip, last_seen, settings] columns)
[2026/07/18 09:32:03]: [nLogin] The user ItzSammer has successfully logged in.
[2026/07/18 09:35:45]: §3[nLogin] [DEBUG] [SQLite] [UPDATE]: "UPDATE `nlogin` SET `last_name` = 'SENPAI_SMART___', `unique_id` = 0c3ad0f22632339da7f52ef1c6cd485f,  `mojang_id` = null,  `bedrock_id` = null,  `password` = '$2a$10$mk6AKAk8EF90mUnWv3xSOeS.mJt0yPCLJzgQn7SxPivsjKvd8EX2a', `last_ip` = '0:0:0:0:0:0:0:1', `creation_date` = 2026-07-18 09:30:23.98, `last_seen` = 2026-07-18 09:35:45.339, `email` = null, `discord` = null, `settings` = '{"settings":[{"value":"auth","key":"last-server"},{"value":"en","key":"language"}],"version":0}' WHERE `ai` = 22" (applied to [last_seen, settings] columns)
[2026/07/18 09:36:58]: §3[nLogin] [DEBUG] [SQLite] [UPDATE]: "UPDATE `nlogin` SET `last_name` = 'SENPAI_SMART___', `unique_id` = 0c3ad0f22632339da7f52ef1c6cd485f,  `mojang_id` = null,  `bedrock_id` = null,  `password` = '$2a$10$mk6AKAk8EF90mUnWv3xSOeS.mJt0yPCLJzgQn7SxPivsjKvd8EX2a', `last_ip` = '0:0:0:0:0:0:0:1', `creation_date` = 2026-07-18 09:30:23.98, `last_seen` = 2026-07-18 09:36:58.264, `email` = null, `discord` = null, `settings` = '{"settings":[{"value":"auth","key":"last-server"},{"value":"en","key":"language"}],"version":0}' WHERE `ai` = 22" (applied to [last_ip, last_seen, settings] columns)
[2026/07/18 09:36:58]: [nLogin] The user SENPAI_SMART___ has successfully logged in.
[2026/07/18 09:37:16]: §3[nLogin] [DEBUG] [SQLite] [UPDATE]: "UPDATE `nlogin` SET `last_name` = 'SENPAI_SMART___', `unique_id` = 0c3ad0f22632339da7f52ef1c6cd485f,  `mojang_id` = null,  `bedrock_id` = null,  `password` = '$2a$10$mk6AKAk8EF90mUnWv3xSOeS.mJt0yPCLJzgQn7SxPivsjKvd8EX2a', `last_ip` = '0:0:0:0:0:0:0:1', `creation_date` = 2026-07-18 09:30:23.98, `last_seen` = 2026-07-18 09:37:16.238, `email` = null, `discord` = null, `settings` = '{"settings":[{"value":"auth","key":"last-server"},{"value":"en","key":"language"}],"version":0}' WHERE `ai` = 22" (applied to [last_seen, settings] columns)
[2026/07/18 09:39:15]: §3[nLogin] [DEBUG] [SQLite] [UPDATE]: "UPDATE `nlogin` SET `last_name` = 'ItzSammer', `unique_id` = a130978d5803371dab29c8f6ed7849bb,  `mojang_id` = null,  `bedrock_id` = null,  `password` = '$2a$10$XIwyRFUSP4TifbVnoP92l.aNeR1tn2MZ3CEB3y25gvrjwIuPfVLIS', `last_ip` = '0:0:0:0:0:0:0:1', `creation_date` = 2026-05-22 08:12:06.495, `last_seen` = 2026-07-18 09:39:15.795, `email` = null, `discord` = null, `settings` = '{"settings":[{"value":"en","key":"language"},{"value":"survival","key":"last-server"}],"version":0}' WHERE `ai` = 3" (applied to [last_seen, settings] columns)
[2026/07/18 09:48:28]: §3[nLogin] [DEBUG] [SQLite] [UPDATE]: "UPDATE `nlogin` SET `last_name` = 'ItzSilverStone', `unique_id` = e2dad5ccc0b53067b2b695a5ba246646,  `mojang_id` = null,  `bedrock_id` = null,  `password` = '$2a$10$CgoqgOvlxLq1lM8idbhhc.j0xqUyUnpeRjIQFMe715xwKUA2sJ9sW', `last_ip` = '0:0:0:0:0:0:0:1', `creation_date` = 2026-05-24 03:58:17.023, `last_seen` = 2026-07-18 09:48:28.456, `email` = null, `discord` = null, `settings` = '{"settings":[{"value":"auth","key":"last-server"},{"value":"en","key":"language"}],"version":0}' WHERE `ai` = 6" (applied to [last_ip, last_seen, settings] columns)
[2026/07/18 09:48:28]: [nLogin] The user ItzSilverStone has successfully logged in.
[2026/07/18 09:48:32]: §3[nLogin] [DEBUG] [SQLite] [UPDATE]: "UPDATE `nlogin` SET `last_name` = 'ItzSilverStone', `unique_id` = e2dad5ccc0b53067b2b695a5ba246646,  `mojang_id` = null,  `bedrock_id` = null,  `password` = '$2a$10$CgoqgOvlxLq1lM8idbhhc.j0xqUyUnpeRjIQFMe715xwKUA2sJ9sW', `last_ip` = '0:0:0:0:0:0:0:1', `creation_date` = 2026-05-24 03:58:17.023, `last_seen` = 2026-07-18 09:48:32.397, `email` = null, `discord` = null, `settings` = '{"settings":[{"value":"auth","key":"last-server"},{"value":"en","key":"language"}],"version":0}' WHERE `ai` = 6" (applied to [last_seen, settings] columns)
[2026/07/18 09:48:38]: §3[nLogin] [DEBUG] [SQLite] [UPDATE]: "UPDATE `nlogin` SET `last_name` = 'ItzSammer', `unique_id` = a130978d5803371dab29c8f6ed7849bb,  `mojang_id` = null,  `bedrock_id` = null,  `password` = '$2a$10$XIwyRFUSP4TifbVnoP92l.aNeR1tn2MZ3CEB3y25gvrjwIuPfVLIS', `last_ip` = '0:0:0:0:0:0:0:1', `creation_date` = 2026-05-22 08:12:06.495, `last_seen` = 2026-07-18 09:48:38.364, `email` = null, `discord` = null, `settings` = '{"settings":[{"value":"en","key":"language"},{"value":"survival","key":"last-server"}],"version":0}' WHERE `ai` = 3" (applied to [last_ip, last_seen, settings] columns)
[2026/07/18 09:48:38]: [nLogin] The user ItzSammer has successfully logged in.
[2026/07/18 09:48:47]: §3[nLogin] [DEBUG] [SQLite] [UPDATE]: "UPDATE `nlogin` SET `last_name` = 'silverstone2328', `unique_id` = 976f3612e2303e3e8654e0f7e10140ca,  `mojang_id` = null,  `bedrock_id` = null,  `password` = '$2a$10$ZsseWbgMCdK9yqYpA.Yw9u0qVQlmz465MrCeNjIdqDZ7X.zO/lwmC', `last_ip` = '0:0:0:0:0:0:0:1', `creation_date` = 2026-06-12 02:03:25.176, `last_seen` = 2026-07-18 09:48:47.903, `email` = null, `discord` = null, `settings` = '{"settings":[{"value":"survival","key":"last-server"},{"value":"en","key":"language"}],"version":0}' WHERE `ai` = 10" (applied to [last_ip, last_seen, settings] columns)
[2026/07/18 09:48:47]: [nLogin] The user silverstone2328 has successfully logged in.
[2026/07/18 09:51:05]: §3[nLogin] [DEBUG] [SQLite] [UPDATE]: "UPDATE `nlogin` SET `last_name` = 'silverstone2328', `unique_id` = 976f3612e2303e3e8654e0f7e10140ca,  `mojang_id` = null,  `bedrock_id` = null,  `password` = '$2a$10$ZsseWbgMCdK9yqYpA.Yw9u0qVQlmz465MrCeNjIdqDZ7X.zO/lwmC', `last_ip` = '0:0:0:0:0:0:0:1', `creation_date` = 2026-06-12 02:03:25.176, `last_seen` = 2026-07-18 09:51:05.114, `email` = null, `discord` = null, `settings` = '{"settings":[{"value":"survival","key":"last-server"},{"value":"en","key":"language"}],"version":0}' WHERE `ai` = 10" (applied to [last_seen, settings] columns)
[2026/07/18 09:51:09]: §3[nLogin] [DEBUG] [SQLite] [UPDATE]: "UPDATE `nlogin` SET `last_name` = 'silverstone2328', `unique_id` = 976f3612e2303e3e8654e0f7e10140ca,  `mojang_id` = null,  `bedrock_id` = null,  `password` = '$2a$10$ZsseWbgMCdK9yqYpA.Yw9u0qVQlmz465MrCeNjIdqDZ7X.zO/lwmC', `last_ip` = '0:0:0:0:0:0:0:1', `creation_date` = 2026-06-12 02:03:25.176, `last_seen` = 2026-07-18 09:51:09.85, `email` = null, `discord` = null, `settings` = '{"settings":[{"value":"survival","key":"last-server"},{"value":"en","key":"language"}],"version":0}' WHERE `ai` = 10" (applied to [last_ip, last_seen, settings] columns)
[2026/07/18 09:51:09]: [nLogin] The user silverstone2328 has successfully logged in.
[2026/07/18 10:00:17]: §3[nLogin] [DEBUG] [SQLite] [UPDATE]: "UPDATE `nlogin` SET `last_name` = 'silverstone2328', `unique_id` = 976f3612e2303e3e8654e0f7e10140ca,  `mojang_id` = null,  `bedrock_id` = null,  `password` = '$2a$10$ZsseWbgMCdK9yqYpA.Yw9u0qVQlmz465MrCeNjIdqDZ7X.zO/lwmC', `last_ip` = '0:0:0:0:0:0:0:1', `creation_date` = 2026-06-12 02:03:25.176, `last_seen` = 2026-07-18 10:00:17.168, `email` = null, `discord` = null, `settings` = '{"settings":[{"value":"survival","key":"last-server"},{"value":"en","key":"language"}],"version":0}' WHERE `ai` = 10" (applied to [last_seen, settings] columns)
[2026/07/18 10:00:46]: §3[nLogin] [DEBUG] [SQLite] [UPDATE]: "UPDATE `nlogin` SET `last_name` = 'ItzSammer', `unique_id` = a130978d5803371dab29c8f6ed7849bb,  `mojang_id` = null,  `bedrock_id` = null,  `password` = '$2a$10$XIwyRFUSP4TifbVnoP92l.aNeR1tn2MZ3CEB3y25gvrjwIuPfVLIS', `last_ip` = '0:0:0:0:0:0:0:1', `creation_date` = 2026-05-22 08:12:06.495, `last_seen` = 2026-07-18 10:00:46.679, `email` = null, `discord` = null, `settings` = '{"settings":[{"value":"en","key":"language"},{"value":"survival","key":"last-server"}],"version":0}' WHERE `ai` = 3" (applied to [last_seen, settings] columns)
