[2026/07/13 10:08:07]: §9          __             _       
[2026/07/13 10:08:07]: §9  _ __   / /  ___   __ _(_)_ __  
[2026/07/13 10:08:07]: §9 | '_ \ / /  / _ \ / _` | | '_ \ 
[2026/07/13 10:08:07]: §9 | | | / /__| (_) | (_| | | | | |
[2026/07/13 10:08:07]: §9 |_| |_\____/\___/ \__, |_|_| |_|
[2026/07/13 10:08:07]: §9                  |___/            
[2026/07/13 10:08:07]: §9 By: www.nickuc.com - V 10.4.27
[2026/07/13 10:08:07]: §9 
[2026/07/13 10:08:07]: §3[nLogin] [DEBUG] All settings were loaded in 460 ms.
[2026/07/13 10:08:08]: §3[nLogin] [DEBUG] Loading the messages_en.yml message file...
[2026/07/13 10:08:08]: §3[nLogin] [DEBUG] All plugin messages were loaded in 181 ms (languageByClient=false).
[2026/07/13 10:08:08]: §3[nLogin] [DEBUG] All proxy settings were loaded in 29 ms.
[2026/07/13 10:08:08]: §3[nLogin] [DEBUG] Loading database...
[2026/07/13 10:08:09]: §3[nLogin] [DEBUG] Starting logger filter...
[2026/07/13 10:08:14]: 
[2026/07/13 10:08:14]:  §bThank you so much for choosing nLogin! §4<3
[2026/07/13 10:08:14]: 
[2026/07/13 10:08:14]:  §4For your safety, please read the message below:
[2026/07/13 10:08:14]:   §cNever download nLogin from unknown sources.
[2026/07/13 10:08:14]:   §cA modified version may contain malicious software.
[2026/07/13 10:08:14]: 
[2026/07/13 10:08:14]:  §3Trusted sources:
[2026/07/13 10:08:14]:   §bwww.nickuc.com
[2026/07/13 10:08:14]:   §bwww.github.com/nickuc
[2026/07/13 10:08:14]:   §bOpeNLogin installer (from Spigot or GitHub)
[2026/07/13 10:08:14]: 
[2026/07/13 10:08:14]:  §3Official support channels:
[2026/07/13 10:08:14]:   §bDiscord group: §fwww.nickuc.com/discord
[2026/07/13 10:08:14]:   §bDocumentation: §fdocs.nickuc.com/nlogin/
[2026/07/13 10:08:14]:   §bEmail: §fsupport@nickuc.com
[2026/07/13 10:08:14]:   §bYouTube: §fyoutube.com/nickuc
[2026/07/13 10:08:14]: 
[2026/07/13 10:08:14]:  §eTo remove this warning, log in with "nlogin.admin" permission on the server
[2026/07/13 10:08:14]:  §eand click the "Setup plugin" button to configure your plugin.
[2026/07/13 10:08:14]: 
[2026/07/13 10:14:36]: §3[nLogin] [DEBUG] [SQLite] [UPDATE]: "UPDATE `nlogin` SET `last_name` = 'ItzSammer', `unique_id` = a130978d5803371dab29c8f6ed7849bb,  `mojang_id` = null,  `bedrock_id` = null,  `password` = '$2a$10$XIwyRFUSP4TifbVnoP92l.aNeR1tn2MZ3CEB3y25gvrjwIuPfVLIS', `last_ip` = '0:0:0:0:0:0:0:1', `creation_date` = 2026-05-22 08:12:06.495, `last_seen` = 2026-07-13 10:14:36.065, `email` = null, `discord` = null, `settings` = '{"settings":[{"value":"en","key":"language"},{"value":"survival","key":"last-server"}],"version":0}' WHERE `ai` = 3" (applied to [last_ip, last_seen, settings] columns)
[2026/07/13 10:14:36]: [nLogin] The user ItzSammer has successfully logged in.
[2026/07/13 10:47:13]: §3[nLogin] [DEBUG] [SQLite] [UPDATE]: "UPDATE `nlogin` SET `last_name` = 'ItzSammer', `unique_id` = a130978d5803371dab29c8f6ed7849bb,  `mojang_id` = null,  `bedrock_id` = null,  `password` = '$2a$10$XIwyRFUSP4TifbVnoP92l.aNeR1tn2MZ3CEB3y25gvrjwIuPfVLIS', `last_ip` = '0:0:0:0:0:0:0:1', `creation_date` = 2026-05-22 08:12:06.495, `last_seen` = 2026-07-13 10:47:13.886, `email` = null, `discord` = null, `settings` = '{"settings":[{"value":"en","key":"language"},{"value":"survival","key":"last-server"}],"version":0}' WHERE `ai` = 3" (applied to [last_seen, settings] columns)
[2026/07/13 10:47:19]: §3[nLogin] [DEBUG] [SQLite] [UPDATE]: "UPDATE `nlogin` SET `last_name` = 'ItzSammer', `unique_id` = a130978d5803371dab29c8f6ed7849bb,  `mojang_id` = null,  `bedrock_id` = null,  `password` = '$2a$10$XIwyRFUSP4TifbVnoP92l.aNeR1tn2MZ3CEB3y25gvrjwIuPfVLIS', `last_ip` = '0:0:0:0:0:0:0:1', `creation_date` = 2026-05-22 08:12:06.495, `last_seen` = 2026-07-13 10:47:19.654, `email` = null, `discord` = null, `settings` = '{"settings":[{"value":"en","key":"language"},{"value":"survival","key":"last-server"}],"version":0}' WHERE `ai` = 3" (applied to [last_ip, last_seen, settings] columns)
[2026/07/13 10:47:19]: [nLogin] The user ItzSammer has successfully logged in.
[2026/07/13 10:58:33]: §3[nLogin] [DEBUG] [SQLite] [UPDATE]: "UPDATE `nlogin` SET `last_name` = 'ItzSammer', `unique_id` = a130978d5803371dab29c8f6ed7849bb,  `mojang_id` = null,  `bedrock_id` = null,  `password` = '$2a$10$XIwyRFUSP4TifbVnoP92l.aNeR1tn2MZ3CEB3y25gvrjwIuPfVLIS', `last_ip` = '0:0:0:0:0:0:0:1', `creation_date` = 2026-05-22 08:12:06.495, `last_seen` = 2026-07-13 10:58:33.579, `email` = null, `discord` = null, `settings` = '{"settings":[{"value":"en","key":"language"},{"value":"survival","key":"last-server"}],"version":0}' WHERE `ai` = 3" (applied to [last_seen, settings] columns)
[2026/07/13 10:59:30]: §3[nLogin] [DEBUG] [SQLite] [UPDATE]: "UPDATE `nlogin` SET `last_name` = 'ItzSammer', `unique_id` = a130978d5803371dab29c8f6ed7849bb,  `mojang_id` = null,  `bedrock_id` = null,  `password` = '$2a$10$XIwyRFUSP4TifbVnoP92l.aNeR1tn2MZ3CEB3y25gvrjwIuPfVLIS', `last_ip` = '0:0:0:0:0:0:0:1', `creation_date` = 2026-05-22 08:12:06.495, `last_seen` = 2026-07-13 10:59:30.822, `email` = null, `discord` = null, `settings` = '{"settings":[{"value":"en","key":"language"},{"value":"survival","key":"last-server"}],"version":0}' WHERE `ai` = 3" (applied to [last_ip, last_seen, settings] columns)
[2026/07/13 10:59:30]: [nLogin] The user ItzSammer has successfully logged in.
[2026/07/13 11:12:53]: §3[nLogin] [DEBUG] [SQLite] [UPDATE]: "UPDATE `nlogin` SET `last_name` = 'ItzSammer', `unique_id` = a130978d5803371dab29c8f6ed7849bb,  `mojang_id` = null,  `bedrock_id` = null,  `password` = '$2a$10$XIwyRFUSP4TifbVnoP92l.aNeR1tn2MZ3CEB3y25gvrjwIuPfVLIS', `last_ip` = '0:0:0:0:0:0:0:1', `creation_date` = 2026-05-22 08:12:06.495, `last_seen` = 2026-07-13 11:12:53.017, `email` = null, `discord` = null, `settings` = '{"settings":[{"value":"en","key":"language"},{"value":"survival","key":"last-server"}],"version":0}' WHERE `ai` = 3" (applied to [last_seen, settings] columns)
