[2026/06/18 00:48:53]: §9          __             _       
[2026/06/18 00:48:53]: §9  _ __   / /  ___   __ _(_)_ __  
[2026/06/18 00:48:53]: §9 | '_ \ / /  / _ \ / _` | | '_ \ 
[2026/06/18 00:48:53]: §9 | | | / /__| (_) | (_| | | | | |
[2026/06/18 00:48:53]: §9 |_| |_\____/\___/ \__, |_|_| |_|
[2026/06/18 00:48:53]: §9                  |___/            
[2026/06/18 00:48:53]: §9 By: www.nickuc.com - V 10.4.27
[2026/06/18 00:48:53]: §9 
[2026/06/18 00:48:54]: §3[nLogin] [DEBUG] All settings were loaded in 553 ms.
[2026/06/18 00:48:54]: §3[nLogin] [DEBUG] Loading the messages_en.yml message file...
[2026/06/18 00:48:54]: §3[nLogin] [DEBUG] All plugin messages were loaded in 183 ms (languageByClient=false).
[2026/06/18 00:48:54]: §3[nLogin] [DEBUG] All proxy settings were loaded in 16 ms.
[2026/06/18 00:48:54]: §3[nLogin] [DEBUG] Loading database...
[2026/06/18 00:48:54]: §3[nLogin] [DEBUG] Starting logger filter...
[2026/06/18 00:49:00]: 
[2026/06/18 00:49:00]:  §bThank you so much for choosing nLogin! §4<3
[2026/06/18 00:49:00]: 
[2026/06/18 00:49:00]:  §4For your safety, please read the message below:
[2026/06/18 00:49:00]:   §cNever download nLogin from unknown sources.
[2026/06/18 00:49:00]:   §cA modified version may contain malicious software.
[2026/06/18 00:49:00]: 
[2026/06/18 00:49:00]:  §3Trusted sources:
[2026/06/18 00:49:00]:   §bwww.nickuc.com
[2026/06/18 00:49:00]:   §bwww.github.com/nickuc
[2026/06/18 00:49:00]:   §bOpeNLogin installer (from Spigot or GitHub)
[2026/06/18 00:49:00]: 
[2026/06/18 00:49:00]:  §3Official support channels:
[2026/06/18 00:49:00]:   §bDiscord group: §fwww.nickuc.com/discord
[2026/06/18 00:49:00]:   §bDocumentation: §fdocs.nickuc.com/nlogin/
[2026/06/18 00:49:00]:   §bEmail: §fsupport@nickuc.com
[2026/06/18 00:49:00]:   §bYouTube: §fyoutube.com/nickuc
[2026/06/18 00:49:00]: 
[2026/06/18 00:49:00]:  §eTo remove this warning, log in with "nlogin.admin" permission on the server
[2026/06/18 00:49:00]:  §eand click the "Setup plugin" button to configure your plugin.
[2026/06/18 00:49:00]: 
[2026/06/18 00:50:17]: §3[nLogin] [DEBUG] [SQLite] [UPDATE]: "UPDATE `nlogin` SET `last_name` = 'ItzSammer', `unique_id` = a130978d5803371dab29c8f6ed7849bb,  `mojang_id` = null,  `bedrock_id` = null,  `password` = '$2a$10$XIwyRFUSP4TifbVnoP92l.aNeR1tn2MZ3CEB3y25gvrjwIuPfVLIS', `last_ip` = '0:0:0:0:0:0:0:1', `creation_date` = 2026-05-22 08:12:06.495, `last_seen` = 2026-06-18 00:50:17.438, `email` = null, `discord` = null, `settings` = '{"settings":[{"value":"en","key":"language"},{"value":"survival","key":"last-server"}],"version":0}' WHERE `ai` = 3" (applied to [last_ip, last_seen, settings] columns)
[2026/06/18 00:50:17]: [nLogin] The user ItzSammer has successfully logged in.
[2026/06/18 00:50:31]: §3[nLogin] [DEBUG] [SQLite] [UPDATE]: "UPDATE `nlogin` SET `last_name` = 'Senpai_spider24', `unique_id` = a38e599c4bd03f28b65575431d8115c7,  `mojang_id` = null,  `bedrock_id` = null,  `password` = '$2a$10$C46POA10EqnZMFZimjAl1u0w09L2CWGskWYlz56tPImLtRQB3E7ni', `last_ip` = '0:0:0:0:0:0:0:1', `creation_date` = 2026-06-16 00:53:17.01, `last_seen` = 2026-06-18 00:50:31.266, `email` = null, `discord` = null, `settings` = '{"settings":[{"value":"survival","key":"last-server"},{"value":"en","key":"language"}],"version":0}' WHERE `ai` = 15" (applied to [last_ip, last_seen, settings] columns)
[2026/06/18 00:50:31]: [nLogin] The user Senpai_spider24 has successfully logged in.
[2026/06/18 00:50:32]: §3[nLogin] [DEBUG] [SQLite] [UPDATE]: "UPDATE `nlogin` SET `last_name` = 'ItzSammer', `unique_id` = a130978d5803371dab29c8f6ed7849bb,  `mojang_id` = null,  `bedrock_id` = null,  `password` = '$2a$10$XIwyRFUSP4TifbVnoP92l.aNeR1tn2MZ3CEB3y25gvrjwIuPfVLIS', `last_ip` = '0:0:0:0:0:0:0:1', `creation_date` = 2026-05-22 08:12:06.495, `last_seen` = 2026-06-18 00:50:32.847, `email` = null, `discord` = null, `settings` = '{"settings":[{"value":"en","key":"language"},{"value":"survival","key":"last-server"}],"version":0}' WHERE `ai` = 3" (applied to [last_seen, settings] columns)
[2026/06/18 00:51:02]: §3[nLogin] [DEBUG] [SQLite] [UPDATE]: "UPDATE `nlogin` SET `last_name` = 'ItzSammer', `unique_id` = a130978d5803371dab29c8f6ed7849bb,  `mojang_id` = null,  `bedrock_id` = null,  `password` = '$2a$10$XIwyRFUSP4TifbVnoP92l.aNeR1tn2MZ3CEB3y25gvrjwIuPfVLIS', `last_ip` = '0:0:0:0:0:0:0:1', `creation_date` = 2026-05-22 08:12:06.495, `last_seen` = 2026-06-18 00:51:01.995, `email` = null, `discord` = null, `settings` = '{"settings":[{"value":"en","key":"language"},{"value":"survival","key":"last-server"}],"version":0}' WHERE `ai` = 3" (applied to [last_ip, last_seen, settings] columns)
[2026/06/18 00:51:02]: [nLogin] The user ItzSammer has successfully logged in.
[2026/06/18 00:51:08]: §3[nLogin] [DEBUG] [SQLite] [UPDATE]: "UPDATE `nlogin` SET `last_name` = 'nivinpro9', `unique_id` = 4df1ec90be0f38db83238a7809fc8069,  `mojang_id` = null,  `bedrock_id` = null,  `password` = '$2a$10$wb77FapEGHCoOMw2wLWV/u5AXgdz9CauOIj8/e6EUKxxBiDM3bcpW', `last_ip` = '0:0:0:0:0:0:0:1', `creation_date` = 2026-05-22 08:11:01.355, `last_seen` = 2026-06-18 00:51:08.674, `email` = null, `discord` = null, `settings` = '{"settings":[{"value":"survival","key":"last-server"},{"value":"en","key":"language"}],"version":0}' WHERE `ai` = 2" (applied to [last_ip, last_seen, settings] columns)
[2026/06/18 00:51:08]: [nLogin] The user nivinpro9 has successfully logged in.
[2026/06/18 00:55:24]: §3[nLogin] [DEBUG] [SQLite] [UPDATE]: "INSERT INTO `nlogin` (`last_name`, `unique_id`, `mojang_id`, `bedrock_id`, `password`, `last_ip`, `creation_date`, `last_seen`, `email`, `discord`, `settings`) VALUES ('Unknown_Star_', 81155c9ceacb3c44b91a51deba900f9c, null, null, '$2a$10$3NvdxsRYlYHMjmQXi4bV2uUWMkYZsfAmI46SZT9JyJN/w2oMy1.T2', '0:0:0:0:0:0:0:1', '2026-06-18 00:55:24.387', '2026-06-18 00:55:24.387', null, null, '{"settings":[{"value":true,"key":"force-invalid-session"}],"version":0}')" (applied to all columns)
[2026/06/18 00:55:24]: [nLogin] The user Unknown_Star_ has successfully registered.
[2026/06/18 00:55:28]: §3[nLogin] [DEBUG] [SQLite] [UPDATE]: "UPDATE `nlogin` SET `last_name` = 'Unknown_Star_', `unique_id` = 81155c9ceacb3c44b91a51deba900f9c,  `mojang_id` = null,  `bedrock_id` = null,  `password` = '$2a$10$3NvdxsRYlYHMjmQXi4bV2uUWMkYZsfAmI46SZT9JyJN/w2oMy1.T2', `last_ip` = '0:0:0:0:0:0:0:1', `creation_date` = 2026-06-18 00:55:24.387, `last_seen` = 2026-06-18 00:55:28.27, `email` = null, `discord` = null, `settings` = '{"settings":[{"value":true,"key":"force-invalid-session"},{"value":"auth","key":"last-server"},{"value":"en","key":"language"}],"version":0}' WHERE `ai` = 16" (applied to [last_seen, settings] columns)
[2026/06/18 00:55:43]: §3[nLogin] [DEBUG] [SQLite] [UPDATE]: "UPDATE `nlogin` SET `last_name` = 'Starlet2428', `unique_id` = a161b446a0643173b24c932f0a76d6fb,  `mojang_id` = null,  `bedrock_id` = null,  `password` = '$2a$10$5up0jXvoXXM0.HjHN9zzEehbcxAYGSQg95mg9OLjbI3QJx.GTqFJK', `last_ip` = '0:0:0:0:0:0:0:1', `creation_date` = 2026-06-05 07:17:57.702, `last_seen` = 2026-06-18 00:55:43.796, `email` = null, `discord` = null, `settings` = '{"settings":[{"value":"survival","key":"last-server"},{"value":"en","key":"language"}],"version":0}' WHERE `ai` = 9" (applied to [last_ip, last_seen, settings] columns)
[2026/06/18 00:55:43]: [nLogin] The user Starlet2428 has successfully logged in.
[2026/06/18 01:12:04]: §3[nLogin] [DEBUG] [SQLite] [UPDATE]: "UPDATE `nlogin` SET `last_name` = 'Starlet2428', `unique_id` = a161b446a0643173b24c932f0a76d6fb,  `mojang_id` = null,  `bedrock_id` = null,  `password` = '$2a$10$5up0jXvoXXM0.HjHN9zzEehbcxAYGSQg95mg9OLjbI3QJx.GTqFJK', `last_ip` = '0:0:0:0:0:0:0:1', `creation_date` = 2026-06-05 07:17:57.702, `last_seen` = 2026-06-18 01:12:04.069, `email` = null, `discord` = null, `settings` = '{"settings":[{"value":"survival","key":"last-server"},{"value":"en","key":"language"}],"version":0}' WHERE `ai` = 9" (applied to [last_seen, settings] columns)
[2026/06/18 01:12:10]: §3[nLogin] [DEBUG] [SQLite] [UPDATE]: "UPDATE `nlogin` SET `last_name` = 'Senpai_spider24', `unique_id` = a38e599c4bd03f28b65575431d8115c7,  `mojang_id` = null,  `bedrock_id` = null,  `password` = '$2a$10$C46POA10EqnZMFZimjAl1u0w09L2CWGskWYlz56tPImLtRQB3E7ni', `last_ip` = '0:0:0:0:0:0:0:1', `creation_date` = 2026-06-16 00:53:17.01, `last_seen` = 2026-06-18 01:12:10.653, `email` = null, `discord` = null, `settings` = '{"settings":[{"value":"survival","key":"last-server"},{"value":"en","key":"language"}],"version":0}' WHERE `ai` = 15" (applied to [last_seen, settings] columns)
[2026/06/18 01:13:03]: §3[nLogin] [DEBUG] [SQLite] [UPDATE]: "UPDATE `nlogin` SET `last_name` = 'ItzSammer', `unique_id` = a130978d5803371dab29c8f6ed7849bb,  `mojang_id` = null,  `bedrock_id` = null,  `password` = '$2a$10$XIwyRFUSP4TifbVnoP92l.aNeR1tn2MZ3CEB3y25gvrjwIuPfVLIS', `last_ip` = '0:0:0:0:0:0:0:1', `creation_date` = 2026-05-22 08:12:06.495, `last_seen` = 2026-06-18 01:13:03.183, `email` = null, `discord` = null, `settings` = '{"settings":[{"value":"en","key":"language"},{"value":"survival","key":"last-server"}],"version":0}' WHERE `ai` = 3" (applied to [last_seen, settings] columns)
[2026/06/18 01:13:08]: §3[nLogin] [DEBUG] [SQLite] [UPDATE]: "UPDATE `nlogin` SET `last_name` = 'nivinpro9', `unique_id` = 4df1ec90be0f38db83238a7809fc8069,  `mojang_id` = null,  `bedrock_id` = null,  `password` = '$2a$10$wb77FapEGHCoOMw2wLWV/u5AXgdz9CauOIj8/e6EUKxxBiDM3bcpW', `last_ip` = '0:0:0:0:0:0:0:1', `creation_date` = 2026-05-22 08:11:01.355, `last_seen` = 2026-06-18 01:13:08.615, `email` = null, `discord` = null, `settings` = '{"settings":[{"value":"survival","key":"last-server"},{"value":"en","key":"language"}],"version":0}' WHERE `ai` = 2" (applied to [last_seen, settings] columns)
