[2026/07/01 13:03:28]: §9          __             _       
[2026/07/01 13:03:28]: §9  _ __   / /  ___   __ _(_)_ __  
[2026/07/01 13:03:28]: §9 | '_ \ / /  / _ \ / _` | | '_ \ 
[2026/07/01 13:03:28]: §9 | | | / /__| (_) | (_| | | | | |
[2026/07/01 13:03:28]: §9 |_| |_\____/\___/ \__, |_|_| |_|
[2026/07/01 13:03:28]: §9                  |___/            
[2026/07/01 13:03:28]: §9 By: www.nickuc.com - V 10.4.27
[2026/07/01 13:03:28]: §9 
[2026/07/01 13:03:29]: §3[nLogin] [DEBUG] All settings were loaded in 548 ms.
[2026/07/01 13:03:29]: §3[nLogin] [DEBUG] Loading the messages_en.yml message file...
[2026/07/01 13:03:29]: §3[nLogin] [DEBUG] All plugin messages were loaded in 415 ms (languageByClient=false).
[2026/07/01 13:03:29]: §3[nLogin] [DEBUG] All proxy settings were loaded in 68 ms.
[2026/07/01 13:03:29]: §3[nLogin] [DEBUG] Loading database...
[2026/07/01 13:03:30]: §3[nLogin] [DEBUG] Starting logger filter...
[2026/07/01 13:03:35]: 
[2026/07/01 13:03:35]:  §bThank you so much for choosing nLogin! §4<3
[2026/07/01 13:03:35]: 
[2026/07/01 13:03:35]:  §4For your safety, please read the message below:
[2026/07/01 13:03:35]:   §cNever download nLogin from unknown sources.
[2026/07/01 13:03:35]:   §cA modified version may contain malicious software.
[2026/07/01 13:03:35]: 
[2026/07/01 13:03:35]:  §3Trusted sources:
[2026/07/01 13:03:35]:   §bwww.nickuc.com
[2026/07/01 13:03:35]:   §bwww.github.com/nickuc
[2026/07/01 13:03:35]:   §bOpeNLogin installer (from Spigot or GitHub)
[2026/07/01 13:03:35]: 
[2026/07/01 13:03:35]:  §3Official support channels:
[2026/07/01 13:03:35]:   §bDiscord group: §fwww.nickuc.com/discord
[2026/07/01 13:03:35]:   §bDocumentation: §fdocs.nickuc.com/nlogin/
[2026/07/01 13:03:35]:   §bEmail: §fsupport@nickuc.com
[2026/07/01 13:03:35]:   §bYouTube: §fyoutube.com/nickuc
[2026/07/01 13:03:35]: 
[2026/07/01 13:03:35]:  §eTo remove this warning, log in with "nlogin.admin" permission on the server
[2026/07/01 13:03:35]:  §eand click the "Setup plugin" button to configure your plugin.
[2026/07/01 13:03:35]: 
[2026/07/01 13:06:41]: §3[nLogin] [DEBUG] [SQLite] [UPDATE]: "UPDATE `nlogin` SET `last_name` = 'ItzSammer', `unique_id` = a130978d5803371dab29c8f6ed7849bb,  `mojang_id` = null,  `bedrock_id` = null,  `password` = '$2a$10$XIwyRFUSP4TifbVnoP92l.aNeR1tn2MZ3CEB3y25gvrjwIuPfVLIS', `last_ip` = '0:0:0:0:0:0:0:1', `creation_date` = 2026-05-22 08:12:06.495, `last_seen` = 2026-07-01 13:06:41.847, `email` = null, `discord` = null, `settings` = '{"settings":[{"value":"en","key":"language"},{"value":"survival","key":"last-server"}],"version":0}' WHERE `ai` = 3" (applied to [last_ip, last_seen, settings] columns)
[2026/07/01 13:06:41]: [nLogin] The user ItzSammer has successfully logged in.
[2026/07/01 13:08:57]: §3[nLogin] [DEBUG] [SQLite] [UPDATE]: "UPDATE `nlogin` SET `last_name` = 'ItzSammer', `unique_id` = a130978d5803371dab29c8f6ed7849bb,  `mojang_id` = null,  `bedrock_id` = null,  `password` = '$2a$10$XIwyRFUSP4TifbVnoP92l.aNeR1tn2MZ3CEB3y25gvrjwIuPfVLIS', `last_ip` = '0:0:0:0:0:0:0:1', `creation_date` = 2026-05-22 08:12:06.495, `last_seen` = 2026-07-01 13:08:57.32, `email` = null, `discord` = null, `settings` = '{"settings":[{"value":"en","key":"language"},{"value":"auth","key":"last-server"}],"version":0}' WHERE `ai` = 3" (applied to [last_seen, settings] columns)
[2026/07/01 13:17:08]: §3[nLogin] [DEBUG] [SQLite] [UPDATE]: "UPDATE `nlogin` SET `last_name` = 'ItzSilverStone', `unique_id` = e2dad5ccc0b53067b2b695a5ba246646,  `mojang_id` = null,  `bedrock_id` = null,  `password` = '$2a$10$CgoqgOvlxLq1lM8idbhhc.j0xqUyUnpeRjIQFMe715xwKUA2sJ9sW', `last_ip` = '0:0:0:0:0:0:0:1', `creation_date` = 2026-05-24 03:58:17.023, `last_seen` = 2026-07-01 13:17:08.68, `email` = null, `discord` = null, `settings` = '{"settings":[{"value":"auth","key":"last-server"},{"value":"en","key":"language"}],"version":0}' WHERE `ai` = 6" (applied to [last_ip, last_seen, settings] columns)
[2026/07/01 13:17:08]: [nLogin] The user ItzSilverStone has successfully logged in.
[2026/07/01 13:17:14]: §3[nLogin] [DEBUG] [SQLite] [UPDATE]: "UPDATE `nlogin` SET `last_name` = 'ItzSilverStone', `unique_id` = e2dad5ccc0b53067b2b695a5ba246646,  `mojang_id` = null,  `bedrock_id` = null,  `password` = '$2a$10$CgoqgOvlxLq1lM8idbhhc.j0xqUyUnpeRjIQFMe715xwKUA2sJ9sW', `last_ip` = '0:0:0:0:0:0:0:1', `creation_date` = 2026-05-24 03:58:17.023, `last_seen` = 2026-07-01 13:17:14.091, `email` = null, `discord` = null, `settings` = '{"settings":[{"value":"auth","key":"last-server"},{"value":"en","key":"language"}],"version":0}' WHERE `ai` = 6" (applied to [last_seen, settings] columns)
[2026/07/01 13:17:44]: §3[nLogin] [DEBUG] [SQLite] [UPDATE]: "UPDATE `nlogin` SET `last_name` = 'silverstone2328', `unique_id` = 976f3612e2303e3e8654e0f7e10140ca,  `mojang_id` = null,  `bedrock_id` = null,  `password` = '$2a$10$ZsseWbgMCdK9yqYpA.Yw9u0qVQlmz465MrCeNjIdqDZ7X.zO/lwmC', `last_ip` = '0:0:0:0:0:0:0:1', `creation_date` = 2026-06-12 02:03:25.176, `last_seen` = 2026-07-01 13:17:44.078, `email` = null, `discord` = null, `settings` = '{"settings":[{"value":"survival","key":"last-server"},{"value":"en","key":"language"}],"version":0}' WHERE `ai` = 10" (applied to [last_ip, last_seen, settings] columns)
[2026/07/01 13:17:44]: [nLogin] The user silverstone2328 has successfully logged in.
[2026/07/01 13:19:13]: §3[nLogin] [DEBUG] [SQLite] [UPDATE]: "UPDATE `nlogin` SET `last_name` = 'silverstone2328', `unique_id` = 976f3612e2303e3e8654e0f7e10140ca,  `mojang_id` = null,  `bedrock_id` = null,  `password` = '$2a$10$ZsseWbgMCdK9yqYpA.Yw9u0qVQlmz465MrCeNjIdqDZ7X.zO/lwmC', `last_ip` = '0:0:0:0:0:0:0:1', `creation_date` = 2026-06-12 02:03:25.176, `last_seen` = 2026-07-01 13:19:13.667, `email` = null, `discord` = null, `settings` = '{"settings":[{"value":"survival","key":"last-server"},{"value":"en","key":"language"}],"version":0}' WHERE `ai` = 10" (applied to [last_seen, settings] columns)
[2026/07/01 13:19:13]: [nLogin] Successful plugin core shutdown (took 0.00s)
