[2026/07/06 11:14:32]: §9          __             _       
[2026/07/06 11:14:32]: §9  _ __   / /  ___   __ _(_)_ __  
[2026/07/06 11:14:32]: §9 | '_ \ / /  / _ \ / _` | | '_ \ 
[2026/07/06 11:14:32]: §9 | | | / /__| (_) | (_| | | | | |
[2026/07/06 11:14:32]: §9 |_| |_\____/\___/ \__, |_|_| |_|
[2026/07/06 11:14:32]: §9                  |___/            
[2026/07/06 11:14:32]: §9 By: www.nickuc.com - V 10.4.27
[2026/07/06 11:14:32]: §9 
[2026/07/06 11:14:32]: §3[nLogin] [DEBUG] All settings were loaded in 499 ms.
[2026/07/06 11:14:33]: §3[nLogin] [DEBUG] Loading the messages_en.yml message file...
[2026/07/06 11:14:33]: §3[nLogin] [DEBUG] All plugin messages were loaded in 157 ms (languageByClient=false).
[2026/07/06 11:14:33]: §3[nLogin] [DEBUG] All proxy settings were loaded in 16 ms.
[2026/07/06 11:14:33]: §3[nLogin] [DEBUG] Loading database...
[2026/07/06 11:14:33]: §3[nLogin] [DEBUG] Starting logger filter...
[2026/07/06 11:14:38]: 
[2026/07/06 11:14:38]:  §bThank you so much for choosing nLogin! §4<3
[2026/07/06 11:14:38]: 
[2026/07/06 11:14:38]:  §4For your safety, please read the message below:
[2026/07/06 11:14:38]:   §cNever download nLogin from unknown sources.
[2026/07/06 11:14:38]:   §cA modified version may contain malicious software.
[2026/07/06 11:14:38]: 
[2026/07/06 11:14:38]:  §3Trusted sources:
[2026/07/06 11:14:38]:   §bwww.nickuc.com
[2026/07/06 11:14:38]:   §bwww.github.com/nickuc
[2026/07/06 11:14:38]:   §bOpeNLogin installer (from Spigot or GitHub)
[2026/07/06 11:14:38]: 
[2026/07/06 11:14:38]:  §3Official support channels:
[2026/07/06 11:14:38]:   §bDiscord group: §fwww.nickuc.com/discord
[2026/07/06 11:14:38]:   §bDocumentation: §fdocs.nickuc.com/nlogin/
[2026/07/06 11:14:38]:   §bEmail: §fsupport@nickuc.com
[2026/07/06 11:14:38]:   §bYouTube: §fyoutube.com/nickuc
[2026/07/06 11:14:38]: 
[2026/07/06 11:14:38]:  §eTo remove this warning, log in with "nlogin.admin" permission on the server
[2026/07/06 11:14:38]:  §eand click the "Setup plugin" button to configure your plugin.
[2026/07/06 11:14:38]: 
[2026/07/06 11:18:09]: §3[nLogin] [DEBUG] [SQLite] [UPDATE]: "UPDATE `nlogin` SET `last_name` = 'DoctorrMomo', `unique_id` = 1761bae3efb93a39b93a4b2fed96d855,  `mojang_id` = null,  `bedrock_id` = null,  `password` = '$2a$10$xS2ILb3eetTGPuw3bXCF1.BnZdCXddXp.TczC14hOnPpnMu2yoc52', `last_ip` = '0:0:0:0:0:0:0:1', `creation_date` = 2026-05-22 10:14:53.931, `last_seen` = 2026-07-06 11:18:09.16, `email` = null, `discord` = null, `settings` = '{"settings":[{"value":"survival","key":"last-server"},{"value":"en","key":"language"}],"version":0}' WHERE `ai` = 4" (applied to [last_ip, last_seen, settings] columns)
[2026/07/06 11:18:09]: [nLogin] The user DoctorrMomo has successfully logged in.
[2026/07/06 11:18:18]: §3[nLogin] [DEBUG] [SQLite] [UPDATE]: "UPDATE `nlogin` SET `last_name` = 'DoctorrMomo', `unique_id` = 1761bae3efb93a39b93a4b2fed96d855,  `mojang_id` = null,  `bedrock_id` = null,  `password` = '$2a$10$xS2ILb3eetTGPuw3bXCF1.BnZdCXddXp.TczC14hOnPpnMu2yoc52', `last_ip` = '0:0:0:0:0:0:0:1', `creation_date` = 2026-05-22 10:14:53.931, `last_seen` = 2026-07-06 11:18:18.211, `email` = null, `discord` = null, `settings` = '{"settings":[{"value":"auth","key":"last-server"},{"value":"en","key":"language"}],"version":0}' WHERE `ai` = 4" (applied to [last_seen, settings] columns)
[2026/07/06 11:18:31]: §3[nLogin] [DEBUG] [SQLite] [UPDATE]: "UPDATE `nlogin` SET `last_name` = 'DoctorrMomo', `unique_id` = 1761bae3efb93a39b93a4b2fed96d855,  `mojang_id` = null,  `bedrock_id` = null,  `password` = '$2a$10$xS2ILb3eetTGPuw3bXCF1.BnZdCXddXp.TczC14hOnPpnMu2yoc52', `last_ip` = '0:0:0:0:0:0:0:1', `creation_date` = 2026-05-22 10:14:53.931, `last_seen` = 2026-07-06 11:18:31.039, `email` = null, `discord` = null, `settings` = '{"settings":[{"value":"auth","key":"last-server"},{"value":"en","key":"language"}],"version":0}' WHERE `ai` = 4" (applied to [last_ip, last_seen, settings] columns)
[2026/07/06 11:18:31]: [nLogin] The user DoctorrMomo has successfully logged in.
[2026/07/06 11:18:57]: §3[nLogin] [DEBUG] [SQLite] [UPDATE]: "UPDATE `nlogin` SET `last_name` = 'DoctorrMomo', `unique_id` = 1761bae3efb93a39b93a4b2fed96d855,  `mojang_id` = null,  `bedrock_id` = null,  `password` = '$2a$10$xS2ILb3eetTGPuw3bXCF1.BnZdCXddXp.TczC14hOnPpnMu2yoc52', `last_ip` = '0:0:0:0:0:0:0:1', `creation_date` = 2026-05-22 10:14:53.931, `last_seen` = 2026-07-06 11:18:57.908, `email` = null, `discord` = null, `settings` = '{"settings":[{"value":"survival","key":"last-server"},{"value":"en","key":"language"}],"version":0}' WHERE `ai` = 4" (applied to [last_seen, settings] columns)
