[2026/07/17 12:22:53]: §9          __             _       
[2026/07/17 12:22:53]: §9  _ __   / /  ___   __ _(_)_ __  
[2026/07/17 12:22:53]: §9 | '_ \ / /  / _ \ / _` | | '_ \ 
[2026/07/17 12:22:53]: §9 | | | / /__| (_) | (_| | | | | |
[2026/07/17 12:22:53]: §9 |_| |_\____/\___/ \__, |_|_| |_|
[2026/07/17 12:22:53]: §9                  |___/            
[2026/07/17 12:22:53]: §9 By: www.nickuc.com - V 10.4.27
[2026/07/17 12:22:53]: §9 
[2026/07/17 12:22:54]: §3[nLogin] [DEBUG] All settings were loaded in 428 ms.
[2026/07/17 12:22:54]: §3[nLogin] [DEBUG] Loading the messages_en.yml message file...
[2026/07/17 12:22:54]: §3[nLogin] [DEBUG] All plugin messages were loaded in 145 ms (languageByClient=false).
[2026/07/17 12:22:54]: §3[nLogin] [DEBUG] All proxy settings were loaded in 31 ms.
[2026/07/17 12:22:54]: §3[nLogin] [DEBUG] Loading database...
[2026/07/17 12:22:55]: §3[nLogin] [DEBUG] Starting logger filter...
[2026/07/17 12:23:00]: 
[2026/07/17 12:23:00]:  §bThank you so much for choosing nLogin! §4<3
[2026/07/17 12:23:00]: 
[2026/07/17 12:23:00]:  §4For your safety, please read the message below:
[2026/07/17 12:23:00]:   §cNever download nLogin from unknown sources.
[2026/07/17 12:23:00]:   §cA modified version may contain malicious software.
[2026/07/17 12:23:00]: 
[2026/07/17 12:23:00]:  §3Trusted sources:
[2026/07/17 12:23:00]:   §bwww.nickuc.com
[2026/07/17 12:23:00]:   §bwww.github.com/nickuc
[2026/07/17 12:23:00]:   §bOpeNLogin installer (from Spigot or GitHub)
[2026/07/17 12:23:00]: 
[2026/07/17 12:23:00]:  §3Official support channels:
[2026/07/17 12:23:00]:   §bDiscord group: §fwww.nickuc.com/discord
[2026/07/17 12:23:00]:   §bDocumentation: §fdocs.nickuc.com/nlogin/
[2026/07/17 12:23:00]:   §bEmail: §fsupport@nickuc.com
[2026/07/17 12:23:00]:   §bYouTube: §fyoutube.com/nickuc
[2026/07/17 12:23:00]: 
[2026/07/17 12:23:00]:  §eTo remove this warning, log in with "nlogin.admin" permission on the server
[2026/07/17 12:23:00]:  §eand click the "Setup plugin" button to configure your plugin.
[2026/07/17 12:23:00]: 
[2026/07/17 12:23:40]: §3[nLogin] [DEBUG] [SQLite] [UPDATE]: "UPDATE `nlogin` SET `last_name` = 'ItzSammer', `unique_id` = a130978d5803371dab29c8f6ed7849bb,  `mojang_id` = null,  `bedrock_id` = null,  `password` = '$2a$10$XIwyRFUSP4TifbVnoP92l.aNeR1tn2MZ3CEB3y25gvrjwIuPfVLIS', `last_ip` = '0:0:0:0:0:0:0:1', `creation_date` = 2026-05-22 08:12:06.495, `last_seen` = 2026-07-17 12:23:40.677, `email` = null, `discord` = null, `settings` = '{"settings":[{"value":"en","key":"language"},{"value":"survival","key":"last-server"}],"version":0}' WHERE `ai` = 3" (applied to [last_ip, last_seen, settings] columns)
[2026/07/17 12:23:40]: [nLogin] The user ItzSammer has successfully logged in.
[2026/07/17 12:28:01]: §3[nLogin] [DEBUG] [SQLite] [UPDATE]: "INSERT INTO `nlogin` (`last_name`, `unique_id`, `mojang_id`, `bedrock_id`, `password`, `last_ip`, `creation_date`, `last_seen`, `email`, `discord`, `settings`) VALUES ('ShadowLilly', 08b6deaea73b3f26b1b9a1edcaa0ad47, null, null, '$2a$10$K2K1udzQWObXQeGpF7Dh5uAjdsxADUfLZRNeL9VOCk/ZIHiJFjJS2', '0:0:0:0:0:0:0:1', '2026-07-17 12:28:01.458', '2026-07-17 12:28:01.458', null, null, '{"settings":[{"value":true,"key":"force-invalid-session"}],"version":0}')" (applied to all columns)
[2026/07/17 12:28:01]: [nLogin] The user ShadowLilly has successfully registered.
[2026/07/17 12:33:54]: §3[nLogin] [DEBUG] [SQLite] [UPDATE]: "UPDATE `nlogin` SET `last_name` = 'ShadowLilly', `unique_id` = 08b6deaea73b3f26b1b9a1edcaa0ad47,  `mojang_id` = null,  `bedrock_id` = null,  `password` = '$2a$10$K2K1udzQWObXQeGpF7Dh5uAjdsxADUfLZRNeL9VOCk/ZIHiJFjJS2', `last_ip` = '0:0:0:0:0:0:0:1', `creation_date` = 2026-07-17 12:28:01.458, `last_seen` = 2026-07-17 12:33:54.542, `email` = null, `discord` = null, `settings` = '{"settings":[{"value":true,"key":"force-invalid-session"},{"value":"survival","key":"last-server"},{"value":"en","key":"language"}],"version":0}' WHERE `ai` = 21" (applied to [last_seen, settings] columns)
[2026/07/17 12:33:56]: §3[nLogin] [DEBUG] [SQLite] [UPDATE]: "UPDATE `nlogin` SET `last_name` = 'ItzSammer', `unique_id` = a130978d5803371dab29c8f6ed7849bb,  `mojang_id` = null,  `bedrock_id` = null,  `password` = '$2a$10$XIwyRFUSP4TifbVnoP92l.aNeR1tn2MZ3CEB3y25gvrjwIuPfVLIS', `last_ip` = '0:0:0:0:0:0:0:1', `creation_date` = 2026-05-22 08:12:06.495, `last_seen` = 2026-07-17 12:33:56.791, `email` = null, `discord` = null, `settings` = '{"settings":[{"value":"en","key":"language"},{"value":"survival","key":"last-server"}],"version":0}' WHERE `ai` = 3" (applied to [last_seen, settings] columns)
