[2026/06/12 02:01:29]: §9          __             _       
[2026/06/12 02:01:29]: §9  _ __   / /  ___   __ _(_)_ __  
[2026/06/12 02:01:29]: §9 | '_ \ / /  / _ \ / _` | | '_ \ 
[2026/06/12 02:01:29]: §9 | | | / /__| (_) | (_| | | | | |
[2026/06/12 02:01:29]: §9 |_| |_\____/\___/ \__, |_|_| |_|
[2026/06/12 02:01:29]: §9                  |___/            
[2026/06/12 02:01:29]: §9 By: www.nickuc.com - V 10.4.27
[2026/06/12 02:01:29]: §9 
[2026/06/12 02:01:30]: §3[nLogin] [DEBUG] All settings were loaded in 703 ms.
[2026/06/12 02:01:30]: §3[nLogin] [DEBUG] Loading the messages_en.yml message file...
[2026/06/12 02:01:30]: §3[nLogin] [DEBUG] All plugin messages were loaded in 185 ms (languageByClient=false).
[2026/06/12 02:01:30]: §3[nLogin] [DEBUG] All proxy settings were loaded in 23 ms.
[2026/06/12 02:01:30]: §3[nLogin] [DEBUG] Loading database...
[2026/06/12 02:01:31]: §3[nLogin] [DEBUG] Starting logger filter...
[2026/06/12 02:01:36]: 
[2026/06/12 02:01:36]:  §bThank you so much for choosing nLogin! §4<3
[2026/06/12 02:01:36]: 
[2026/06/12 02:01:36]:  §4For your safety, please read the message below:
[2026/06/12 02:01:36]:   §cNever download nLogin from unknown sources.
[2026/06/12 02:01:36]:   §cA modified version may contain malicious software.
[2026/06/12 02:01:36]: 
[2026/06/12 02:01:36]:  §3Trusted sources:
[2026/06/12 02:01:36]:   §bwww.nickuc.com
[2026/06/12 02:01:36]:   §bwww.github.com/nickuc
[2026/06/12 02:01:36]:   §bOpeNLogin installer (from Spigot or GitHub)
[2026/06/12 02:01:36]: 
[2026/06/12 02:01:36]:  §3Official support channels:
[2026/06/12 02:01:36]:   §bDiscord group: §fwww.nickuc.com/discord
[2026/06/12 02:01:36]:   §bDocumentation: §fdocs.nickuc.com/nlogin/
[2026/06/12 02:01:36]:   §bEmail: §fsupport@nickuc.com
[2026/06/12 02:01:36]:   §bYouTube: §fyoutube.com/nickuc
[2026/06/12 02:01:36]: 
[2026/06/12 02:01:36]:  §eTo remove this warning, log in with "nlogin.admin" permission on the server
[2026/06/12 02:01:36]:  §eand click the "Setup plugin" button to configure your plugin.
[2026/06/12 02:01:36]: 
[2026/06/12 02:01:54]: §3[nLogin] [DEBUG] [SQLite] [UPDATE]: "UPDATE `nlogin` SET `last_name` = 'ItzSammer', `unique_id` = a130978d5803371dab29c8f6ed7849bb,  `mojang_id` = null,  `bedrock_id` = null,  `password` = '$2a$10$XIwyRFUSP4TifbVnoP92l.aNeR1tn2MZ3CEB3y25gvrjwIuPfVLIS', `last_ip` = '0:0:0:0:0:0:0:1', `creation_date` = 2026-05-22 08:12:06.495, `last_seen` = 2026-06-12 02:01:54.84, `email` = null, `discord` = null, `settings` = '{"settings":[{"value":"en","key":"language"},{"value":"survival","key":"last-server"}],"version":0}' WHERE `ai` = 3" (applied to [last_ip, last_seen, settings] columns)
[2026/06/12 02:01:54]: [nLogin] The user ItzSammer has successfully logged in.
[2026/06/12 02:02:38]: §3[nLogin] [DEBUG] The ItzSilverStone (0:0:0:0:0:0:0:1) player entered an incorrect password
[2026/06/12 02:03:18]: §3[nLogin] [DEBUG] [SQLite] [UPDATE]: "UPDATE `nlogin` SET `last_name` = 'ItzSammer', `unique_id` = a130978d5803371dab29c8f6ed7849bb,  `mojang_id` = null,  `bedrock_id` = null,  `password` = '$2a$10$XIwyRFUSP4TifbVnoP92l.aNeR1tn2MZ3CEB3y25gvrjwIuPfVLIS', `last_ip` = '0:0:0:0:0:0:0:1', `creation_date` = 2026-05-22 08:12:06.495, `last_seen` = 2026-06-12 02:03:18.447, `email` = null, `discord` = null, `settings` = '{"settings":[{"value":"en","key":"language"},{"value":"survival","key":"last-server"}],"version":0}' WHERE `ai` = 3" (applied to [last_seen, settings] columns)
[2026/06/12 02:03:25]: §3[nLogin] [DEBUG] [SQLite] [UPDATE]: "INSERT INTO `nlogin` (`last_name`, `unique_id`, `mojang_id`, `bedrock_id`, `password`, `last_ip`, `creation_date`, `last_seen`, `email`, `discord`, `settings`) VALUES ('silverstone2328', 976f3612e2303e3e8654e0f7e10140ca, null, null, '$2a$10$ZsseWbgMCdK9yqYpA.Yw9u0qVQlmz465MrCeNjIdqDZ7X.zO/lwmC', '0:0:0:0:0:0:0:1', '2026-06-12 02:03:25.176', '2026-06-12 02:03:25.176', null, null, '{"settings":[{"value":true,"key":"force-invalid-session"}],"version":0}')" (applied to all columns)
[2026/06/12 02:03:25]: [nLogin] The user silverstone2328 has successfully registered.
[2026/06/12 02:03:35]: §3[nLogin] [DEBUG] [SQLite] [UPDATE]: "UPDATE `nlogin` SET `last_name` = 'ItzSammer', `unique_id` = a130978d5803371dab29c8f6ed7849bb,  `mojang_id` = null,  `bedrock_id` = null,  `password` = '$2a$10$XIwyRFUSP4TifbVnoP92l.aNeR1tn2MZ3CEB3y25gvrjwIuPfVLIS', `last_ip` = '0:0:0:0:0:0:0:1', `creation_date` = 2026-05-22 08:12:06.495, `last_seen` = 2026-06-12 02:03:35.96, `email` = null, `discord` = null, `settings` = '{"settings":[{"value":"en","key":"language"},{"value":"survival","key":"last-server"}],"version":0}' WHERE `ai` = 3" (applied to [last_ip, last_seen, settings] columns)
[2026/06/12 02:03:35]: [nLogin] The user ItzSammer has successfully logged in.
[2026/06/12 02:03:49]: §3[nLogin] [DEBUG] [SQLite] [UPDATE]: "UPDATE `nlogin` SET `last_name` = 'silverstone2328', `unique_id` = 976f3612e2303e3e8654e0f7e10140ca,  `mojang_id` = null,  `bedrock_id` = null,  `password` = '$2a$10$ZsseWbgMCdK9yqYpA.Yw9u0qVQlmz465MrCeNjIdqDZ7X.zO/lwmC', `last_ip` = '0:0:0:0:0:0:0:1', `creation_date` = 2026-06-12 02:03:25.176, `last_seen` = 2026-06-12 02:03:49.956, `email` = null, `discord` = null, `settings` = '{"settings":[{"value":true,"key":"force-invalid-session"},{"value":"survival","key":"last-server"},{"value":"en","key":"language"}],"version":0}' WHERE `ai` = 10" (applied to [last_seen, settings] columns)
[2026/06/12 02:03:52]: §3[nLogin] [DEBUG] [SQLite] [UPDATE]: "UPDATE `nlogin` SET `last_name` = 'ItzSammer', `unique_id` = a130978d5803371dab29c8f6ed7849bb,  `mojang_id` = null,  `bedrock_id` = null,  `password` = '$2a$10$XIwyRFUSP4TifbVnoP92l.aNeR1tn2MZ3CEB3y25gvrjwIuPfVLIS', `last_ip` = '0:0:0:0:0:0:0:1', `creation_date` = 2026-05-22 08:12:06.495, `last_seen` = 2026-06-12 02:03:52.279, `email` = null, `discord` = null, `settings` = '{"settings":[{"value":"en","key":"language"},{"value":"survival","key":"last-server"}],"version":0}' WHERE `ai` = 3" (applied to [last_seen, settings] columns)
[2026/06/12 02:24:50]: §3[nLogin] [DEBUG] [SQLite] [UPDATE]: "UPDATE `nlogin` SET `last_name` = 'nivinpro9', `unique_id` = 4df1ec90be0f38db83238a7809fc8069,  `mojang_id` = null,  `bedrock_id` = null,  `password` = '$2a$10$wb77FapEGHCoOMw2wLWV/u5AXgdz9CauOIj8/e6EUKxxBiDM3bcpW', `last_ip` = '0:0:0:0:0:0:0:1', `creation_date` = 2026-05-22 08:11:01.355, `last_seen` = 2026-06-12 02:24:50.9, `email` = null, `discord` = null, `settings` = '{"settings":[{"value":"survival","key":"last-server"},{"value":"en","key":"language"}],"version":0}' WHERE `ai` = 2" (applied to [last_ip, last_seen, settings] columns)
[2026/06/12 02:24:50]: [nLogin] The user nivinpro9 has successfully logged in.
[2026/06/12 02:29:09]: §3[nLogin] [DEBUG] [SQLite] [UPDATE]: "UPDATE `nlogin` SET `last_name` = 'nivinpro9', `unique_id` = 4df1ec90be0f38db83238a7809fc8069,  `mojang_id` = null,  `bedrock_id` = null,  `password` = '$2a$10$wb77FapEGHCoOMw2wLWV/u5AXgdz9CauOIj8/e6EUKxxBiDM3bcpW', `last_ip` = '0:0:0:0:0:0:0:1', `creation_date` = 2026-05-22 08:11:01.355, `last_seen` = 2026-06-12 02:29:09.853, `email` = null, `discord` = null, `settings` = '{"settings":[{"value":"survival","key":"last-server"},{"value":"en","key":"language"}],"version":0}' WHERE `ai` = 2" (applied to [last_seen, settings] columns)
