[2026/06/04 03:45:15]: §9          __             _       
[2026/06/04 03:45:15]: §9  _ __   / /  ___   __ _(_)_ __  
[2026/06/04 03:45:15]: §9 | '_ \ / /  / _ \ / _` | | '_ \ 
[2026/06/04 03:45:15]: §9 | | | / /__| (_) | (_| | | | | |
[2026/06/04 03:45:15]: §9 |_| |_\____/\___/ \__, |_|_| |_|
[2026/06/04 03:45:15]: §9                  |___/            
[2026/06/04 03:45:15]: §9 By: www.nickuc.com - V 10.4.27
[2026/06/04 03:45:15]: §9 
[2026/06/04 03:45:16]: §3[nLogin] [DEBUG] All settings were loaded in 389 ms.
[2026/06/04 03:45:16]: §3[nLogin] [DEBUG] Loading the messages_en.yml message file...
[2026/06/04 03:45:16]: §3[nLogin] [DEBUG] All plugin messages were loaded in 153 ms (languageByClient=false).
[2026/06/04 03:45:16]: §3[nLogin] [DEBUG] All proxy settings were loaded in 25 ms.
[2026/06/04 03:45:16]: §3[nLogin] [DEBUG] Loading database...
[2026/06/04 03:45:16]: §3[nLogin] [DEBUG] Starting logger filter...
[2026/06/04 03:45:22]: 
[2026/06/04 03:45:22]:  §bThank you so much for choosing nLogin! §4<3
[2026/06/04 03:45:22]: 
[2026/06/04 03:45:22]:  §4For your safety, please read the message below:
[2026/06/04 03:45:22]:   §cNever download nLogin from unknown sources.
[2026/06/04 03:45:22]:   §cA modified version may contain malicious software.
[2026/06/04 03:45:22]: 
[2026/06/04 03:45:22]:  §3Trusted sources:
[2026/06/04 03:45:22]:   §bwww.nickuc.com
[2026/06/04 03:45:22]:   §bwww.github.com/nickuc
[2026/06/04 03:45:22]:   §bOpeNLogin installer (from Spigot or GitHub)
[2026/06/04 03:45:22]: 
[2026/06/04 03:45:22]:  §3Official support channels:
[2026/06/04 03:45:22]:   §bDiscord group: §fwww.nickuc.com/discord
[2026/06/04 03:45:22]:   §bDocumentation: §fdocs.nickuc.com/nlogin/
[2026/06/04 03:45:22]:   §bEmail: §fsupport@nickuc.com
[2026/06/04 03:45:22]:   §bYouTube: §fyoutube.com/nickuc
[2026/06/04 03:45:22]: 
[2026/06/04 03:45:22]:  §eTo remove this warning, log in with "nlogin.admin" permission on the server
[2026/06/04 03:45:22]:  §eand click the "Setup plugin" button to configure your plugin.
[2026/06/04 03:45:22]: 
[2026/06/04 03:46:03]: §3[nLogin] [DEBUG] [SQLite] [UPDATE]: "UPDATE `nlogin` SET `last_name` = 'Syntaxsavy', `unique_id` = aa232e413abb3d708075301c7e809f31,  `mojang_id` = null,  `bedrock_id` = null,  `password` = '$2a$10$.ljYOee/FJ43P4ki0DC4Ruya8j2EqpY5NrBAxmn5Rubce.lktv4a6', `last_ip` = '0:0:0:0:0:0:0:1', `creation_date` = 2026-05-23 12:18:00.346, `last_seen` = 2026-06-04 03:46:03.41, `email` = null, `discord` = null, `settings` = '{"settings":[{"value":"survival","key":"last-server"},{"value":"en","key":"language"}],"version":0}' WHERE `ai` = 5" (applied to [last_ip, last_seen, settings] columns)
[2026/06/04 03:46:03]: [nLogin] The user Syntaxsavy has successfully logged in.
[2026/06/04 03:46:12]: §3[nLogin] [DEBUG] [SQLite] [UPDATE]: "UPDATE `nlogin` SET `last_name` = 'ItzSammer', `unique_id` = a130978d5803371dab29c8f6ed7849bb,  `mojang_id` = null,  `bedrock_id` = null,  `password` = '$2a$10$XIwyRFUSP4TifbVnoP92l.aNeR1tn2MZ3CEB3y25gvrjwIuPfVLIS', `last_ip` = '0:0:0:0:0:0:0:1', `creation_date` = 2026-05-22 08:12:06.495, `last_seen` = 2026-06-04 03:46:12.425, `email` = null, `discord` = null, `settings` = '{"settings":[{"value":"en","key":"language"},{"value":"survival","key":"last-server"}],"version":0}' WHERE `ai` = 3" (applied to [last_ip, last_seen, settings] columns)
[2026/06/04 03:46:12]: [nLogin] The user ItzSammer has successfully logged in.
[2026/06/04 03:46:18]: §3[nLogin] [DEBUG] [SQLite] [UPDATE]: "UPDATE `nlogin` SET `last_name` = 'nivinpro9', `unique_id` = 4df1ec90be0f38db83238a7809fc8069,  `mojang_id` = null,  `bedrock_id` = null,  `password` = '$2a$10$wb77FapEGHCoOMw2wLWV/u5AXgdz9CauOIj8/e6EUKxxBiDM3bcpW', `last_ip` = '0:0:0:0:0:0:0:1', `creation_date` = 2026-05-22 08:11:01.355, `last_seen` = 2026-06-04 03:46:18.808, `email` = null, `discord` = null, `settings` = '{"settings":[{"value":"survival","key":"last-server"},{"value":"en","key":"language"}],"version":0}' WHERE `ai` = 2" (applied to [last_ip, last_seen, settings] columns)
[2026/06/04 03:46:18]: [nLogin] The user nivinpro9 has successfully logged in.
[2026/06/04 03:48:50]: §3[nLogin] [DEBUG] [SQLite] [UPDATE]: "UPDATE `nlogin` SET `last_name` = 'Syntaxsavy', `unique_id` = aa232e413abb3d708075301c7e809f31,  `mojang_id` = null,  `bedrock_id` = null,  `password` = '$2a$10$.ljYOee/FJ43P4ki0DC4Ruya8j2EqpY5NrBAxmn5Rubce.lktv4a6', `last_ip` = '0:0:0:0:0:0:0:1', `creation_date` = 2026-05-23 12:18:00.346, `last_seen` = 2026-06-04 03:48:50.691, `email` = null, `discord` = null, `settings` = '{"settings":[{"value":"survival","key":"last-server"},{"value":"en","key":"language"}],"version":0}' WHERE `ai` = 5" (applied to [last_seen, settings] columns)
[2026/06/04 03:54:07]: §3[nLogin] [DEBUG] [SQLite] [UPDATE]: "UPDATE `nlogin` SET `last_name` = 'Syntaxsavy', `unique_id` = aa232e413abb3d708075301c7e809f31,  `mojang_id` = null,  `bedrock_id` = null,  `password` = '$2a$10$.ljYOee/FJ43P4ki0DC4Ruya8j2EqpY5NrBAxmn5Rubce.lktv4a6', `last_ip` = '0:0:0:0:0:0:0:1', `creation_date` = 2026-05-23 12:18:00.346, `last_seen` = 2026-06-04 03:54:07.009, `email` = null, `discord` = null, `settings` = '{"settings":[{"value":"survival","key":"last-server"},{"value":"en","key":"language"}],"version":0}' WHERE `ai` = 5" (applied to [last_ip, last_seen, settings] columns)
[2026/06/04 03:54:07]: [nLogin] The user Syntaxsavy has successfully logged in.
[2026/06/04 03:57:13]: §3[nLogin] [DEBUG] [SQLite] [UPDATE]: "UPDATE `nlogin` SET `last_name` = 'nivinpro9', `unique_id` = 4df1ec90be0f38db83238a7809fc8069,  `mojang_id` = null,  `bedrock_id` = null,  `password` = '$2a$10$wb77FapEGHCoOMw2wLWV/u5AXgdz9CauOIj8/e6EUKxxBiDM3bcpW', `last_ip` = '0:0:0:0:0:0:0:1', `creation_date` = 2026-05-22 08:11:01.355, `last_seen` = 2026-06-04 03:57:13.981, `email` = null, `discord` = null, `settings` = '{"settings":[{"value":"survival","key":"last-server"},{"value":"en","key":"language"}],"version":0}' WHERE `ai` = 2" (applied to [last_seen, settings] columns)
[2026/06/04 03:59:50]: §3[nLogin] [DEBUG] [SQLite] [UPDATE]: "UPDATE `nlogin` SET `last_name` = 'nivinpro9', `unique_id` = 4df1ec90be0f38db83238a7809fc8069,  `mojang_id` = null,  `bedrock_id` = null,  `password` = '$2a$10$wb77FapEGHCoOMw2wLWV/u5AXgdz9CauOIj8/e6EUKxxBiDM3bcpW', `last_ip` = '0:0:0:0:0:0:0:1', `creation_date` = 2026-05-22 08:11:01.355, `last_seen` = 2026-06-04 03:59:50.89, `email` = null, `discord` = null, `settings` = '{"settings":[{"value":"survival","key":"last-server"},{"value":"en","key":"language"}],"version":0}' WHERE `ai` = 2" (applied to [last_ip, last_seen, settings] columns)
[2026/06/04 03:59:50]: [nLogin] The user nivinpro9 has successfully logged in.
[2026/06/04 04:03:02]: §3[nLogin] [DEBUG] [SQLite] [UPDATE]: "UPDATE `nlogin` SET `last_name` = 'nivinpro9', `unique_id` = 4df1ec90be0f38db83238a7809fc8069,  `mojang_id` = null,  `bedrock_id` = null,  `password` = '$2a$10$wb77FapEGHCoOMw2wLWV/u5AXgdz9CauOIj8/e6EUKxxBiDM3bcpW', `last_ip` = '0:0:0:0:0:0:0:1', `creation_date` = 2026-05-22 08:11:01.355, `last_seen` = 2026-06-04 04:03:02.842, `email` = null, `discord` = null, `settings` = '{"settings":[{"value":"survival","key":"last-server"},{"value":"en","key":"language"}],"version":0}' WHERE `ai` = 2" (applied to [last_seen, settings] columns)
[2026/06/04 04:03:09]: §3[nLogin] [DEBUG] [SQLite] [UPDATE]: "UPDATE `nlogin` SET `last_name` = 'nivinpro9', `unique_id` = 4df1ec90be0f38db83238a7809fc8069,  `mojang_id` = null,  `bedrock_id` = null,  `password` = '$2a$10$wb77FapEGHCoOMw2wLWV/u5AXgdz9CauOIj8/e6EUKxxBiDM3bcpW', `last_ip` = '0:0:0:0:0:0:0:1', `creation_date` = 2026-05-22 08:11:01.355, `last_seen` = 2026-06-04 04:03:09.82, `email` = null, `discord` = null, `settings` = '{"settings":[{"value":"survival","key":"last-server"},{"value":"en","key":"language"}],"version":0}' WHERE `ai` = 2" (applied to [last_ip, last_seen, settings] columns)
[2026/06/04 04:03:09]: [nLogin] The user nivinpro9 has successfully logged in.
[2026/06/04 04:11:42]: §3[nLogin] [DEBUG] [SQLite] [UPDATE]: "UPDATE `nlogin` SET `last_name` = 'nivinpro9', `unique_id` = 4df1ec90be0f38db83238a7809fc8069,  `mojang_id` = null,  `bedrock_id` = null,  `password` = '$2a$10$wb77FapEGHCoOMw2wLWV/u5AXgdz9CauOIj8/e6EUKxxBiDM3bcpW', `last_ip` = '0:0:0:0:0:0:0:1', `creation_date` = 2026-05-22 08:11:01.355, `last_seen` = 2026-06-04 04:11:42.94, `email` = null, `discord` = null, `settings` = '{"settings":[{"value":"survival","key":"last-server"},{"value":"en","key":"language"}],"version":0}' WHERE `ai` = 2" (applied to [last_seen, settings] columns)
[2026/06/04 04:18:02]: §3[nLogin] [DEBUG] [SQLite] [UPDATE]: "UPDATE `nlogin` SET `last_name` = 'ItzSammer', `unique_id` = a130978d5803371dab29c8f6ed7849bb,  `mojang_id` = null,  `bedrock_id` = null,  `password` = '$2a$10$XIwyRFUSP4TifbVnoP92l.aNeR1tn2MZ3CEB3y25gvrjwIuPfVLIS', `last_ip` = '0:0:0:0:0:0:0:1', `creation_date` = 2026-05-22 08:12:06.495, `last_seen` = 2026-06-04 04:18:02.451, `email` = null, `discord` = null, `settings` = '{"settings":[{"value":"en","key":"language"},{"value":"survival","key":"last-server"}],"version":0}' WHERE `ai` = 3" (applied to [last_seen, settings] columns)
[2026/06/04 04:18:02]: §3[nLogin] [DEBUG] [SQLite] [UPDATE]: "UPDATE `nlogin` SET `last_name` = 'Syntaxsavy', `unique_id` = aa232e413abb3d708075301c7e809f31,  `mojang_id` = null,  `bedrock_id` = null,  `password` = '$2a$10$.ljYOee/FJ43P4ki0DC4Ruya8j2EqpY5NrBAxmn5Rubce.lktv4a6', `last_ip` = '0:0:0:0:0:0:0:1', `creation_date` = 2026-05-23 12:18:00.346, `last_seen` = 2026-06-04 04:18:02.907, `email` = null, `discord` = null, `settings` = '{"settings":[{"value":"survival","key":"last-server"},{"value":"en","key":"language"}],"version":0}' WHERE `ai` = 5" (applied to [last_seen, settings] columns)
[2026/06/04 04:29:29]: §3[nLogin] [DEBUG] [SQLite] [UPDATE]: "UPDATE `nlogin` SET `last_name` = 'ItzSilverStone', `unique_id` = e2dad5ccc0b53067b2b695a5ba246646,  `mojang_id` = null,  `bedrock_id` = null,  `password` = '$2a$10$CgoqgOvlxLq1lM8idbhhc.j0xqUyUnpeRjIQFMe715xwKUA2sJ9sW', `last_ip` = '0:0:0:0:0:0:0:1', `creation_date` = 2026-05-24 03:58:17.023, `last_seen` = 2026-06-04 04:29:29.67, `email` = null, `discord` = null, `settings` = '{"settings":[{"value":"survival","key":"last-server"},{"value":"en","key":"language"}],"version":0}' WHERE `ai` = 6" (applied to [last_ip, last_seen, settings] columns)
[2026/06/04 04:29:29]: [nLogin] The user ItzSilverStone has successfully logged in.
[2026/06/04 04:30:30]: §3[nLogin] [DEBUG] [SQLite] [UPDATE]: "UPDATE `nlogin` SET `last_name` = 'Syntaxsavy', `unique_id` = aa232e413abb3d708075301c7e809f31,  `mojang_id` = null,  `bedrock_id` = null,  `password` = '$2a$10$.ljYOee/FJ43P4ki0DC4Ruya8j2EqpY5NrBAxmn5Rubce.lktv4a6', `last_ip` = '0:0:0:0:0:0:0:1', `creation_date` = 2026-05-23 12:18:00.346, `last_seen` = 2026-06-04 04:30:30.388, `email` = null, `discord` = null, `settings` = '{"settings":[{"value":"survival","key":"last-server"},{"value":"en","key":"language"}],"version":0}' WHERE `ai` = 5" (applied to [last_ip, last_seen, settings] columns)
[2026/06/04 04:30:30]: [nLogin] The user Syntaxsavy has successfully logged in.
[2026/06/04 05:10:47]: §3[nLogin] [DEBUG] [SQLite] [UPDATE]: "UPDATE `nlogin` SET `last_name` = 'Syntaxsavy', `unique_id` = aa232e413abb3d708075301c7e809f31,  `mojang_id` = null,  `bedrock_id` = null,  `password` = '$2a$10$.ljYOee/FJ43P4ki0DC4Ruya8j2EqpY5NrBAxmn5Rubce.lktv4a6', `last_ip` = '0:0:0:0:0:0:0:1', `creation_date` = 2026-05-23 12:18:00.346, `last_seen` = 2026-06-04 05:10:47.283, `email` = null, `discord` = null, `settings` = '{"settings":[{"value":"survival","key":"last-server"},{"value":"en","key":"language"}],"version":0}' WHERE `ai` = 5" (applied to [last_seen, settings] columns)
