[2026/06/20 08:22:02]: §9          __             _       
[2026/06/20 08:22:02]: §9  _ __   / /  ___   __ _(_)_ __  
[2026/06/20 08:22:02]: §9 | '_ \ / /  / _ \ / _` | | '_ \ 
[2026/06/20 08:22:02]: §9 | | | / /__| (_) | (_| | | | | |
[2026/06/20 08:22:02]: §9 |_| |_\____/\___/ \__, |_|_| |_|
[2026/06/20 08:22:02]: §9                  |___/            
[2026/06/20 08:22:02]: §9 By: www.nickuc.com - V 10.4.27
[2026/06/20 08:22:02]: §9 
[2026/06/20 08:22:03]: §3[nLogin] [DEBUG] All settings were loaded in 430 ms.
[2026/06/20 08:22:03]: §3[nLogin] [DEBUG] Loading the messages_en.yml message file...
[2026/06/20 08:22:03]: §3[nLogin] [DEBUG] All plugin messages were loaded in 106 ms (languageByClient=false).
[2026/06/20 08:22:03]: §3[nLogin] [DEBUG] All proxy settings were loaded in 23 ms.
[2026/06/20 08:22:03]: §3[nLogin] [DEBUG] Loading database...
[2026/06/20 08:22:04]: §3[nLogin] [DEBUG] Starting logger filter...
[2026/06/20 08:22:09]: 
[2026/06/20 08:22:09]:  §bThank you so much for choosing nLogin! §4<3
[2026/06/20 08:22:09]: 
[2026/06/20 08:22:09]:  §4For your safety, please read the message below:
[2026/06/20 08:22:09]:   §cNever download nLogin from unknown sources.
[2026/06/20 08:22:09]:   §cA modified version may contain malicious software.
[2026/06/20 08:22:09]: 
[2026/06/20 08:22:09]:  §3Trusted sources:
[2026/06/20 08:22:09]:   §bwww.nickuc.com
[2026/06/20 08:22:09]:   §bwww.github.com/nickuc
[2026/06/20 08:22:09]:   §bOpeNLogin installer (from Spigot or GitHub)
[2026/06/20 08:22:09]: 
[2026/06/20 08:22:09]:  §3Official support channels:
[2026/06/20 08:22:09]:   §bDiscord group: §fwww.nickuc.com/discord
[2026/06/20 08:22:09]:   §bDocumentation: §fdocs.nickuc.com/nlogin/
[2026/06/20 08:22:09]:   §bEmail: §fsupport@nickuc.com
[2026/06/20 08:22:09]:   §bYouTube: §fyoutube.com/nickuc
[2026/06/20 08:22:09]: 
[2026/06/20 08:22:09]:  §eTo remove this warning, log in with "nlogin.admin" permission on the server
[2026/06/20 08:22:09]:  §eand click the "Setup plugin" button to configure your plugin.
[2026/06/20 08:22:09]: 
[2026/06/20 08:23:54]: §3[nLogin] [DEBUG] [SQLite] [UPDATE]: "UPDATE `nlogin` SET `last_name` = 'ItzSammer', `unique_id` = a130978d5803371dab29c8f6ed7849bb,  `mojang_id` = null,  `bedrock_id` = null,  `password` = '$2a$10$XIwyRFUSP4TifbVnoP92l.aNeR1tn2MZ3CEB3y25gvrjwIuPfVLIS', `last_ip` = '0:0:0:0:0:0:0:1', `creation_date` = 2026-05-22 08:12:06.495, `last_seen` = 2026-06-20 08:23:54.41, `email` = null, `discord` = null, `settings` = '{"settings":[{"value":"en","key":"language"},{"value":"survival","key":"last-server"}],"version":0}' WHERE `ai` = 3" (applied to [last_ip, last_seen, settings] columns)
[2026/06/20 08:23:54]: [nLogin] The user ItzSammer has successfully logged in.
[2026/06/20 08:53:34]: §3[nLogin] [DEBUG] [SQLite] [UPDATE]: "UPDATE `nlogin` SET `last_name` = 'ItzSammer', `unique_id` = a130978d5803371dab29c8f6ed7849bb,  `mojang_id` = null,  `bedrock_id` = null,  `password` = '$2a$10$XIwyRFUSP4TifbVnoP92l.aNeR1tn2MZ3CEB3y25gvrjwIuPfVLIS', `last_ip` = '0:0:0:0:0:0:0:1', `creation_date` = 2026-05-22 08:12:06.495, `last_seen` = 2026-06-20 08:53:34.217, `email` = null, `discord` = null, `settings` = '{"settings":[{"value":"en","key":"language"},{"value":"auth","key":"last-server"}],"version":0}' WHERE `ai` = 3" (applied to [last_seen, settings] columns)
[2026/06/20 08:56:36]: §3[nLogin] [DEBUG] [SQLite] [UPDATE]: "UPDATE `nlogin` SET `last_name` = 'ItzSammer', `unique_id` = a130978d5803371dab29c8f6ed7849bb,  `mojang_id` = null,  `bedrock_id` = null,  `password` = '$2a$10$XIwyRFUSP4TifbVnoP92l.aNeR1tn2MZ3CEB3y25gvrjwIuPfVLIS', `last_ip` = '0:0:0:0:0:0:0:1', `creation_date` = 2026-05-22 08:12:06.495, `last_seen` = 2026-06-20 08:56:36.138, `email` = null, `discord` = null, `settings` = '{"settings":[{"value":"en","key":"language"},{"value":"auth","key":"last-server"}],"version":0}' WHERE `ai` = 3" (applied to [last_ip, last_seen, settings] columns)
[2026/06/20 08:56:36]: [nLogin] The user ItzSammer has successfully logged in.
[2026/06/20 09:00:11]: §3[nLogin] [DEBUG] [SQLite] [UPDATE]: "UPDATE `nlogin` SET `last_name` = 'ItzSammer', `unique_id` = a130978d5803371dab29c8f6ed7849bb,  `mojang_id` = null,  `bedrock_id` = null,  `password` = '$2a$10$XIwyRFUSP4TifbVnoP92l.aNeR1tn2MZ3CEB3y25gvrjwIuPfVLIS', `last_ip` = '0:0:0:0:0:0:0:1', `creation_date` = 2026-05-22 08:12:06.495, `last_seen` = 2026-06-20 09:00:11.762, `email` = null, `discord` = null, `settings` = '{"settings":[{"value":"en","key":"language"},{"value":"auth","key":"last-server"}],"version":0}' WHERE `ai` = 3" (applied to [last_seen, settings] columns)
[2026/06/20 09:17:02]: §3[nLogin] [DEBUG] [SQLite] [UPDATE]: "UPDATE `nlogin` SET `last_name` = 'ItzSammer', `unique_id` = a130978d5803371dab29c8f6ed7849bb,  `mojang_id` = null,  `bedrock_id` = null,  `password` = '$2a$10$XIwyRFUSP4TifbVnoP92l.aNeR1tn2MZ3CEB3y25gvrjwIuPfVLIS', `last_ip` = '0:0:0:0:0:0:0:1', `creation_date` = 2026-05-22 08:12:06.495, `last_seen` = 2026-06-20 09:17:02.987, `email` = null, `discord` = null, `settings` = '{"settings":[{"value":"en","key":"language"},{"value":"auth","key":"last-server"}],"version":0}' WHERE `ai` = 3" (applied to [last_ip, last_seen, settings] columns)
[2026/06/20 09:17:02]: [nLogin] The user ItzSammer has successfully logged in.
[2026/06/20 09:19:21]: §3[nLogin] [DEBUG] [SQLite] [UPDATE]: "UPDATE `nlogin` SET `last_name` = 'ItzSammer', `unique_id` = a130978d5803371dab29c8f6ed7849bb,  `mojang_id` = null,  `bedrock_id` = null,  `password` = '$2a$10$XIwyRFUSP4TifbVnoP92l.aNeR1tn2MZ3CEB3y25gvrjwIuPfVLIS', `last_ip` = '0:0:0:0:0:0:0:1', `creation_date` = 2026-05-22 08:12:06.495, `last_seen` = 2026-06-20 09:19:21.67, `email` = null, `discord` = null, `settings` = '{"settings":[{"value":"en","key":"language"},{"value":"auth","key":"last-server"}],"version":0}' WHERE `ai` = 3" (applied to [last_seen, settings] columns)
