[2026/05/23 07:40:44]: §9          __             _       
[2026/05/23 07:40:44]: §9  _ __   / /  ___   __ _(_)_ __  
[2026/05/23 07:40:44]: §9 | '_ \ / /  / _ \ / _` | | '_ \ 
[2026/05/23 07:40:44]: §9 | | | / /__| (_) | (_| | | | | |
[2026/05/23 07:40:44]: §9 |_| |_\____/\___/ \__, |_|_| |_|
[2026/05/23 07:40:44]: §9                  |___/            
[2026/05/23 07:40:44]: §9 By: www.nickuc.com - V 10.4.23
[2026/05/23 07:40:44]: §9 
[2026/05/23 07:40:44]: §3[nLogin] [DEBUG] All settings were loaded in 364 ms.
[2026/05/23 07:40:44]: §3[nLogin] [DEBUG] Loading the messages_en.yml message file...
[2026/05/23 07:40:44]: §3[nLogin] [DEBUG] All plugin messages were loaded in 90 ms (languageByClient=false).
[2026/05/23 07:40:45]: §3[nLogin] [DEBUG] All proxy settings were loaded in 14 ms.
[2026/05/23 07:40:45]: §3[nLogin] [DEBUG] Loading database...
[2026/05/23 07:40:45]: §3[nLogin] [DEBUG] Starting logger filter...
[2026/05/23 07:40:51]: 
[2026/05/23 07:40:51]:  §bThank you so much for choosing nLogin! §4<3
[2026/05/23 07:40:51]: 
[2026/05/23 07:40:51]:  §4For your safety, please read the message below:
[2026/05/23 07:40:51]:   §cNever download nLogin from unknown sources.
[2026/05/23 07:40:51]:   §cA modified version may contain malicious software.
[2026/05/23 07:40:51]: 
[2026/05/23 07:40:51]:  §3Trusted sources:
[2026/05/23 07:40:51]:   §bwww.nickuc.com
[2026/05/23 07:40:51]:   §bwww.github.com/nickuc
[2026/05/23 07:40:51]:   §bOpeNLogin installer (from Spigot or GitHub)
[2026/05/23 07:40:51]: 
[2026/05/23 07:40:51]:  §3Official support channels:
[2026/05/23 07:40:51]:   §bDiscord group: §fwww.nickuc.com/discord
[2026/05/23 07:40:51]:   §bDocumentation: §fdocs.nickuc.com/nlogin/
[2026/05/23 07:40:51]:   §bEmail: §fsupport@nickuc.com
[2026/05/23 07:40:51]:   §bYouTube: §fyoutube.com/nickuc
[2026/05/23 07:40:51]: 
[2026/05/23 07:40:51]:  §eTo remove this warning, log in with "nlogin.admin" permission on the server
[2026/05/23 07:40:51]:  §eand click the "Setup plugin" button to configure your plugin.
[2026/05/23 07:40:51]: 
[2026/05/23 07:41:36]: §3[nLogin] [DEBUG] [SQLite] [UPDATE]: "UPDATE `nlogin` SET `last_name` = 'ItzSammer', `unique_id` = a130978d5803371dab29c8f6ed7849bb,  `mojang_id` = null,  `bedrock_id` = null,  `password` = '$2a$10$XIwyRFUSP4TifbVnoP92l.aNeR1tn2MZ3CEB3y25gvrjwIuPfVLIS', `last_ip` = '0:0:0:0:0:0:0:1', `creation_date` = 2026-05-22 08:12:06.495, `last_seen` = 2026-05-23 07:41:36.602, `email` = null, `discord` = null, `settings` = '{"settings":[{"value":"en","key":"language"},{"value":"survival","key":"last-server"}],"version":0}' WHERE `ai` = 3" (applied to [last_ip, last_seen, settings] columns)
[2026/05/23 07:41:36]: [nLogin] The user ItzSammer has successfully logged in.
[2026/05/23 07:45:13]: §3[nLogin] [DEBUG] [SQLite] [UPDATE]: "UPDATE `nlogin` SET `last_name` = 'ItzSammer', `unique_id` = a130978d5803371dab29c8f6ed7849bb,  `mojang_id` = null,  `bedrock_id` = null,  `password` = '$2a$10$XIwyRFUSP4TifbVnoP92l.aNeR1tn2MZ3CEB3y25gvrjwIuPfVLIS', `last_ip` = '0:0:0:0:0:0:0:1', `creation_date` = 2026-05-22 08:12:06.495, `last_seen` = 2026-05-23 07:45:13.094, `email` = null, `discord` = null, `settings` = '{"settings":[{"value":"en","key":"language"},{"value":"survival","key":"last-server"}],"version":0}' WHERE `ai` = 3" (applied to [last_seen, settings] columns)
[2026/05/23 07:51:39]: §3[nLogin] [DEBUG] [SQLite] [UPDATE]: "UPDATE `nlogin` SET `last_name` = 'DoctorrMomo', `unique_id` = 1761bae3efb93a39b93a4b2fed96d855,  `mojang_id` = null,  `bedrock_id` = null,  `password` = '$2a$10$xS2ILb3eetTGPuw3bXCF1.BnZdCXddXp.TczC14hOnPpnMu2yoc52', `last_ip` = '0:0:0:0:0:0:0:1', `creation_date` = 2026-05-22 10:14:53.931, `last_seen` = 2026-05-23 07:51:39.697, `email` = null, `discord` = null, `settings` = '{"settings":[{"value":"survival","key":"last-server"},{"value":"en","key":"language"}],"version":0}' WHERE `ai` = 4" (applied to [last_ip, last_seen, settings] columns)
[2026/05/23 07:51:39]: [nLogin] The user DoctorrMomo has successfully logged in.
[2026/05/23 07:57:43]: §3[nLogin] [DEBUG] [SQLite] [UPDATE]: "UPDATE `nlogin` SET `last_name` = 'DoctorrMomo', `unique_id` = 1761bae3efb93a39b93a4b2fed96d855,  `mojang_id` = null,  `bedrock_id` = null,  `password` = '$2a$10$xS2ILb3eetTGPuw3bXCF1.BnZdCXddXp.TczC14hOnPpnMu2yoc52', `last_ip` = '0:0:0:0:0:0:0:1', `creation_date` = 2026-05-22 10:14:53.931, `last_seen` = 2026-05-23 07:57:43.73, `email` = null, `discord` = null, `settings` = '{"settings":[{"value":"survival","key":"last-server"},{"value":"en","key":"language"}],"version":0}' WHERE `ai` = 4" (applied to [last_seen, settings] columns)
[2026/05/23 08:07:21]: §3[nLogin] [DEBUG] [SQLite] [UPDATE]: "UPDATE `nlogin` SET `last_name` = 'ItzSammer', `unique_id` = a130978d5803371dab29c8f6ed7849bb,  `mojang_id` = null,  `bedrock_id` = null,  `password` = '$2a$10$XIwyRFUSP4TifbVnoP92l.aNeR1tn2MZ3CEB3y25gvrjwIuPfVLIS', `last_ip` = '0:0:0:0:0:0:0:1', `creation_date` = 2026-05-22 08:12:06.495, `last_seen` = 2026-05-23 08:07:21.39, `email` = null, `discord` = null, `settings` = '{"settings":[{"value":"en","key":"language"},{"value":"survival","key":"last-server"}],"version":0}' WHERE `ai` = 3" (applied to [last_ip, last_seen, settings] columns)
[2026/05/23 08:07:21]: [nLogin] The user ItzSammer has successfully logged in.
