[2026/07/01 12:56:24]: §9          __             _       
[2026/07/01 12:56:24]: §9  _ __   / /  ___   __ _(_)_ __  
[2026/07/01 12:56:24]: §9 | '_ \ / /  / _ \ / _` | | '_ \ 
[2026/07/01 12:56:24]: §9 | | | / /__| (_) | (_| | | | | |
[2026/07/01 12:56:24]: §9 |_| |_\____/\___/ \__, |_|_| |_|
[2026/07/01 12:56:24]: §9                  |___/            
[2026/07/01 12:56:24]: §9 By: www.nickuc.com - V 10.4.27
[2026/07/01 12:56:24]: §9 
[2026/07/01 12:56:24]: §3[nLogin] [DEBUG] All settings were loaded in 166 ms.
[2026/07/01 12:56:24]: §3[nLogin] [DEBUG] Loading the messages_en.yml message file...
[2026/07/01 12:56:24]: §3[nLogin] [DEBUG] All plugin messages were loaded in 107 ms (languageByClient=false).
[2026/07/01 12:56:24]: §3[nLogin] [DEBUG] All proxy settings were loaded in 45 ms.
[2026/07/01 12:56:24]: §3[nLogin] [DEBUG] Loading database...
[2026/07/01 12:56:25]: §3[nLogin] [DEBUG] Starting logger filter...
[2026/07/01 12:56:30]: 
[2026/07/01 12:56:30]:  §bThank you so much for choosing nLogin! §4<3
[2026/07/01 12:56:30]: 
[2026/07/01 12:56:30]:  §4For your safety, please read the message below:
[2026/07/01 12:56:30]:   §cNever download nLogin from unknown sources.
[2026/07/01 12:56:30]:   §cA modified version may contain malicious software.
[2026/07/01 12:56:30]: 
[2026/07/01 12:56:30]:  §3Trusted sources:
[2026/07/01 12:56:30]:   §bwww.nickuc.com
[2026/07/01 12:56:30]:   §bwww.github.com/nickuc
[2026/07/01 12:56:30]:   §bOpeNLogin installer (from Spigot or GitHub)
[2026/07/01 12:56:30]: 
[2026/07/01 12:56:30]:  §3Official support channels:
[2026/07/01 12:56:30]:   §bDiscord group: §fwww.nickuc.com/discord
[2026/07/01 12:56:30]:   §bDocumentation: §fdocs.nickuc.com/nlogin/
[2026/07/01 12:56:30]:   §bEmail: §fsupport@nickuc.com
[2026/07/01 12:56:30]:   §bYouTube: §fyoutube.com/nickuc
[2026/07/01 12:56:30]: 
[2026/07/01 12:56:30]:  §eTo remove this warning, log in with "nlogin.admin" permission on the server
[2026/07/01 12:56:30]:  §eand click the "Setup plugin" button to configure your plugin.
[2026/07/01 12:56:30]: 
[2026/07/01 13:09:05]: §3[nLogin] [DEBUG] [SQLite] [UPDATE]: "UPDATE `nlogin` SET `last_name` = 'ItzSammer', `unique_id` = a130978d5803371dab29c8f6ed7849bb,  `mojang_id` = null,  `bedrock_id` = null,  `password` = '$2a$10$XIwyRFUSP4TifbVnoP92l.aNeR1tn2MZ3CEB3y25gvrjwIuPfVLIS', `last_ip` = '0:0:0:0:0:0:0:1', `creation_date` = 2026-05-22 08:12:06.495, `last_seen` = 2026-07-01 13:09:05.238, `email` = null, `discord` = null, `settings` = '{"settings":[{"value":"en","key":"language"},{"value":"auth","key":"last-server"}],"version":0}' WHERE `ai` = 3" (applied to [last_ip, last_seen, settings] columns)
[2026/07/01 13:09:05]: [nLogin] The user ItzSammer has successfully logged in.
[2026/07/01 13:09:23]: §3[nLogin] [DEBUG] [SQLite] [UPDATE]: "UPDATE `nlogin` SET `last_name` = 'ItzSammer', `unique_id` = a130978d5803371dab29c8f6ed7849bb,  `mojang_id` = null,  `bedrock_id` = null,  `password` = '$2a$10$XIwyRFUSP4TifbVnoP92l.aNeR1tn2MZ3CEB3y25gvrjwIuPfVLIS', `last_ip` = '0:0:0:0:0:0:0:1', `creation_date` = 2026-05-22 08:12:06.495, `last_seen` = 2026-07-01 13:09:23.704, `email` = null, `discord` = null, `settings` = '{"settings":[{"value":"en","key":"language"},{"value":"survival","key":"last-server"}],"version":0}' WHERE `ai` = 3" (applied to [last_seen, settings] columns)
[2026/07/01 13:19:28]: §3[nLogin] [DEBUG] [SQLite] [UPDATE]: "UPDATE `nlogin` SET `last_name` = 'silverstone2328', `unique_id` = 976f3612e2303e3e8654e0f7e10140ca,  `mojang_id` = null,  `bedrock_id` = null,  `password` = '$2a$10$ZsseWbgMCdK9yqYpA.Yw9u0qVQlmz465MrCeNjIdqDZ7X.zO/lwmC', `last_ip` = '0:0:0:0:0:0:0:1', `creation_date` = 2026-06-12 02:03:25.176, `last_seen` = 2026-07-01 13:19:28.284, `email` = null, `discord` = null, `settings` = '{"settings":[{"value":"survival","key":"last-server"},{"value":"en","key":"language"}],"version":0}' WHERE `ai` = 10" (applied to [last_ip, last_seen, settings] columns)
[2026/07/01 13:19:28]: [nLogin] The user silverstone2328 has successfully logged in.
[2026/07/01 13:21:14]: §3[nLogin] [DEBUG] [SQLite] [UPDATE]: "UPDATE `nlogin` SET `last_name` = 'silverstone2328', `unique_id` = 976f3612e2303e3e8654e0f7e10140ca,  `mojang_id` = null,  `bedrock_id` = null,  `password` = '$2a$10$ZsseWbgMCdK9yqYpA.Yw9u0qVQlmz465MrCeNjIdqDZ7X.zO/lwmC', `last_ip` = '0:0:0:0:0:0:0:1', `creation_date` = 2026-06-12 02:03:25.176, `last_seen` = 2026-07-01 13:21:14.973, `email` = null, `discord` = null, `settings` = '{"settings":[{"value":"auth","key":"last-server"},{"value":"en","key":"language"}],"version":0}' WHERE `ai` = 10" (applied to [last_seen, settings] columns)
[2026/07/01 13:21:31]: §3[nLogin] [DEBUG] [SQLite] [UPDATE]: "UPDATE `nlogin` SET `last_name` = 'ItzSammer', `unique_id` = a130978d5803371dab29c8f6ed7849bb,  `mojang_id` = null,  `bedrock_id` = null,  `password` = '$2a$10$XIwyRFUSP4TifbVnoP92l.aNeR1tn2MZ3CEB3y25gvrjwIuPfVLIS', `last_ip` = '0:0:0:0:0:0:0:1', `creation_date` = 2026-05-22 08:12:06.495, `last_seen` = 2026-07-01 13:21:31.135, `email` = null, `discord` = null, `settings` = '{"settings":[{"value":"en","key":"language"},{"value":"survival","key":"last-server"}],"version":0}' WHERE `ai` = 3" (applied to [last_ip, last_seen, settings] columns)
[2026/07/01 13:21:31]: [nLogin] The user ItzSammer has successfully logged in.
[2026/07/01 13:46:48]: §3[nLogin] [DEBUG] [SQLite] [UPDATE]: "UPDATE `nlogin` SET `last_name` = 'ItzSammer', `unique_id` = a130978d5803371dab29c8f6ed7849bb,  `mojang_id` = null,  `bedrock_id` = null,  `password` = '$2a$10$XIwyRFUSP4TifbVnoP92l.aNeR1tn2MZ3CEB3y25gvrjwIuPfVLIS', `last_ip` = '0:0:0:0:0:0:0:1', `creation_date` = 2026-05-22 08:12:06.495, `last_seen` = 2026-07-01 13:46:48.028, `email` = null, `discord` = null, `settings` = '{"settings":[{"value":"en","key":"language"},{"value":"survival","key":"last-server"}],"version":0}' WHERE `ai` = 3" (applied to [last_seen, settings] columns)
[2026/07/01 13:50:45]: §3[nLogin] [DEBUG] [SQLite] [UPDATE]: "UPDATE `nlogin` SET `last_name` = 'silverstone2328', `unique_id` = 976f3612e2303e3e8654e0f7e10140ca,  `mojang_id` = null,  `bedrock_id` = null,  `password` = '$2a$10$ZsseWbgMCdK9yqYpA.Yw9u0qVQlmz465MrCeNjIdqDZ7X.zO/lwmC', `last_ip` = '0:0:0:0:0:0:0:1', `creation_date` = 2026-06-12 02:03:25.176, `last_seen` = 2026-07-01 13:50:45.217, `email` = null, `discord` = null, `settings` = '{"settings":[{"value":"auth","key":"last-server"},{"value":"en","key":"language"}],"version":0}' WHERE `ai` = 10" (applied to [last_ip, last_seen, settings] columns)
[2026/07/01 13:50:45]: [nLogin] The user silverstone2328 has successfully logged in.
[2026/07/01 13:51:17]: §3[nLogin] [DEBUG] [SQLite] [UPDATE]: "UPDATE `nlogin` SET `last_name` = 'silverstone2328', `unique_id` = 976f3612e2303e3e8654e0f7e10140ca,  `mojang_id` = null,  `bedrock_id` = null,  `password` = '$2a$10$ZsseWbgMCdK9yqYpA.Yw9u0qVQlmz465MrCeNjIdqDZ7X.zO/lwmC', `last_ip` = '0:0:0:0:0:0:0:1', `creation_date` = 2026-06-12 02:03:25.176, `last_seen` = 2026-07-01 13:51:17.33, `email` = null, `discord` = null, `settings` = '{"settings":[{"value":"auth","key":"last-server"},{"value":"en","key":"language"}],"version":0}' WHERE `ai` = 10" (applied to [last_seen, settings] columns)
[2026/07/01 13:51:56]: §3[nLogin] [DEBUG] [SQLite] [UPDATE]: "UPDATE `nlogin` SET `last_name` = 'silverstone2328', `unique_id` = 976f3612e2303e3e8654e0f7e10140ca,  `mojang_id` = null,  `bedrock_id` = null,  `password` = '$2a$10$ZsseWbgMCdK9yqYpA.Yw9u0qVQlmz465MrCeNjIdqDZ7X.zO/lwmC', `last_ip` = '0:0:0:0:0:0:0:1', `creation_date` = 2026-06-12 02:03:25.176, `last_seen` = 2026-07-01 13:51:56.498, `email` = null, `discord` = null, `settings` = '{"settings":[{"value":"auth","key":"last-server"},{"value":"en","key":"language"}],"version":0}' WHERE `ai` = 10" (applied to [last_ip, last_seen, settings] columns)
[2026/07/01 13:51:56]: [nLogin] The user silverstone2328 has successfully logged in.
[2026/07/01 14:00:25]: §3[nLogin] [DEBUG] [SQLite] [UPDATE]: "UPDATE `nlogin` SET `last_name` = 'silverstone2328', `unique_id` = 976f3612e2303e3e8654e0f7e10140ca,  `mojang_id` = null,  `bedrock_id` = null,  `password` = '$2a$10$ZsseWbgMCdK9yqYpA.Yw9u0qVQlmz465MrCeNjIdqDZ7X.zO/lwmC', `last_ip` = '0:0:0:0:0:0:0:1', `creation_date` = 2026-06-12 02:03:25.176, `last_seen` = 2026-07-01 14:00:25.209, `email` = null, `discord` = null, `settings` = '{"settings":[{"value":"auth","key":"last-server"},{"value":"en","key":"language"}],"version":0}' WHERE `ai` = 10" (applied to [last_seen, settings] columns)
