[2026/06/04 00:46:19]: §9          __             _       
[2026/06/04 00:46:19]: §9  _ __   / /  ___   __ _(_)_ __  
[2026/06/04 00:46:19]: §9 | '_ \ / /  / _ \ / _` | | '_ \ 
[2026/06/04 00:46:19]: §9 | | | / /__| (_) | (_| | | | | |
[2026/06/04 00:46:19]: §9 |_| |_\____/\___/ \__, |_|_| |_|
[2026/06/04 00:46:19]: §9                  |___/            
[2026/06/04 00:46:19]: §9 By: www.nickuc.com - V 10.4.27
[2026/06/04 00:46:19]: §9 
[2026/06/04 00:46:20]: §3[nLogin] [DEBUG] All settings were loaded in 581 ms.
[2026/06/04 00:46:20]: §3[nLogin] [DEBUG] Loading the messages_en.yml message file...
[2026/06/04 00:46:20]: §3[nLogin] [DEBUG] All plugin messages were loaded in 167 ms (languageByClient=false).
[2026/06/04 00:46:20]: §3[nLogin] [DEBUG] All proxy settings were loaded in 36 ms.
[2026/06/04 00:46:20]: §3[nLogin] [DEBUG] Loading database...
[2026/06/04 00:46:20]: §3[nLogin] [DEBUG] Starting logger filter...
[2026/06/04 00:46:26]: 
[2026/06/04 00:46:26]:  §bThank you so much for choosing nLogin! §4<3
[2026/06/04 00:46:26]: 
[2026/06/04 00:46:26]:  §4For your safety, please read the message below:
[2026/06/04 00:46:26]:   §cNever download nLogin from unknown sources.
[2026/06/04 00:46:26]:   §cA modified version may contain malicious software.
[2026/06/04 00:46:26]: 
[2026/06/04 00:46:26]:  §3Trusted sources:
[2026/06/04 00:46:26]:   §bwww.nickuc.com
[2026/06/04 00:46:26]:   §bwww.github.com/nickuc
[2026/06/04 00:46:26]:   §bOpeNLogin installer (from Spigot or GitHub)
[2026/06/04 00:46:26]: 
[2026/06/04 00:46:26]:  §3Official support channels:
[2026/06/04 00:46:26]:   §bDiscord group: §fwww.nickuc.com/discord
[2026/06/04 00:46:26]:   §bDocumentation: §fdocs.nickuc.com/nlogin/
[2026/06/04 00:46:26]:   §bEmail: §fsupport@nickuc.com
[2026/06/04 00:46:26]:   §bYouTube: §fyoutube.com/nickuc
[2026/06/04 00:46:26]: 
[2026/06/04 00:46:26]:  §eTo remove this warning, log in with "nlogin.admin" permission on the server
[2026/06/04 00:46:26]:  §eand click the "Setup plugin" button to configure your plugin.
[2026/06/04 00:46:26]: 
[2026/06/04 00:46:59]: §3[nLogin] [DEBUG] The nivinpro9 (0:0:0:0:0:0:0:1) player entered an incorrect password
[2026/06/04 00:47:06]: §3[nLogin] [DEBUG] [SQLite] [UPDATE]: "UPDATE `nlogin` SET `last_name` = 'nivinpro9', `unique_id` = 4df1ec90be0f38db83238a7809fc8069,  `mojang_id` = null,  `bedrock_id` = null,  `password` = '$2a$10$wb77FapEGHCoOMw2wLWV/u5AXgdz9CauOIj8/e6EUKxxBiDM3bcpW', `last_ip` = '0:0:0:0:0:0:0:1', `creation_date` = 2026-05-22 08:11:01.355, `last_seen` = 2026-06-04 00:47:06.818, `email` = null, `discord` = null, `settings` = '{"settings":[{"value":"survival","key":"last-server"},{"value":"en","key":"language"}],"version":0}' WHERE `ai` = 2" (applied to [last_ip, last_seen, settings] columns)
[2026/06/04 00:47:06]: [nLogin] The user nivinpro9 has successfully logged in.
[2026/06/04 00:47:24]: §3[nLogin] [DEBUG] [SQLite] [UPDATE]: "UPDATE `nlogin` SET `last_name` = 'ItzSammer', `unique_id` = a130978d5803371dab29c8f6ed7849bb,  `mojang_id` = null,  `bedrock_id` = null,  `password` = '$2a$10$XIwyRFUSP4TifbVnoP92l.aNeR1tn2MZ3CEB3y25gvrjwIuPfVLIS', `last_ip` = '0:0:0:0:0:0:0:1', `creation_date` = 2026-05-22 08:12:06.495, `last_seen` = 2026-06-04 00:47:24.318, `email` = null, `discord` = null, `settings` = '{"settings":[{"value":"en","key":"language"},{"value":"survival","key":"last-server"}],"version":0}' WHERE `ai` = 3" (applied to [last_ip, last_seen, settings] columns)
[2026/06/04 00:47:24]: [nLogin] The user ItzSammer has successfully logged in.
[2026/06/04 00:48:46]: §3[nLogin] [DEBUG] [SQLite] [UPDATE]: "UPDATE `nlogin` SET `last_name` = 'Syntaxsavy', `unique_id` = aa232e413abb3d708075301c7e809f31,  `mojang_id` = null,  `bedrock_id` = null,  `password` = '$2a$10$.ljYOee/FJ43P4ki0DC4Ruya8j2EqpY5NrBAxmn5Rubce.lktv4a6', `last_ip` = '0:0:0:0:0:0:0:1', `creation_date` = 2026-05-23 12:18:00.346, `last_seen` = 2026-06-04 00:48:46.814, `email` = null, `discord` = null, `settings` = '{"settings":[{"value":"survival","key":"last-server"},{"value":"en","key":"language"}],"version":0}' WHERE `ai` = 5" (applied to [last_ip, last_seen, settings] columns)
[2026/06/04 00:48:46]: [nLogin] The user Syntaxsavy has successfully logged in.
[2026/06/04 00:48:55]: §3[nLogin] [DEBUG] [SQLite] [UPDATE]: "UPDATE `nlogin` SET `last_name` = 'ItzSammer', `unique_id` = a130978d5803371dab29c8f6ed7849bb,  `mojang_id` = null,  `bedrock_id` = null,  `password` = '$2a$10$XIwyRFUSP4TifbVnoP92l.aNeR1tn2MZ3CEB3y25gvrjwIuPfVLIS', `last_ip` = '0:0:0:0:0:0:0:1', `creation_date` = 2026-05-22 08:12:06.495, `last_seen` = 2026-06-04 00:48:55.549, `email` = null, `discord` = null, `settings` = '{"settings":[{"value":"en","key":"language"},{"value":"survival","key":"last-server"}],"version":0}' WHERE `ai` = 3" (applied to [last_seen, settings] columns)
[2026/06/04 00:51:00]: §3[nLogin] [DEBUG] [SQLite] [UPDATE]: "UPDATE `nlogin` SET `last_name` = 'ItzSammer', `unique_id` = a130978d5803371dab29c8f6ed7849bb,  `mojang_id` = null,  `bedrock_id` = null,  `password` = '$2a$10$XIwyRFUSP4TifbVnoP92l.aNeR1tn2MZ3CEB3y25gvrjwIuPfVLIS', `last_ip` = '0:0:0:0:0:0:0:1', `creation_date` = 2026-05-22 08:12:06.495, `last_seen` = 2026-06-04 00:51:00.626, `email` = null, `discord` = null, `settings` = '{"settings":[{"value":"en","key":"language"},{"value":"survival","key":"last-server"}],"version":0}' WHERE `ai` = 3" (applied to [last_ip, last_seen, settings] columns)
[2026/06/04 00:51:00]: [nLogin] The user ItzSammer has successfully logged in.
[2026/06/04 00:56:59]: §3[nLogin] [DEBUG] [SQLite] [UPDATE]: "UPDATE `nlogin` SET `last_name` = 'ItzSammer', `unique_id` = a130978d5803371dab29c8f6ed7849bb,  `mojang_id` = null,  `bedrock_id` = null,  `password` = '$2a$10$XIwyRFUSP4TifbVnoP92l.aNeR1tn2MZ3CEB3y25gvrjwIuPfVLIS', `last_ip` = '0:0:0:0:0:0:0:1', `creation_date` = 2026-05-22 08:12:06.495, `last_seen` = 2026-06-04 00:56:59.924, `email` = null, `discord` = null, `settings` = '{"settings":[{"value":"en","key":"language"},{"value":"survival","key":"last-server"}],"version":0}' WHERE `ai` = 3" (applied to [last_seen, settings] columns)
[2026/06/04 00:57:06]: §3[nLogin] [DEBUG] [SQLite] [UPDATE]: "UPDATE `nlogin` SET `last_name` = 'ItzSammer', `unique_id` = a130978d5803371dab29c8f6ed7849bb,  `mojang_id` = null,  `bedrock_id` = null,  `password` = '$2a$10$XIwyRFUSP4TifbVnoP92l.aNeR1tn2MZ3CEB3y25gvrjwIuPfVLIS', `last_ip` = '0:0:0:0:0:0:0:1', `creation_date` = 2026-05-22 08:12:06.495, `last_seen` = 2026-06-04 00:57:06.608, `email` = null, `discord` = null, `settings` = '{"settings":[{"value":"en","key":"language"},{"value":"survival","key":"last-server"}],"version":0}' WHERE `ai` = 3" (applied to [last_ip, last_seen, settings] columns)
[2026/06/04 00:57:06]: [nLogin] The user ItzSammer has successfully logged in.
[2026/06/04 01:11:38]: §3[nLogin] [DEBUG] [SQLite] [UPDATE]: "UPDATE `nlogin` SET `last_name` = 'nivinpro9', `unique_id` = 4df1ec90be0f38db83238a7809fc8069,  `mojang_id` = null,  `bedrock_id` = null,  `password` = '$2a$10$wb77FapEGHCoOMw2wLWV/u5AXgdz9CauOIj8/e6EUKxxBiDM3bcpW', `last_ip` = '0:0:0:0:0:0:0:1', `creation_date` = 2026-05-22 08:11:01.355, `last_seen` = 2026-06-04 01:11:38.104, `email` = null, `discord` = null, `settings` = '{"settings":[{"value":"survival","key":"last-server"},{"value":"en","key":"language"}],"version":0}' WHERE `ai` = 2" (applied to [last_seen, settings] columns)
[2026/06/04 01:13:12]: §3[nLogin] [DEBUG] [SQLite] [UPDATE]: "UPDATE `nlogin` SET `last_name` = 'ItzSammer', `unique_id` = a130978d5803371dab29c8f6ed7849bb,  `mojang_id` = null,  `bedrock_id` = null,  `password` = '$2a$10$XIwyRFUSP4TifbVnoP92l.aNeR1tn2MZ3CEB3y25gvrjwIuPfVLIS', `last_ip` = '0:0:0:0:0:0:0:1', `creation_date` = 2026-05-22 08:12:06.495, `last_seen` = 2026-06-04 01:13:12.462, `email` = null, `discord` = null, `settings` = '{"settings":[{"value":"en","key":"language"},{"value":"survival","key":"last-server"}],"version":0}' WHERE `ai` = 3" (applied to [last_seen, settings] columns)
[2026/06/04 01:13:13]: §3[nLogin] [DEBUG] [SQLite] [UPDATE]: "UPDATE `nlogin` SET `last_name` = 'Syntaxsavy', `unique_id` = aa232e413abb3d708075301c7e809f31,  `mojang_id` = null,  `bedrock_id` = null,  `password` = '$2a$10$.ljYOee/FJ43P4ki0DC4Ruya8j2EqpY5NrBAxmn5Rubce.lktv4a6', `last_ip` = '0:0:0:0:0:0:0:1', `creation_date` = 2026-05-23 12:18:00.346, `last_seen` = 2026-06-04 01:13:13.47, `email` = null, `discord` = null, `settings` = '{"settings":[{"value":"survival","key":"last-server"},{"value":"en","key":"language"}],"version":0}' WHERE `ai` = 5" (applied to [last_seen, settings] columns)
[2026/06/04 01:30:46]: §3[nLogin] [DEBUG] The Syntaxsavy (0:0:0:0:0:0:0:1) player entered an incorrect password
[2026/06/04 01:30:51]: §3[nLogin] [DEBUG] [SQLite] [UPDATE]: "UPDATE `nlogin` SET `last_name` = 'Syntaxsavy', `unique_id` = aa232e413abb3d708075301c7e809f31,  `mojang_id` = null,  `bedrock_id` = null,  `password` = '$2a$10$.ljYOee/FJ43P4ki0DC4Ruya8j2EqpY5NrBAxmn5Rubce.lktv4a6', `last_ip` = '0:0:0:0:0:0:0:1', `creation_date` = 2026-05-23 12:18:00.346, `last_seen` = 2026-06-04 01:30:51.397, `email` = null, `discord` = null, `settings` = '{"settings":[{"value":"survival","key":"last-server"},{"value":"en","key":"language"}],"version":0}' WHERE `ai` = 5" (applied to [last_ip, last_seen, settings] columns)
[2026/06/04 01:30:51]: [nLogin] The user Syntaxsavy has successfully logged in.
[2026/06/04 01:32:53]: §3[nLogin] [DEBUG] [SQLite] [UPDATE]: "UPDATE `nlogin` SET `last_name` = 'Syntaxsavy', `unique_id` = aa232e413abb3d708075301c7e809f31,  `mojang_id` = null,  `bedrock_id` = null,  `password` = '$2a$10$.ljYOee/FJ43P4ki0DC4Ruya8j2EqpY5NrBAxmn5Rubce.lktv4a6', `last_ip` = '0:0:0:0:0:0:0:1', `creation_date` = 2026-05-23 12:18:00.346, `last_seen` = 2026-06-04 01:32:53.322, `email` = null, `discord` = null, `settings` = '{"settings":[{"value":"survival","key":"last-server"},{"value":"en","key":"language"}],"version":0}' WHERE `ai` = 5" (applied to [last_seen, settings] columns)
[2026/06/04 01:33:41]: §3[nLogin] [DEBUG] [SQLite] [UPDATE]: "UPDATE `nlogin` SET `last_name` = 'ItzSilverStone', `unique_id` = e2dad5ccc0b53067b2b695a5ba246646,  `mojang_id` = null,  `bedrock_id` = null,  `password` = '$2a$10$CgoqgOvlxLq1lM8idbhhc.j0xqUyUnpeRjIQFMe715xwKUA2sJ9sW', `last_ip` = '0:0:0:0:0:0:0:1', `creation_date` = 2026-05-24 03:58:17.023, `last_seen` = 2026-06-04 01:33:41.026, `email` = null, `discord` = null, `settings` = '{"settings":[{"value":"survival","key":"last-server"},{"value":"en","key":"language"}],"version":0}' WHERE `ai` = 6" (applied to [last_ip, last_seen, settings] columns)
[2026/06/04 01:33:41]: [nLogin] The user ItzSilverStone has successfully logged in.
[2026/06/04 01:33:50]: §3[nLogin] [DEBUG] [SQLite] [UPDATE]: "UPDATE `nlogin` SET `last_name` = 'Syntaxsavy', `unique_id` = aa232e413abb3d708075301c7e809f31,  `mojang_id` = null,  `bedrock_id` = null,  `password` = '$2a$10$.ljYOee/FJ43P4ki0DC4Ruya8j2EqpY5NrBAxmn5Rubce.lktv4a6', `last_ip` = '0:0:0:0:0:0:0:1', `creation_date` = 2026-05-23 12:18:00.346, `last_seen` = 2026-06-04 01:33:50.454, `email` = null, `discord` = null, `settings` = '{"settings":[{"value":"survival","key":"last-server"},{"value":"en","key":"language"}],"version":0}' WHERE `ai` = 5" (applied to [last_ip, last_seen, settings] columns)
[2026/06/04 01:33:50]: [nLogin] The user Syntaxsavy has successfully logged in.
[2026/06/04 01:34:23]: §3[nLogin] [DEBUG] [SQLite] [UPDATE]: "UPDATE `nlogin` SET `last_name` = 'Syntaxsavy', `unique_id` = aa232e413abb3d708075301c7e809f31,  `mojang_id` = null,  `bedrock_id` = null,  `password` = '$2a$10$.ljYOee/FJ43P4ki0DC4Ruya8j2EqpY5NrBAxmn5Rubce.lktv4a6', `last_ip` = '0:0:0:0:0:0:0:1', `creation_date` = 2026-05-23 12:18:00.346, `last_seen` = 2026-06-04 01:34:23.071, `email` = null, `discord` = null, `settings` = '{"settings":[{"value":"survival","key":"last-server"},{"value":"en","key":"language"}],"version":0}' WHERE `ai` = 5" (applied to [last_seen, settings] columns)
[2026/06/04 01:34:30]: §3[nLogin] [DEBUG] [SQLite] [UPDATE]: "UPDATE `nlogin` SET `last_name` = 'ItzSilverStone', `unique_id` = e2dad5ccc0b53067b2b695a5ba246646,  `mojang_id` = null,  `bedrock_id` = null,  `password` = '$2a$10$CgoqgOvlxLq1lM8idbhhc.j0xqUyUnpeRjIQFMe715xwKUA2sJ9sW', `last_ip` = '0:0:0:0:0:0:0:1', `creation_date` = 2026-05-24 03:58:17.023, `last_seen` = 2026-06-04 01:34:30.376, `email` = null, `discord` = null, `settings` = '{"settings":[{"value":"survival","key":"last-server"},{"value":"en","key":"language"}],"version":0}' WHERE `ai` = 6" (applied to [last_seen, settings] columns)
