[2026/06/15 23:02:39]: §9          __             _       
[2026/06/15 23:02:39]: §9  _ __   / /  ___   __ _(_)_ __  
[2026/06/15 23:02:39]: §9 | '_ \ / /  / _ \ / _` | | '_ \ 
[2026/06/15 23:02:39]: §9 | | | / /__| (_) | (_| | | | | |
[2026/06/15 23:02:39]: §9 |_| |_\____/\___/ \__, |_|_| |_|
[2026/06/15 23:02:39]: §9                  |___/            
[2026/06/15 23:02:39]: §9 By: www.nickuc.com - V 10.4.27
[2026/06/15 23:02:39]: §9 
[2026/06/15 23:02:39]: §3[nLogin] [DEBUG] All settings were loaded in 288 ms.
[2026/06/15 23:02:39]: §3[nLogin] [DEBUG] Loading the messages_en.yml message file...
[2026/06/15 23:02:39]: §3[nLogin] [DEBUG] All plugin messages were loaded in 157 ms (languageByClient=false).
[2026/06/15 23:02:39]: §3[nLogin] [DEBUG] All proxy settings were loaded in 25 ms.
[2026/06/15 23:02:39]: §3[nLogin] [DEBUG] Loading database...
[2026/06/15 23:02:40]: §3[nLogin] [DEBUG] Starting logger filter...
[2026/06/15 23:02:45]: 
[2026/06/15 23:02:45]:  §bThank you so much for choosing nLogin! §4<3
[2026/06/15 23:02:45]: 
[2026/06/15 23:02:45]:  §4For your safety, please read the message below:
[2026/06/15 23:02:45]:   §cNever download nLogin from unknown sources.
[2026/06/15 23:02:45]:   §cA modified version may contain malicious software.
[2026/06/15 23:02:45]: 
[2026/06/15 23:02:45]:  §3Trusted sources:
[2026/06/15 23:02:45]:   §bwww.nickuc.com
[2026/06/15 23:02:45]:   §bwww.github.com/nickuc
[2026/06/15 23:02:45]:   §bOpeNLogin installer (from Spigot or GitHub)
[2026/06/15 23:02:45]: 
[2026/06/15 23:02:45]:  §3Official support channels:
[2026/06/15 23:02:45]:   §bDiscord group: §fwww.nickuc.com/discord
[2026/06/15 23:02:45]:   §bDocumentation: §fdocs.nickuc.com/nlogin/
[2026/06/15 23:02:45]:   §bEmail: §fsupport@nickuc.com
[2026/06/15 23:02:45]:   §bYouTube: §fyoutube.com/nickuc
[2026/06/15 23:02:45]: 
[2026/06/15 23:02:45]:  §eTo remove this warning, log in with "nlogin.admin" permission on the server
[2026/06/15 23:02:45]:  §eand click the "Setup plugin" button to configure your plugin.
[2026/06/15 23:02:45]: 
[2026/06/15 23:03:31]: §3[nLogin] [DEBUG] [SQLite] [UPDATE]: "UPDATE `nlogin` SET `last_name` = 'ItzSammer', `unique_id` = a130978d5803371dab29c8f6ed7849bb,  `mojang_id` = null,  `bedrock_id` = null,  `password` = '$2a$10$XIwyRFUSP4TifbVnoP92l.aNeR1tn2MZ3CEB3y25gvrjwIuPfVLIS', `last_ip` = '0:0:0:0:0:0:0:1', `creation_date` = 2026-05-22 08:12:06.495, `last_seen` = 2026-06-15 23:03:31.73, `email` = null, `discord` = null, `settings` = '{"settings":[{"value":"en","key":"language"},{"value":"survival","key":"last-server"}],"version":0}' WHERE `ai` = 3" (applied to [last_ip, last_seen, settings] columns)
[2026/06/15 23:03:31]: [nLogin] The user ItzSammer has successfully logged in.
[2026/06/15 23:05:52]: §3[nLogin] [DEBUG] [SQLite] [UPDATE]: "UPDATE `nlogin` SET `last_name` = 'ItzSammer', `unique_id` = a130978d5803371dab29c8f6ed7849bb,  `mojang_id` = null,  `bedrock_id` = null,  `password` = '$2a$10$XIwyRFUSP4TifbVnoP92l.aNeR1tn2MZ3CEB3y25gvrjwIuPfVLIS', `last_ip` = '0:0:0:0:0:0:0:1', `creation_date` = 2026-05-22 08:12:06.495, `last_seen` = 2026-06-15 23:05:52.361, `email` = null, `discord` = null, `settings` = '{"settings":[{"value":"en","key":"language"},{"value":"survival","key":"last-server"}],"version":0}' WHERE `ai` = 3" (applied to [last_seen, settings] columns)
[2026/06/15 23:06:00]: §3[nLogin] [DEBUG] [SQLite] [UPDATE]: "UPDATE `nlogin` SET `last_name` = 'ItzSammer', `unique_id` = a130978d5803371dab29c8f6ed7849bb,  `mojang_id` = null,  `bedrock_id` = null,  `password` = '$2a$10$XIwyRFUSP4TifbVnoP92l.aNeR1tn2MZ3CEB3y25gvrjwIuPfVLIS', `last_ip` = '0:0:0:0:0:0:0:1', `creation_date` = 2026-05-22 08:12:06.495, `last_seen` = 2026-06-15 23:06:00.58, `email` = null, `discord` = null, `settings` = '{"settings":[{"value":"en","key":"language"},{"value":"survival","key":"last-server"}],"version":0}' WHERE `ai` = 3" (applied to [last_ip, last_seen, settings] columns)
[2026/06/15 23:06:00]: [nLogin] The user ItzSammer has successfully logged in.
[2026/06/15 23:07:00]: §3[nLogin] [DEBUG] [SQLite] [UPDATE]: "UPDATE `nlogin` SET `last_name` = 'ItzSammer', `unique_id` = a130978d5803371dab29c8f6ed7849bb,  `mojang_id` = null,  `bedrock_id` = null,  `password` = '$2a$10$XIwyRFUSP4TifbVnoP92l.aNeR1tn2MZ3CEB3y25gvrjwIuPfVLIS', `last_ip` = '0:0:0:0:0:0:0:1', `creation_date` = 2026-05-22 08:12:06.495, `last_seen` = 2026-06-15 23:07:00.019, `email` = null, `discord` = null, `settings` = '{"settings":[{"value":"en","key":"language"},{"value":"survival","key":"last-server"}],"version":0}' WHERE `ai` = 3" (applied to [last_seen, settings] columns)
[2026/06/15 23:07:06]: §3[nLogin] [DEBUG] [SQLite] [UPDATE]: "UPDATE `nlogin` SET `last_name` = 'ItzSammer', `unique_id` = a130978d5803371dab29c8f6ed7849bb,  `mojang_id` = null,  `bedrock_id` = null,  `password` = '$2a$10$XIwyRFUSP4TifbVnoP92l.aNeR1tn2MZ3CEB3y25gvrjwIuPfVLIS', `last_ip` = '0:0:0:0:0:0:0:1', `creation_date` = 2026-05-22 08:12:06.495, `last_seen` = 2026-06-15 23:07:06.437, `email` = null, `discord` = null, `settings` = '{"settings":[{"value":"en","key":"language"},{"value":"survival","key":"last-server"}],"version":0}' WHERE `ai` = 3" (applied to [last_ip, last_seen, settings] columns)
[2026/06/15 23:07:06]: [nLogin] The user ItzSammer has successfully logged in.
[2026/06/15 23:14:32]: §3[nLogin] [DEBUG] [SQLite] [UPDATE]: "UPDATE `nlogin` SET `last_name` = 'ItzSammer', `unique_id` = a130978d5803371dab29c8f6ed7849bb,  `mojang_id` = null,  `bedrock_id` = null,  `password` = '$2a$10$XIwyRFUSP4TifbVnoP92l.aNeR1tn2MZ3CEB3y25gvrjwIuPfVLIS', `last_ip` = '0:0:0:0:0:0:0:1', `creation_date` = 2026-05-22 08:12:06.495, `last_seen` = 2026-06-15 23:14:32.652, `email` = null, `discord` = null, `settings` = '{"settings":[{"value":"en","key":"language"},{"value":"survival","key":"last-server"}],"version":0}' WHERE `ai` = 3" (applied to [last_seen, settings] columns)
[2026/06/15 23:38:33]: §3[nLogin] [DEBUG] [SQLite] [UPDATE]: "UPDATE `nlogin` SET `last_name` = 'ItzSammer', `unique_id` = a130978d5803371dab29c8f6ed7849bb,  `mojang_id` = null,  `bedrock_id` = null,  `password` = '$2a$10$XIwyRFUSP4TifbVnoP92l.aNeR1tn2MZ3CEB3y25gvrjwIuPfVLIS', `last_ip` = '0:0:0:0:0:0:0:1', `creation_date` = 2026-05-22 08:12:06.495, `last_seen` = 2026-06-15 23:38:33.687, `email` = null, `discord` = null, `settings` = '{"settings":[{"value":"en","key":"language"},{"value":"survival","key":"last-server"}],"version":0}' WHERE `ai` = 3" (applied to [last_ip, last_seen, settings] columns)
[2026/06/15 23:38:33]: [nLogin] The user ItzSammer has successfully logged in.
[2026/06/15 23:40:49]: §3[nLogin] [DEBUG] [SQLite] [UPDATE]: "UPDATE `nlogin` SET `last_name` = 'ItzSammer', `unique_id` = a130978d5803371dab29c8f6ed7849bb,  `mojang_id` = null,  `bedrock_id` = null,  `password` = '$2a$10$XIwyRFUSP4TifbVnoP92l.aNeR1tn2MZ3CEB3y25gvrjwIuPfVLIS', `last_ip` = '0:0:0:0:0:0:0:1', `creation_date` = 2026-05-22 08:12:06.495, `last_seen` = 2026-06-15 23:40:49.143, `email` = null, `discord` = null, `settings` = '{"settings":[{"value":"en","key":"language"},{"value":"survival","key":"last-server"}],"version":0}' WHERE `ai` = 3" (applied to [last_seen, settings] columns)
[2026/06/15 23:41:18]: §3[nLogin] [DEBUG] [SQLite] [UPDATE]: "UPDATE `nlogin` SET `last_name` = 'ItzSammer', `unique_id` = a130978d5803371dab29c8f6ed7849bb,  `mojang_id` = null,  `bedrock_id` = null,  `password` = '$2a$10$XIwyRFUSP4TifbVnoP92l.aNeR1tn2MZ3CEB3y25gvrjwIuPfVLIS', `last_ip` = '0:0:0:0:0:0:0:1', `creation_date` = 2026-05-22 08:12:06.495, `last_seen` = 2026-06-15 23:41:18.008, `email` = null, `discord` = null, `settings` = '{"settings":[{"value":"en","key":"language"},{"value":"survival","key":"last-server"}],"version":0}' WHERE `ai` = 3" (applied to [last_ip, last_seen, settings] columns)
[2026/06/15 23:41:18]: [nLogin] The user ItzSammer has successfully logged in.
[2026/06/15 23:42:59]: §3[nLogin] [DEBUG] [SQLite] [UPDATE]: "UPDATE `nlogin` SET `last_name` = 'ItzSammer', `unique_id` = a130978d5803371dab29c8f6ed7849bb,  `mojang_id` = null,  `bedrock_id` = null,  `password` = '$2a$10$XIwyRFUSP4TifbVnoP92l.aNeR1tn2MZ3CEB3y25gvrjwIuPfVLIS', `last_ip` = '0:0:0:0:0:0:0:1', `creation_date` = 2026-05-22 08:12:06.495, `last_seen` = 2026-06-15 23:42:59.656, `email` = null, `discord` = null, `settings` = '{"settings":[{"value":"en","key":"language"},{"value":"survival","key":"last-server"}],"version":0}' WHERE `ai` = 3" (applied to [last_seen, settings] columns)
[2026/06/15 23:53:13]: §3[nLogin] [DEBUG] [SQLite] [UPDATE]: "UPDATE `nlogin` SET `last_name` = 'ItzSammer', `unique_id` = a130978d5803371dab29c8f6ed7849bb,  `mojang_id` = null,  `bedrock_id` = null,  `password` = '$2a$10$XIwyRFUSP4TifbVnoP92l.aNeR1tn2MZ3CEB3y25gvrjwIuPfVLIS', `last_ip` = '0:0:0:0:0:0:0:1', `creation_date` = 2026-05-22 08:12:06.495, `last_seen` = 2026-06-15 23:53:13.803, `email` = null, `discord` = null, `settings` = '{"settings":[{"value":"en","key":"language"},{"value":"survival","key":"last-server"}],"version":0}' WHERE `ai` = 3" (applied to [last_ip, last_seen, settings] columns)
[2026/06/15 23:53:13]: [nLogin] The user ItzSammer has successfully logged in.
[2026/06/15 23:53:35]: §3[nLogin] [DEBUG] [SQLite] [UPDATE]: "UPDATE `nlogin` SET `last_name` = 'Syntaxsavy', `unique_id` = aa232e413abb3d708075301c7e809f31,  `mojang_id` = null,  `bedrock_id` = null,  `password` = '$2a$10$.ljYOee/FJ43P4ki0DC4Ruya8j2EqpY5NrBAxmn5Rubce.lktv4a6', `last_ip` = '0:0:0:0:0:0:0:1', `creation_date` = 2026-05-23 12:18:00.346, `last_seen` = 2026-06-15 23:53:35.807, `email` = null, `discord` = null, `settings` = '{"settings":[{"value":"survival","key":"last-server"},{"value":"en","key":"language"}],"version":0}' WHERE `ai` = 5" (applied to [last_ip, last_seen, settings] columns)
[2026/06/15 23:53:35]: [nLogin] The user Syntaxsavy has successfully logged in.
[2026/06/15 23:57:01]: §3[nLogin] [DEBUG] [SQLite] [UPDATE]: "UPDATE `nlogin` SET `last_name` = 'nivinpro9', `unique_id` = 4df1ec90be0f38db83238a7809fc8069,  `mojang_id` = null,  `bedrock_id` = null,  `password` = '$2a$10$wb77FapEGHCoOMw2wLWV/u5AXgdz9CauOIj8/e6EUKxxBiDM3bcpW', `last_ip` = '0:0:0:0:0:0:0:1', `creation_date` = 2026-05-22 08:11:01.355, `last_seen` = 2026-06-15 23:57:01.637, `email` = null, `discord` = null, `settings` = '{"settings":[{"value":"survival","key":"last-server"},{"value":"en","key":"language"}],"version":0}' WHERE `ai` = 2" (applied to [last_ip, last_seen, settings] columns)
[2026/06/15 23:57:01]: [nLogin] The user nivinpro9 has successfully logged in.
[2026/06/16 00:08:23]: §3[nLogin] [DEBUG] [SQLite] [UPDATE]: "UPDATE `nlogin` SET `last_name` = 'ItzSammer', `unique_id` = a130978d5803371dab29c8f6ed7849bb,  `mojang_id` = null,  `bedrock_id` = null,  `password` = '$2a$10$XIwyRFUSP4TifbVnoP92l.aNeR1tn2MZ3CEB3y25gvrjwIuPfVLIS', `last_ip` = '0:0:0:0:0:0:0:1', `creation_date` = 2026-05-22 08:12:06.495, `last_seen` = 2026-06-16 00:08:23.085, `email` = null, `discord` = null, `settings` = '{"settings":[{"value":"en","key":"language"},{"value":"survival","key":"last-server"}],"version":0}' WHERE `ai` = 3" (applied to [last_seen, settings] columns)
[2026/06/16 00:08:30]: §3[nLogin] [DEBUG] [SQLite] [UPDATE]: "UPDATE `nlogin` SET `last_name` = 'Syntaxsavy', `unique_id` = aa232e413abb3d708075301c7e809f31,  `mojang_id` = null,  `bedrock_id` = null,  `password` = '$2a$10$.ljYOee/FJ43P4ki0DC4Ruya8j2EqpY5NrBAxmn5Rubce.lktv4a6', `last_ip` = '0:0:0:0:0:0:0:1', `creation_date` = 2026-05-23 12:18:00.346, `last_seen` = 2026-06-16 00:08:30.591, `email` = null, `discord` = null, `settings` = '{"settings":[{"value":"survival","key":"last-server"},{"value":"en","key":"language"}],"version":0}' WHERE `ai` = 5" (applied to [last_seen, settings] columns)
[2026/06/16 00:09:16]: §3[nLogin] [DEBUG] [SQLite] [UPDATE]: "UPDATE `nlogin` SET `last_name` = 'Syntaxsavy', `unique_id` = aa232e413abb3d708075301c7e809f31,  `mojang_id` = null,  `bedrock_id` = null,  `password` = '$2a$10$.ljYOee/FJ43P4ki0DC4Ruya8j2EqpY5NrBAxmn5Rubce.lktv4a6', `last_ip` = '0:0:0:0:0:0:0:1', `creation_date` = 2026-05-23 12:18:00.346, `last_seen` = 2026-06-16 00:09:16.711, `email` = null, `discord` = null, `settings` = '{"settings":[{"value":"survival","key":"last-server"},{"value":"en","key":"language"}],"version":0}' WHERE `ai` = 5" (applied to [last_ip, last_seen, settings] columns)
[2026/06/16 00:09:16]: [nLogin] The user Syntaxsavy has successfully logged in.
[2026/06/16 00:10:57]: §3[nLogin] [DEBUG] [SQLite] [UPDATE]: "UPDATE `nlogin` SET `last_name` = 'ItzSammer', `unique_id` = a130978d5803371dab29c8f6ed7849bb,  `mojang_id` = null,  `bedrock_id` = null,  `password` = '$2a$10$XIwyRFUSP4TifbVnoP92l.aNeR1tn2MZ3CEB3y25gvrjwIuPfVLIS', `last_ip` = '0:0:0:0:0:0:0:1', `creation_date` = 2026-05-22 08:12:06.495, `last_seen` = 2026-06-16 00:10:57.145, `email` = null, `discord` = null, `settings` = '{"settings":[{"value":"en","key":"language"},{"value":"survival","key":"last-server"}],"version":0}' WHERE `ai` = 3" (applied to [last_ip, last_seen, settings] columns)
[2026/06/16 00:10:57]: [nLogin] The user ItzSammer has successfully logged in.
[2026/06/16 00:16:12]: §3[nLogin] [DEBUG] [SQLite] [UPDATE]: "UPDATE `nlogin` SET `last_name` = 'nivinpro9', `unique_id` = 4df1ec90be0f38db83238a7809fc8069,  `mojang_id` = null,  `bedrock_id` = null,  `password` = '$2a$10$wb77FapEGHCoOMw2wLWV/u5AXgdz9CauOIj8/e6EUKxxBiDM3bcpW', `last_ip` = '0:0:0:0:0:0:0:1', `creation_date` = 2026-05-22 08:11:01.355, `last_seen` = 2026-06-16 00:16:12.02, `email` = null, `discord` = null, `settings` = '{"settings":[{"value":"auth","key":"last-server"},{"value":"en","key":"language"}],"version":0}' WHERE `ai` = 2" (applied to [last_seen, settings] columns)
[2026/06/16 00:17:03]: §3[nLogin] [DEBUG] [SQLite] [UPDATE]: "UPDATE `nlogin` SET `last_name` = 'nivinpro9', `unique_id` = 4df1ec90be0f38db83238a7809fc8069,  `mojang_id` = null,  `bedrock_id` = null,  `password` = '$2a$10$wb77FapEGHCoOMw2wLWV/u5AXgdz9CauOIj8/e6EUKxxBiDM3bcpW', `last_ip` = '0:0:0:0:0:0:0:1', `creation_date` = 2026-05-22 08:11:01.355, `last_seen` = 2026-06-16 00:17:03.259, `email` = null, `discord` = null, `settings` = '{"settings":[{"value":"auth","key":"last-server"},{"value":"en","key":"language"}],"version":0}' WHERE `ai` = 2" (applied to [last_ip, last_seen, settings] columns)
[2026/06/16 00:17:03]: [nLogin] The user nivinpro9 has successfully logged in.
[2026/06/16 00:32:58]: §3[nLogin] [DEBUG] The silverstone2328 (0:0:0:0:0:0:0:1) player entered an incorrect password
[2026/06/16 00:33:04]: §3[nLogin] [DEBUG] [SQLite] [UPDATE]: "UPDATE `nlogin` SET `last_name` = 'nivinpro9', `unique_id` = 4df1ec90be0f38db83238a7809fc8069,  `mojang_id` = null,  `bedrock_id` = null,  `password` = '$2a$10$wb77FapEGHCoOMw2wLWV/u5AXgdz9CauOIj8/e6EUKxxBiDM3bcpW', `last_ip` = '0:0:0:0:0:0:0:1', `creation_date` = 2026-05-22 08:11:01.355, `last_seen` = 2026-06-16 00:33:04.416, `email` = null, `discord` = null, `settings` = '{"settings":[{"value":"survival","key":"last-server"},{"value":"en","key":"language"}],"version":0}' WHERE `ai` = 2" (applied to [last_seen, settings] columns)
[2026/06/16 00:33:06]: §3[nLogin] [DEBUG] [SQLite] [UPDATE]: "UPDATE `nlogin` SET `last_name` = 'silverstone2328', `unique_id` = 976f3612e2303e3e8654e0f7e10140ca,  `mojang_id` = null,  `bedrock_id` = null,  `password` = '$2a$10$ZsseWbgMCdK9yqYpA.Yw9u0qVQlmz465MrCeNjIdqDZ7X.zO/lwmC', `last_ip` = '0:0:0:0:0:0:0:1', `creation_date` = 2026-06-12 02:03:25.176, `last_seen` = 2026-06-16 00:33:06.539, `email` = null, `discord` = null, `settings` = '{"settings":[{"value":"survival","key":"last-server"},{"value":"en","key":"language"}],"version":0}' WHERE `ai` = 10" (applied to [last_ip, last_seen, settings] columns)
[2026/06/16 00:33:06]: [nLogin] The user silverstone2328 has successfully logged in.
[2026/06/16 00:33:36]: §3[nLogin] [DEBUG] [SQLite] [UPDATE]: "UPDATE `nlogin` SET `last_name` = 'nivinpro9', `unique_id` = 4df1ec90be0f38db83238a7809fc8069,  `mojang_id` = null,  `bedrock_id` = null,  `password` = '$2a$10$wb77FapEGHCoOMw2wLWV/u5AXgdz9CauOIj8/e6EUKxxBiDM3bcpW', `last_ip` = '0:0:0:0:0:0:0:1', `creation_date` = 2026-05-22 08:11:01.355, `last_seen` = 2026-06-16 00:33:36.91, `email` = null, `discord` = null, `settings` = '{"settings":[{"value":"survival","key":"last-server"},{"value":"en","key":"language"}],"version":0}' WHERE `ai` = 2" (applied to [last_ip, last_seen, settings] columns)
[2026/06/16 00:33:36]: [nLogin] The user nivinpro9 has successfully logged in.
[2026/06/16 00:34:14]: §3[nLogin] [DEBUG] [SQLite] [UPDATE]: "UPDATE `nlogin` SET `last_name` = 'silverstone2328', `unique_id` = 976f3612e2303e3e8654e0f7e10140ca,  `mojang_id` = null,  `bedrock_id` = null,  `password` = '$2a$10$ZsseWbgMCdK9yqYpA.Yw9u0qVQlmz465MrCeNjIdqDZ7X.zO/lwmC', `last_ip` = '0:0:0:0:0:0:0:1', `creation_date` = 2026-06-12 02:03:25.176, `last_seen` = 2026-06-16 00:34:14.725, `email` = null, `discord` = null, `settings` = '{"settings":[{"value":"auth","key":"last-server"},{"value":"en","key":"language"}],"version":0}' WHERE `ai` = 10" (applied to [last_seen, settings] columns)
[2026/06/16 00:34:59]: §3[nLogin] [DEBUG] [SQLite] [UPDATE]: "UPDATE `nlogin` SET `last_name` = 'silverstone2328', `unique_id` = 976f3612e2303e3e8654e0f7e10140ca,  `mojang_id` = null,  `bedrock_id` = null,  `password` = '$2a$10$ZsseWbgMCdK9yqYpA.Yw9u0qVQlmz465MrCeNjIdqDZ7X.zO/lwmC', `last_ip` = '0:0:0:0:0:0:0:1', `creation_date` = 2026-06-12 02:03:25.176, `last_seen` = 2026-06-16 00:34:59.54, `email` = null, `discord` = null, `settings` = '{"settings":[{"value":"auth","key":"last-server"},{"value":"en","key":"language"}],"version":0}' WHERE `ai` = 10" (applied to [last_ip, last_seen, settings] columns)
[2026/06/16 00:34:59]: [nLogin] The user silverstone2328 has successfully logged in.
[2026/06/16 00:37:37]: §3[nLogin] [DEBUG] [SQLite] [UPDATE]: "UPDATE `nlogin` SET `last_name` = 'nivinpro9', `unique_id` = 4df1ec90be0f38db83238a7809fc8069,  `mojang_id` = null,  `bedrock_id` = null,  `password` = '$2a$10$wb77FapEGHCoOMw2wLWV/u5AXgdz9CauOIj8/e6EUKxxBiDM3bcpW', `last_ip` = '0:0:0:0:0:0:0:1', `creation_date` = 2026-05-22 08:11:01.355, `last_seen` = 2026-06-16 00:37:37.915, `email` = null, `discord` = null, `settings` = '{"settings":[{"value":"survival","key":"last-server"},{"value":"en","key":"language"}],"version":0}' WHERE `ai` = 2" (applied to [last_seen, settings] columns)
[2026/06/16 00:38:32]: §3[nLogin] [DEBUG] [SQLite] [UPDATE]: "UPDATE `nlogin` SET `last_name` = 'nivinpro9', `unique_id` = 4df1ec90be0f38db83238a7809fc8069,  `mojang_id` = null,  `bedrock_id` = null,  `password` = '$2a$10$wb77FapEGHCoOMw2wLWV/u5AXgdz9CauOIj8/e6EUKxxBiDM3bcpW', `last_ip` = '0:0:0:0:0:0:0:1', `creation_date` = 2026-05-22 08:11:01.355, `last_seen` = 2026-06-16 00:38:32.365, `email` = null, `discord` = null, `settings` = '{"settings":[{"value":"survival","key":"last-server"},{"value":"en","key":"language"}],"version":0}' WHERE `ai` = 2" (applied to [last_ip, last_seen, settings] columns)
[2026/06/16 00:38:32]: [nLogin] The user nivinpro9 has successfully logged in.
[2026/06/16 00:43:02]: §3[nLogin] [DEBUG] [SQLite] [UPDATE]: "UPDATE `nlogin` SET `last_name` = 'Syntaxsavy', `unique_id` = aa232e413abb3d708075301c7e809f31,  `mojang_id` = null,  `bedrock_id` = null,  `password` = '$2a$10$.ljYOee/FJ43P4ki0DC4Ruya8j2EqpY5NrBAxmn5Rubce.lktv4a6', `last_ip` = '0:0:0:0:0:0:0:1', `creation_date` = 2026-05-23 12:18:00.346, `last_seen` = 2026-06-16 00:43:02.365, `email` = null, `discord` = null, `settings` = '{"settings":[{"value":"survival","key":"last-server"},{"value":"en","key":"language"}],"version":0}' WHERE `ai` = 5" (applied to [last_seen, settings] columns)
[2026/06/16 00:43:26]: §3[nLogin] [DEBUG] [SQLite] [UPDATE]: "UPDATE `nlogin` SET `last_name` = 'nivinpro9', `unique_id` = 4df1ec90be0f38db83238a7809fc8069,  `mojang_id` = null,  `bedrock_id` = null,  `password` = '$2a$10$wb77FapEGHCoOMw2wLWV/u5AXgdz9CauOIj8/e6EUKxxBiDM3bcpW', `last_ip` = '0:0:0:0:0:0:0:1', `creation_date` = 2026-05-22 08:11:01.355, `last_seen` = 2026-06-16 00:43:26.77, `email` = null, `discord` = null, `settings` = '{"settings":[{"value":"survival","key":"last-server"},{"value":"en","key":"language"}],"version":0}' WHERE `ai` = 2" (applied to [last_seen, settings] columns)
[2026/06/16 00:43:33]: §3[nLogin] [DEBUG] [SQLite] [UPDATE]: "UPDATE `nlogin` SET `last_name` = 'silverstone2328', `unique_id` = 976f3612e2303e3e8654e0f7e10140ca,  `mojang_id` = null,  `bedrock_id` = null,  `password` = '$2a$10$ZsseWbgMCdK9yqYpA.Yw9u0qVQlmz465MrCeNjIdqDZ7X.zO/lwmC', `last_ip` = '0:0:0:0:0:0:0:1', `creation_date` = 2026-06-12 02:03:25.176, `last_seen` = 2026-06-16 00:43:33.023, `email` = null, `discord` = null, `settings` = '{"settings":[{"value":"survival","key":"last-server"},{"value":"en","key":"language"}],"version":0}' WHERE `ai` = 10" (applied to [last_seen, settings] columns)
[2026/06/16 00:43:34]: §3[nLogin] [DEBUG] [SQLite] [UPDATE]: "UPDATE `nlogin` SET `last_name` = 'ItzSammer', `unique_id` = a130978d5803371dab29c8f6ed7849bb,  `mojang_id` = null,  `bedrock_id` = null,  `password` = '$2a$10$XIwyRFUSP4TifbVnoP92l.aNeR1tn2MZ3CEB3y25gvrjwIuPfVLIS', `last_ip` = '0:0:0:0:0:0:0:1', `creation_date` = 2026-05-22 08:12:06.495, `last_seen` = 2026-06-16 00:43:34.107, `email` = null, `discord` = null, `settings` = '{"settings":[{"value":"en","key":"language"},{"value":"survival","key":"last-server"}],"version":0}' WHERE `ai` = 3" (applied to [last_seen, settings] columns)
[2026/06/16 00:53:17]: §3[nLogin] [DEBUG] [SQLite] [UPDATE]: "INSERT INTO `nlogin` (`last_name`, `unique_id`, `mojang_id`, `bedrock_id`, `password`, `last_ip`, `creation_date`, `last_seen`, `email`, `discord`, `settings`) VALUES ('Senpai_spider24', a38e599c4bd03f28b65575431d8115c7, null, null, '$2a$10$C46POA10EqnZMFZimjAl1u0w09L2CWGskWYlz56tPImLtRQB3E7ni', '0:0:0:0:0:0:0:1', '2026-06-16 00:53:17.01', '2026-06-16 00:53:17.01', null, null, '{"settings":[{"value":true,"key":"force-invalid-session"}],"version":0}')" (applied to all columns)
[2026/06/16 00:53:17]: [nLogin] The user Senpai_spider24 has successfully registered.
[2026/06/16 00:53:58]: §3[nLogin] [DEBUG] [SQLite] [UPDATE]: "UPDATE `nlogin` SET `last_name` = 'ItzSammer', `unique_id` = a130978d5803371dab29c8f6ed7849bb,  `mojang_id` = null,  `bedrock_id` = null,  `password` = '$2a$10$XIwyRFUSP4TifbVnoP92l.aNeR1tn2MZ3CEB3y25gvrjwIuPfVLIS', `last_ip` = '0:0:0:0:0:0:0:1', `creation_date` = 2026-05-22 08:12:06.495, `last_seen` = 2026-06-16 00:53:58.129, `email` = null, `discord` = null, `settings` = '{"settings":[{"value":"en","key":"language"},{"value":"survival","key":"last-server"}],"version":0}' WHERE `ai` = 3" (applied to [last_ip, last_seen, settings] columns)
[2026/06/16 00:53:58]: [nLogin] The user ItzSammer has successfully logged in.
[2026/06/16 00:55:26]: §3[nLogin] [DEBUG] [SQLite] [UPDATE]: "UPDATE `nlogin` SET `last_name` = 'Syntaxsavy', `unique_id` = aa232e413abb3d708075301c7e809f31,  `mojang_id` = null,  `bedrock_id` = null,  `password` = '$2a$10$.ljYOee/FJ43P4ki0DC4Ruya8j2EqpY5NrBAxmn5Rubce.lktv4a6', `last_ip` = '0:0:0:0:0:0:0:1', `creation_date` = 2026-05-23 12:18:00.346, `last_seen` = 2026-06-16 00:55:26.616, `email` = null, `discord` = null, `settings` = '{"settings":[{"value":"survival","key":"last-server"},{"value":"en","key":"language"}],"version":0}' WHERE `ai` = 5" (applied to [last_ip, last_seen, settings] columns)
[2026/06/16 00:55:26]: [nLogin] The user Syntaxsavy has successfully logged in.
[2026/06/16 00:56:01]: §3[nLogin] [DEBUG] [SQLite] [UPDATE]: "UPDATE `nlogin` SET `last_name` = 'The_Unknown_King', `unique_id` = 2dde329b7ccb3316b0f79aaebf9fc51f,  `mojang_id` = null,  `bedrock_id` = null,  `password` = '$2a$10$Sk/DTBOR.cFivC/XB5C.teu/5pdWhfNWIcrCLAbyDBZ/c/e.Sr52q', `last_ip` = '0:0:0:0:0:0:0:1', `creation_date` = 2026-06-15 02:11:53.78, `last_seen` = 2026-06-16 00:56:01.238, `email` = null, `discord` = null, `settings` = null WHERE `ai` = 14" (applied to [last_ip, last_seen, settings] columns)
[2026/06/16 00:56:01]: [nLogin] The user The_Unknown_King has successfully logged in.
[2026/06/16 01:05:55]: §3[nLogin] [DEBUG] [SQLite] [UPDATE]: "UPDATE `nlogin` SET `last_name` = 'nivinpro9', `unique_id` = 4df1ec90be0f38db83238a7809fc8069,  `mojang_id` = null,  `bedrock_id` = null,  `password` = '$2a$10$wb77FapEGHCoOMw2wLWV/u5AXgdz9CauOIj8/e6EUKxxBiDM3bcpW', `last_ip` = '0:0:0:0:0:0:0:1', `creation_date` = 2026-05-22 08:11:01.355, `last_seen` = 2026-06-16 01:05:55.527, `email` = null, `discord` = null, `settings` = '{"settings":[{"value":"survival","key":"last-server"},{"value":"en","key":"language"}],"version":0}' WHERE `ai` = 2" (applied to [last_ip, last_seen, settings] columns)
[2026/06/16 01:05:55]: [nLogin] The user nivinpro9 has successfully logged in.
[2026/06/16 01:12:36]: §3[nLogin] [DEBUG] [SQLite] [UPDATE]: "UPDATE `nlogin` SET `last_name` = 'Syntaxsavy', `unique_id` = aa232e413abb3d708075301c7e809f31,  `mojang_id` = null,  `bedrock_id` = null,  `password` = '$2a$10$.ljYOee/FJ43P4ki0DC4Ruya8j2EqpY5NrBAxmn5Rubce.lktv4a6', `last_ip` = '0:0:0:0:0:0:0:1', `creation_date` = 2026-05-23 12:18:00.346, `last_seen` = 2026-06-16 01:12:36.518, `email` = null, `discord` = null, `settings` = '{"settings":[{"value":"survival","key":"last-server"},{"value":"en","key":"language"}],"version":0}' WHERE `ai` = 5" (applied to [last_seen, settings] columns)
[2026/06/16 01:12:37]: §3[nLogin] [DEBUG] [SQLite] [UPDATE]: "UPDATE `nlogin` SET `last_name` = 'The_Unknown_King', `unique_id` = 2dde329b7ccb3316b0f79aaebf9fc51f,  `mojang_id` = null,  `bedrock_id` = null,  `password` = '$2a$10$Sk/DTBOR.cFivC/XB5C.teu/5pdWhfNWIcrCLAbyDBZ/c/e.Sr52q', `last_ip` = '0:0:0:0:0:0:0:1', `creation_date` = 2026-06-15 02:11:53.78, `last_seen` = 2026-06-16 01:12:37.008, `email` = null, `discord` = null, `settings` = '{"settings":[{"value":"survival","key":"last-server"},{"value":"en","key":"language"}],"version":0}' WHERE `ai` = 14" (applied to [last_seen, settings] columns)
[2026/06/16 01:12:37]: §3[nLogin] [DEBUG] [SQLite] [UPDATE]: "UPDATE `nlogin` SET `last_name` = 'Senpai_spider24', `unique_id` = a38e599c4bd03f28b65575431d8115c7,  `mojang_id` = null,  `bedrock_id` = null,  `password` = '$2a$10$C46POA10EqnZMFZimjAl1u0w09L2CWGskWYlz56tPImLtRQB3E7ni', `last_ip` = '0:0:0:0:0:0:0:1', `creation_date` = 2026-06-16 00:53:17.01, `last_seen` = 2026-06-16 01:12:37.632, `email` = null, `discord` = null, `settings` = '{"settings":[{"value":true,"key":"force-invalid-session"},{"value":"survival","key":"last-server"},{"value":"en","key":"language"}],"version":0}' WHERE `ai` = 15" (applied to [last_seen, settings] columns)
[2026/06/16 01:12:38]: §3[nLogin] [DEBUG] [SQLite] [UPDATE]: "UPDATE `nlogin` SET `last_name` = 'nivinpro9', `unique_id` = 4df1ec90be0f38db83238a7809fc8069,  `mojang_id` = null,  `bedrock_id` = null,  `password` = '$2a$10$wb77FapEGHCoOMw2wLWV/u5AXgdz9CauOIj8/e6EUKxxBiDM3bcpW', `last_ip` = '0:0:0:0:0:0:0:1', `creation_date` = 2026-05-22 08:11:01.355, `last_seen` = 2026-06-16 01:12:38.702, `email` = null, `discord` = null, `settings` = '{"settings":[{"value":"survival","key":"last-server"},{"value":"en","key":"language"}],"version":0}' WHERE `ai` = 2" (applied to [last_seen, settings] columns)
[2026/06/16 01:12:41]: §3[nLogin] [DEBUG] [SQLite] [UPDATE]: "UPDATE `nlogin` SET `last_name` = 'ItzSammer', `unique_id` = a130978d5803371dab29c8f6ed7849bb,  `mojang_id` = null,  `bedrock_id` = null,  `password` = '$2a$10$XIwyRFUSP4TifbVnoP92l.aNeR1tn2MZ3CEB3y25gvrjwIuPfVLIS', `last_ip` = '0:0:0:0:0:0:0:1', `creation_date` = 2026-05-22 08:12:06.495, `last_seen` = 2026-06-16 01:12:41.757, `email` = null, `discord` = null, `settings` = '{"settings":[{"value":"en","key":"language"},{"value":"auth","key":"last-server"}],"version":0}' WHERE `ai` = 3" (applied to [last_seen, settings] columns)
[2026/06/16 01:20:59]: §3[nLogin] [DEBUG] [SQLite] [UPDATE]: "UPDATE `nlogin` SET `last_name` = 'nivinpro9', `unique_id` = 4df1ec90be0f38db83238a7809fc8069,  `mojang_id` = null,  `bedrock_id` = null,  `password` = '$2a$10$wb77FapEGHCoOMw2wLWV/u5AXgdz9CauOIj8/e6EUKxxBiDM3bcpW', `last_ip` = '0:0:0:0:0:0:0:1', `creation_date` = 2026-05-22 08:11:01.355, `last_seen` = 2026-06-16 01:20:59.198, `email` = null, `discord` = null, `settings` = '{"settings":[{"value":"survival","key":"last-server"},{"value":"en","key":"language"}],"version":0}' WHERE `ai` = 2" (applied to [last_ip, last_seen, settings] columns)
[2026/06/16 01:20:59]: [nLogin] The user nivinpro9 has successfully logged in.
[2026/06/16 01:21:04]: §3[nLogin] [DEBUG] [SQLite] [UPDATE]: "UPDATE `nlogin` SET `last_name` = 'nivinpro9', `unique_id` = 4df1ec90be0f38db83238a7809fc8069,  `mojang_id` = null,  `bedrock_id` = null,  `password` = '$2a$10$wb77FapEGHCoOMw2wLWV/u5AXgdz9CauOIj8/e6EUKxxBiDM3bcpW', `last_ip` = '0:0:0:0:0:0:0:1', `creation_date` = 2026-05-22 08:11:01.355, `last_seen` = 2026-06-16 01:21:04.085, `email` = null, `discord` = null, `settings` = '{"settings":[{"value":"auth","key":"last-server"},{"value":"en","key":"language"}],"version":0}' WHERE `ai` = 2" (applied to [last_seen, settings] columns)
[2026/06/16 01:26:07]: §3[nLogin] [DEBUG] The Syntaxsavy (0:0:0:0:0:0:0:1) player entered an incorrect password
[2026/06/16 01:26:12]: §3[nLogin] [DEBUG] [SQLite] [UPDATE]: "UPDATE `nlogin` SET `last_name` = 'Syntaxsavy', `unique_id` = aa232e413abb3d708075301c7e809f31,  `mojang_id` = null,  `bedrock_id` = null,  `password` = '$2a$10$.ljYOee/FJ43P4ki0DC4Ruya8j2EqpY5NrBAxmn5Rubce.lktv4a6', `last_ip` = '0:0:0:0:0:0:0:1', `creation_date` = 2026-05-23 12:18:00.346, `last_seen` = 2026-06-16 01:26:12.395, `email` = null, `discord` = null, `settings` = '{"settings":[{"value":"survival","key":"last-server"},{"value":"en","key":"language"}],"version":0}' WHERE `ai` = 5" (applied to [last_ip, last_seen, settings] columns)
[2026/06/16 01:26:12]: [nLogin] The user Syntaxsavy has successfully logged in.
[2026/06/16 01:26:15]: §3[nLogin] [DEBUG] [SQLite] [UPDATE]: "UPDATE `nlogin` SET `last_name` = 'Syntaxsavy', `unique_id` = aa232e413abb3d708075301c7e809f31,  `mojang_id` = null,  `bedrock_id` = null,  `password` = '$2a$10$.ljYOee/FJ43P4ki0DC4Ruya8j2EqpY5NrBAxmn5Rubce.lktv4a6', `last_ip` = '0:0:0:0:0:0:0:1', `creation_date` = 2026-05-23 12:18:00.346, `last_seen` = 2026-06-16 01:26:15.562, `email` = null, `discord` = null, `settings` = '{"settings":[{"value":"auth","key":"last-server"},{"value":"en","key":"language"}],"version":0}' WHERE `ai` = 5" (applied to [last_seen, settings] columns)
