[2026/07/19 04:31:56]: §9          __             _       
[2026/07/19 04:31:56]: §9  _ __   / /  ___   __ _(_)_ __  
[2026/07/19 04:31:56]: §9 | '_ \ / /  / _ \ / _` | | '_ \ 
[2026/07/19 04:31:56]: §9 | | | / /__| (_) | (_| | | | | |
[2026/07/19 04:31:56]: §9 |_| |_\____/\___/ \__, |_|_| |_|
[2026/07/19 04:31:56]: §9                  |___/            
[2026/07/19 04:31:56]: §9 By: www.nickuc.com - V 10.4.27
[2026/07/19 04:31:56]: §9 
[2026/07/19 04:31:56]: §3[nLogin] [DEBUG] All settings were loaded in 426 ms.
[2026/07/19 04:31:57]: §3[nLogin] [DEBUG] Loading the messages_en.yml message file...
[2026/07/19 04:31:57]: §3[nLogin] [DEBUG] All plugin messages were loaded in 136 ms (languageByClient=false).
[2026/07/19 04:31:57]: §3[nLogin] [DEBUG] All proxy settings were loaded in 19 ms.
[2026/07/19 04:31:57]: §3[nLogin] [DEBUG] Loading database...
[2026/07/19 04:31:57]: §3[nLogin] [DEBUG] Starting logger filter...
[2026/07/19 04:32:02]: 
[2026/07/19 04:32:02]:  §bThank you so much for choosing nLogin! §4<3
[2026/07/19 04:32:02]: 
[2026/07/19 04:32:02]:  §4For your safety, please read the message below:
[2026/07/19 04:32:02]:   §cNever download nLogin from unknown sources.
[2026/07/19 04:32:02]:   §cA modified version may contain malicious software.
[2026/07/19 04:32:02]: 
[2026/07/19 04:32:02]:  §3Trusted sources:
[2026/07/19 04:32:02]:   §bwww.nickuc.com
[2026/07/19 04:32:02]:   §bwww.github.com/nickuc
[2026/07/19 04:32:02]:   §bOpeNLogin installer (from Spigot or GitHub)
[2026/07/19 04:32:02]: 
[2026/07/19 04:32:02]:  §3Official support channels:
[2026/07/19 04:32:02]:   §bDiscord group: §fwww.nickuc.com/discord
[2026/07/19 04:32:02]:   §bDocumentation: §fdocs.nickuc.com/nlogin/
[2026/07/19 04:32:02]:   §bEmail: §fsupport@nickuc.com
[2026/07/19 04:32:02]:   §bYouTube: §fyoutube.com/nickuc
[2026/07/19 04:32:02]: 
[2026/07/19 04:32:02]:  §eTo remove this warning, log in with "nlogin.admin" permission on the server
[2026/07/19 04:32:02]:  §eand click the "Setup plugin" button to configure your plugin.
[2026/07/19 04:32:02]: 
[2026/07/19 04:32:12]: §3[nLogin] [DEBUG] [SQLite] [UPDATE]: "UPDATE `nlogin` SET `last_name` = 'ItzSammer', `unique_id` = a130978d5803371dab29c8f6ed7849bb,  `mojang_id` = null,  `bedrock_id` = null,  `password` = '$2a$10$XIwyRFUSP4TifbVnoP92l.aNeR1tn2MZ3CEB3y25gvrjwIuPfVLIS', `last_ip` = '0:0:0:0:0:0:0:1', `creation_date` = 2026-05-22 08:12:06.495, `last_seen` = 2026-07-19 04:32:12.622, `email` = null, `discord` = null, `settings` = '{"settings":[{"value":"en","key":"language"},{"value":"survival","key":"last-server"}],"version":0}' WHERE `ai` = 3" (applied to [last_ip, last_seen, settings] columns)
[2026/07/19 04:32:12]: [nLogin] The user ItzSammer has successfully logged in.
[2026/07/19 05:02:13]: §3[nLogin] [DEBUG] [SQLite] [UPDATE]: "UPDATE `nlogin` SET `last_name` = 'ItzSammer', `unique_id` = a130978d5803371dab29c8f6ed7849bb,  `mojang_id` = null,  `bedrock_id` = null,  `password` = '$2a$10$XIwyRFUSP4TifbVnoP92l.aNeR1tn2MZ3CEB3y25gvrjwIuPfVLIS', `last_ip` = '0:0:0:0:0:0:0:1', `creation_date` = 2026-05-22 08:12:06.495, `last_seen` = 2026-07-19 05:02:13.108, `email` = null, `discord` = null, `settings` = '{"settings":[{"value":"en","key":"language"},{"value":"survival","key":"last-server"}],"version":0}' WHERE `ai` = 3" (applied to [last_seen, settings] columns)
[2026/07/19 05:09:54]: §3[nLogin] [DEBUG] [SQLite] [UPDATE]: "UPDATE `nlogin` SET `last_name` = 'nivinpro9', `unique_id` = 4df1ec90be0f38db83238a7809fc8069,  `mojang_id` = null,  `bedrock_id` = null,  `password` = '$2a$10$wb77FapEGHCoOMw2wLWV/u5AXgdz9CauOIj8/e6EUKxxBiDM3bcpW', `last_ip` = '0:0:0:0:0:0:0:1', `creation_date` = 2026-05-22 08:11:01.355, `last_seen` = 2026-07-19 05:09:54.61, `email` = null, `discord` = null, `settings` = '{"settings":[{"value":"survival","key":"last-server"},{"value":"en","key":"language"}],"version":0}' WHERE `ai` = 2" (applied to [last_ip, last_seen, settings] columns)
[2026/07/19 05:09:54]: [nLogin] The user nivinpro9 has successfully logged in.
[2026/07/19 05:10:52]: §3[nLogin] [DEBUG] [SQLite] [UPDATE]: "UPDATE `nlogin` SET `last_name` = 'nivinpro9', `unique_id` = 4df1ec90be0f38db83238a7809fc8069,  `mojang_id` = null,  `bedrock_id` = null,  `password` = '$2a$10$wb77FapEGHCoOMw2wLWV/u5AXgdz9CauOIj8/e6EUKxxBiDM3bcpW', `last_ip` = '0:0:0:0:0:0:0:1', `creation_date` = 2026-05-22 08:11:01.355, `last_seen` = 2026-07-19 05:10:52.707, `email` = null, `discord` = null, `settings` = '{"settings":[{"value":"survival","key":"last-server"},{"value":"en","key":"language"}],"version":0}' WHERE `ai` = 2" (applied to [last_seen, settings] columns)
[2026/07/19 05:16:02]: §3[nLogin] [DEBUG] [SQLite] [UPDATE]: "UPDATE `nlogin` SET `last_name` = 'ItzSammer', `unique_id` = a130978d5803371dab29c8f6ed7849bb,  `mojang_id` = null,  `bedrock_id` = null,  `password` = '$2a$10$XIwyRFUSP4TifbVnoP92l.aNeR1tn2MZ3CEB3y25gvrjwIuPfVLIS', `last_ip` = '0:0:0:0:0:0:0:1', `creation_date` = 2026-05-22 08:12:06.495, `last_seen` = 2026-07-19 05:16:02.937, `email` = null, `discord` = null, `settings` = '{"settings":[{"value":"en","key":"language"},{"value":"survival","key":"last-server"}],"version":0}' WHERE `ai` = 3" (applied to [last_ip, last_seen, settings] columns)
[2026/07/19 05:16:02]: [nLogin] The user ItzSammer has successfully logged in.
[2026/07/19 05:19:17]: §3[nLogin] [DEBUG] [SQLite] [UPDATE]: "UPDATE `nlogin` SET `last_name` = 'nivinpro9', `unique_id` = 4df1ec90be0f38db83238a7809fc8069,  `mojang_id` = null,  `bedrock_id` = null,  `password` = '$2a$10$wb77FapEGHCoOMw2wLWV/u5AXgdz9CauOIj8/e6EUKxxBiDM3bcpW', `last_ip` = '0:0:0:0:0:0:0:1', `creation_date` = 2026-05-22 08:11:01.355, `last_seen` = 2026-07-19 05:19:17.843, `email` = null, `discord` = null, `settings` = '{"settings":[{"value":"survival","key":"last-server"},{"value":"en","key":"language"}],"version":0}' WHERE `ai` = 2" (applied to [last_ip, last_seen, settings] columns)
[2026/07/19 05:19:17]: [nLogin] The user nivinpro9 has successfully logged in.
[2026/07/19 05:20:31]: §3[nLogin] [DEBUG] [SQLite] [UPDATE]: "UPDATE `nlogin` SET `last_name` = 'ItzSammer', `unique_id` = a130978d5803371dab29c8f6ed7849bb,  `mojang_id` = null,  `bedrock_id` = null,  `password` = '$2a$10$XIwyRFUSP4TifbVnoP92l.aNeR1tn2MZ3CEB3y25gvrjwIuPfVLIS', `last_ip` = '0:0:0:0:0:0:0:1', `creation_date` = 2026-05-22 08:12:06.495, `last_seen` = 2026-07-19 05:20:31.577, `email` = null, `discord` = null, `settings` = '{"settings":[{"value":"en","key":"language"},{"value":"survival","key":"last-server"}],"version":0}' WHERE `ai` = 3" (applied to [last_seen, settings] columns)
[2026/07/19 05:24:56]: §3[nLogin] [DEBUG] [SQLite] [UPDATE]: "UPDATE `nlogin` SET `last_name` = 'nivinpro9', `unique_id` = 4df1ec90be0f38db83238a7809fc8069,  `mojang_id` = null,  `bedrock_id` = null,  `password` = '$2a$10$wb77FapEGHCoOMw2wLWV/u5AXgdz9CauOIj8/e6EUKxxBiDM3bcpW', `last_ip` = '0:0:0:0:0:0:0:1', `creation_date` = 2026-05-22 08:11:01.355, `last_seen` = 2026-07-19 05:24:56.317, `email` = null, `discord` = null, `settings` = '{"settings":[{"value":"survival","key":"last-server"},{"value":"en","key":"language"}],"version":0}' WHERE `ai` = 2" (applied to [last_seen, settings] columns)
