[2026/07/03 03:28:36]: §9          __             _       
[2026/07/03 03:28:36]: §9  _ __   / /  ___   __ _(_)_ __  
[2026/07/03 03:28:36]: §9 | '_ \ / /  / _ \ / _` | | '_ \ 
[2026/07/03 03:28:36]: §9 | | | / /__| (_) | (_| | | | | |
[2026/07/03 03:28:36]: §9 |_| |_\____/\___/ \__, |_|_| |_|
[2026/07/03 03:28:36]: §9                  |___/            
[2026/07/03 03:28:36]: §9 By: www.nickuc.com - V 10.4.27
[2026/07/03 03:28:36]: §9 
[2026/07/03 03:28:37]: §3[nLogin] [DEBUG] All settings were loaded in 390 ms.
[2026/07/03 03:28:37]: §3[nLogin] [DEBUG] Loading the messages_en.yml message file...
[2026/07/03 03:28:37]: §3[nLogin] [DEBUG] All plugin messages were loaded in 103 ms (languageByClient=false).
[2026/07/03 03:28:37]: §3[nLogin] [DEBUG] All proxy settings were loaded in 23 ms.
[2026/07/03 03:28:37]: §3[nLogin] [DEBUG] Loading database...
[2026/07/03 03:28:38]: §3[nLogin] [DEBUG] Starting logger filter...
[2026/07/03 03:28:43]: 
[2026/07/03 03:28:43]:  §bThank you so much for choosing nLogin! §4<3
[2026/07/03 03:28:43]: 
[2026/07/03 03:28:43]:  §4For your safety, please read the message below:
[2026/07/03 03:28:43]:   §cNever download nLogin from unknown sources.
[2026/07/03 03:28:43]:   §cA modified version may contain malicious software.
[2026/07/03 03:28:43]: 
[2026/07/03 03:28:43]:  §3Trusted sources:
[2026/07/03 03:28:43]:   §bwww.nickuc.com
[2026/07/03 03:28:43]:   §bwww.github.com/nickuc
[2026/07/03 03:28:43]:   §bOpeNLogin installer (from Spigot or GitHub)
[2026/07/03 03:28:43]: 
[2026/07/03 03:28:43]:  §3Official support channels:
[2026/07/03 03:28:43]:   §bDiscord group: §fwww.nickuc.com/discord
[2026/07/03 03:28:43]:   §bDocumentation: §fdocs.nickuc.com/nlogin/
[2026/07/03 03:28:43]:   §bEmail: §fsupport@nickuc.com
[2026/07/03 03:28:43]:   §bYouTube: §fyoutube.com/nickuc
[2026/07/03 03:28:43]: 
[2026/07/03 03:28:43]:  §eTo remove this warning, log in with "nlogin.admin" permission on the server
[2026/07/03 03:28:43]:  §eand click the "Setup plugin" button to configure your plugin.
[2026/07/03 03:28:43]: 
[2026/07/03 03:28:56]: §3[nLogin] [DEBUG] [SQLite] [UPDATE]: "UPDATE `nlogin` SET `last_name` = 'nivinpro9', `unique_id` = 4df1ec90be0f38db83238a7809fc8069,  `mojang_id` = null,  `bedrock_id` = null,  `password` = '$2a$10$wb77FapEGHCoOMw2wLWV/u5AXgdz9CauOIj8/e6EUKxxBiDM3bcpW', `last_ip` = '0:0:0:0:0:0:0:1', `creation_date` = 2026-05-22 08:11:01.355, `last_seen` = 2026-07-03 03:28:56.198, `email` = null, `discord` = null, `settings` = '{"settings":[{"value":"auth","key":"last-server"},{"value":"en","key":"language"}],"version":0}' WHERE `ai` = 2" (applied to [last_ip, last_seen, settings] columns)
[2026/07/03 03:28:56]: [nLogin] The user nivinpro9 has successfully logged in.
[2026/07/03 03:29:30]: §3[nLogin] [DEBUG] [SQLite] [UPDATE]: "UPDATE `nlogin` SET `last_name` = 'ItzSammer', `unique_id` = a130978d5803371dab29c8f6ed7849bb,  `mojang_id` = null,  `bedrock_id` = null,  `password` = '$2a$10$XIwyRFUSP4TifbVnoP92l.aNeR1tn2MZ3CEB3y25gvrjwIuPfVLIS', `last_ip` = '0:0:0:0:0:0:0:1', `creation_date` = 2026-05-22 08:12:06.495, `last_seen` = 2026-07-03 03:29:30.009, `email` = null, `discord` = null, `settings` = '{"settings":[{"value":"en","key":"language"},{"value":"auth","key":"last-server"}],"version":0}' WHERE `ai` = 3" (applied to [last_ip, last_seen, settings] columns)
[2026/07/03 03:29:30]: [nLogin] The user ItzSammer has successfully logged in.
[2026/07/03 03:29:49]: §3[nLogin] [DEBUG] [SQLite] [UPDATE]: "UPDATE `nlogin` SET `last_name` = 'nivinpro9', `unique_id` = 4df1ec90be0f38db83238a7809fc8069,  `mojang_id` = null,  `bedrock_id` = null,  `password` = '$2a$10$wb77FapEGHCoOMw2wLWV/u5AXgdz9CauOIj8/e6EUKxxBiDM3bcpW', `last_ip` = '0:0:0:0:0:0:0:1', `creation_date` = 2026-05-22 08:11:01.355, `last_seen` = 2026-07-03 03:29:49.259, `email` = null, `discord` = null, `settings` = '{"settings":[{"value":"auth","key":"last-server"},{"value":"en","key":"language"}],"version":0}' WHERE `ai` = 2" (applied to [last_seen, settings] columns)
[2026/07/03 03:29:52]: §3[nLogin] [DEBUG] [SQLite] [UPDATE]: "UPDATE `nlogin` SET `last_name` = 'nivinpro9', `unique_id` = 4df1ec90be0f38db83238a7809fc8069,  `mojang_id` = null,  `bedrock_id` = null,  `password` = '$2a$10$wb77FapEGHCoOMw2wLWV/u5AXgdz9CauOIj8/e6EUKxxBiDM3bcpW', `last_ip` = '0:0:0:0:0:0:0:1', `creation_date` = 2026-05-22 08:11:01.355, `last_seen` = 2026-07-03 03:29:52.444, `email` = null, `discord` = null, `settings` = '{"settings":[{"value":"auth","key":"last-server"},{"value":"en","key":"language"}],"version":0}' WHERE `ai` = 2" (applied to [last_ip, last_seen, settings] columns)
[2026/07/03 03:29:52]: [nLogin] The user nivinpro9 has successfully logged in.
[2026/07/03 03:31:02]: §3[nLogin] [DEBUG] [SQLite] [UPDATE]: "UPDATE `nlogin` SET `last_name` = 'Syntaxsavy', `unique_id` = aa232e413abb3d708075301c7e809f31,  `mojang_id` = null,  `bedrock_id` = null,  `password` = '$2a$10$.ljYOee/FJ43P4ki0DC4Ruya8j2EqpY5NrBAxmn5Rubce.lktv4a6', `last_ip` = '0:0:0:0:0:0:0:1', `creation_date` = 2026-05-23 12:18:00.346, `last_seen` = 2026-07-03 03:31:02.291, `email` = null, `discord` = null, `settings` = '{"settings":[{"value":"survival","key":"last-server"},{"value":"en","key":"language"}],"version":0}' WHERE `ai` = 5" (applied to [last_ip, last_seen, settings] columns)
[2026/07/03 03:31:02]: [nLogin] The user Syntaxsavy has successfully logged in.
[2026/07/03 03:36:09]: §3[nLogin] [DEBUG] The silverstone2328 (0:0:0:0:0:0:0:1) player entered an incorrect password
[2026/07/03 03:36:14]: §3[nLogin] [DEBUG] [SQLite] [UPDATE]: "UPDATE `nlogin` SET `last_name` = 'silverstone2328', `unique_id` = 976f3612e2303e3e8654e0f7e10140ca,  `mojang_id` = null,  `bedrock_id` = null,  `password` = '$2a$10$ZsseWbgMCdK9yqYpA.Yw9u0qVQlmz465MrCeNjIdqDZ7X.zO/lwmC', `last_ip` = '0:0:0:0:0:0:0:1', `creation_date` = 2026-06-12 02:03:25.176, `last_seen` = 2026-07-03 03:36:14.347, `email` = null, `discord` = null, `settings` = '{"settings":[{"value":"auth","key":"last-server"},{"value":"en","key":"language"}],"version":0}' WHERE `ai` = 10" (applied to [last_ip, last_seen, settings] columns)
[2026/07/03 03:36:14]: [nLogin] The user silverstone2328 has successfully logged in.
[2026/07/03 03:37:19]: §3[nLogin] [DEBUG] [SQLite] [UPDATE]: "UPDATE `nlogin` SET `last_name` = 'ItzSammer', `unique_id` = a130978d5803371dab29c8f6ed7849bb,  `mojang_id` = null,  `bedrock_id` = null,  `password` = '$2a$10$XIwyRFUSP4TifbVnoP92l.aNeR1tn2MZ3CEB3y25gvrjwIuPfVLIS', `last_ip` = '0:0:0:0:0:0:0:1', `creation_date` = 2026-05-22 08:12:06.495, `last_seen` = 2026-07-03 03:37:19.318, `email` = null, `discord` = null, `settings` = '{"settings":[{"value":"en","key":"language"},{"value":"survival","key":"last-server"}],"version":0}' WHERE `ai` = 3" (applied to [last_seen, settings] columns)
[2026/07/03 03:39:09]: §3[nLogin] [DEBUG] [SQLite] [UPDATE]: "UPDATE `nlogin` SET `last_name` = 'nivinpro9', `unique_id` = 4df1ec90be0f38db83238a7809fc8069,  `mojang_id` = null,  `bedrock_id` = null,  `password` = '$2a$10$wb77FapEGHCoOMw2wLWV/u5AXgdz9CauOIj8/e6EUKxxBiDM3bcpW', `last_ip` = '0:0:0:0:0:0:0:1', `creation_date` = 2026-05-22 08:11:01.355, `last_seen` = 2026-07-03 03:39:08.911, `email` = null, `discord` = null, `settings` = '{"settings":[{"value":"survival","key":"last-server"},{"value":"en","key":"language"}],"version":0}' WHERE `ai` = 2" (applied to [last_seen, settings] columns)
[2026/07/03 03:39:48]: §3[nLogin] [DEBUG] [SQLite] [UPDATE]: "UPDATE `nlogin` SET `last_name` = 'silverstone2328', `unique_id` = 976f3612e2303e3e8654e0f7e10140ca,  `mojang_id` = null,  `bedrock_id` = null,  `password` = '$2a$10$ZsseWbgMCdK9yqYpA.Yw9u0qVQlmz465MrCeNjIdqDZ7X.zO/lwmC', `last_ip` = '0:0:0:0:0:0:0:1', `creation_date` = 2026-06-12 02:03:25.176, `last_seen` = 2026-07-03 03:39:48.25, `email` = null, `discord` = null, `settings` = '{"settings":[{"value":"survival","key":"last-server"},{"value":"en","key":"language"}],"version":0}' WHERE `ai` = 10" (applied to [last_seen, settings] columns)
[2026/07/03 03:39:50]: §3[nLogin] [DEBUG] [SQLite] [UPDATE]: "UPDATE `nlogin` SET `last_name` = 'Syntaxsavy', `unique_id` = aa232e413abb3d708075301c7e809f31,  `mojang_id` = null,  `bedrock_id` = null,  `password` = '$2a$10$.ljYOee/FJ43P4ki0DC4Ruya8j2EqpY5NrBAxmn5Rubce.lktv4a6', `last_ip` = '0:0:0:0:0:0:0:1', `creation_date` = 2026-05-23 12:18:00.346, `last_seen` = 2026-07-03 03:39:50.175, `email` = null, `discord` = null, `settings` = '{"settings":[{"value":"survival","key":"last-server"},{"value":"en","key":"language"}],"version":0}' WHERE `ai` = 5" (applied to [last_seen, settings] columns)
