[2026/06/15 01:17:18]: §9          __             _       
[2026/06/15 01:17:18]: §9  _ __   / /  ___   __ _(_)_ __  
[2026/06/15 01:17:18]: §9 | '_ \ / /  / _ \ / _` | | '_ \ 
[2026/06/15 01:17:18]: §9 | | | / /__| (_) | (_| | | | | |
[2026/06/15 01:17:18]: §9 |_| |_\____/\___/ \__, |_|_| |_|
[2026/06/15 01:17:18]: §9                  |___/            
[2026/06/15 01:17:18]: §9 By: www.nickuc.com - V 10.4.27
[2026/06/15 01:17:18]: §9 
[2026/06/15 01:17:19]: §3[nLogin] [DEBUG] All settings were loaded in 424 ms.
[2026/06/15 01:17:19]: §3[nLogin] [DEBUG] Loading the messages_en.yml message file...
[2026/06/15 01:17:19]: §3[nLogin] [DEBUG] All plugin messages were loaded in 45 ms (languageByClient=false).
[2026/06/15 01:17:19]: §3[nLogin] [DEBUG] All proxy settings were loaded in 8 ms.
[2026/06/15 01:17:19]: §3[nLogin] [DEBUG] Loading database...
[2026/06/15 01:17:20]: §3[nLogin] [DEBUG] Starting logger filter...
[2026/06/15 01:17:25]: 
[2026/06/15 01:17:25]:  §bThank you so much for choosing nLogin! §4<3
[2026/06/15 01:17:25]: 
[2026/06/15 01:17:25]:  §4For your safety, please read the message below:
[2026/06/15 01:17:25]:   §cNever download nLogin from unknown sources.
[2026/06/15 01:17:25]:   §cA modified version may contain malicious software.
[2026/06/15 01:17:25]: 
[2026/06/15 01:17:25]:  §3Trusted sources:
[2026/06/15 01:17:25]:   §bwww.nickuc.com
[2026/06/15 01:17:25]:   §bwww.github.com/nickuc
[2026/06/15 01:17:25]:   §bOpeNLogin installer (from Spigot or GitHub)
[2026/06/15 01:17:25]: 
[2026/06/15 01:17:25]:  §3Official support channels:
[2026/06/15 01:17:25]:   §bDiscord group: §fwww.nickuc.com/discord
[2026/06/15 01:17:25]:   §bDocumentation: §fdocs.nickuc.com/nlogin/
[2026/06/15 01:17:25]:   §bEmail: §fsupport@nickuc.com
[2026/06/15 01:17:25]:   §bYouTube: §fyoutube.com/nickuc
[2026/06/15 01:17:25]: 
[2026/06/15 01:17:25]:  §eTo remove this warning, log in with "nlogin.admin" permission on the server
[2026/06/15 01:17:25]:  §eand click the "Setup plugin" button to configure your plugin.
[2026/06/15 01:17:25]: 
[2026/06/15 01:17:36]: §3[nLogin] [DEBUG] [SQLite] [UPDATE]: "UPDATE `nlogin` SET `last_name` = 'ItzSammer', `unique_id` = a130978d5803371dab29c8f6ed7849bb,  `mojang_id` = null,  `bedrock_id` = null,  `password` = '$2a$10$XIwyRFUSP4TifbVnoP92l.aNeR1tn2MZ3CEB3y25gvrjwIuPfVLIS', `last_ip` = '0:0:0:0:0:0:0:1', `creation_date` = 2026-05-22 08:12:06.495, `last_seen` = 2026-06-15 01:17:36.032, `email` = null, `discord` = null, `settings` = '{"settings":[{"value":"en","key":"language"},{"value":"survival","key":"last-server"}],"version":0}' WHERE `ai` = 3" (applied to [last_ip, last_seen, settings] columns)
[2026/06/15 01:17:36]: [nLogin] The user ItzSammer has successfully logged in.
[2026/06/15 01:17:37]: §3[nLogin] [DEBUG] [SQLite] [UPDATE]: "UPDATE `nlogin` SET `last_name` = 'Syntaxsavy', `unique_id` = aa232e413abb3d708075301c7e809f31,  `mojang_id` = null,  `bedrock_id` = null,  `password` = '$2a$10$.ljYOee/FJ43P4ki0DC4Ruya8j2EqpY5NrBAxmn5Rubce.lktv4a6', `last_ip` = '0:0:0:0:0:0:0:1', `creation_date` = 2026-05-23 12:18:00.346, `last_seen` = 2026-06-15 01:17:37.06, `email` = null, `discord` = null, `settings` = '{"settings":[{"value":"survival","key":"last-server"},{"value":"en","key":"language"}],"version":0}' WHERE `ai` = 5" (applied to [last_ip, last_seen, settings] columns)
[2026/06/15 01:17:37]: [nLogin] The user Syntaxsavy has successfully logged in.
[2026/06/15 01:18:45]: §3[nLogin] [DEBUG] [SQLite] [UPDATE]: "UPDATE `nlogin` SET `last_name` = 'ItzSammer', `unique_id` = a130978d5803371dab29c8f6ed7849bb,  `mojang_id` = null,  `bedrock_id` = null,  `password` = '$2a$10$XIwyRFUSP4TifbVnoP92l.aNeR1tn2MZ3CEB3y25gvrjwIuPfVLIS', `last_ip` = '0:0:0:0:0:0:0:1', `creation_date` = 2026-05-22 08:12:06.495, `last_seen` = 2026-06-15 01:18:44.988, `email` = null, `discord` = null, `settings` = '{"settings":[{"value":"en","key":"language"},{"value":"survival","key":"last-server"}],"version":0}' WHERE `ai` = 3" (applied to [last_seen, settings] columns)
[2026/06/15 01:19:34]: §3[nLogin] [DEBUG] [SQLite] [UPDATE]: "UPDATE `nlogin` SET `last_name` = 'ItzSammer', `unique_id` = a130978d5803371dab29c8f6ed7849bb,  `mojang_id` = null,  `bedrock_id` = null,  `password` = '$2a$10$XIwyRFUSP4TifbVnoP92l.aNeR1tn2MZ3CEB3y25gvrjwIuPfVLIS', `last_ip` = '0:0:0:0:0:0:0:1', `creation_date` = 2026-05-22 08:12:06.495, `last_seen` = 2026-06-15 01:19:34.423, `email` = null, `discord` = null, `settings` = '{"settings":[{"value":"en","key":"language"},{"value":"survival","key":"last-server"}],"version":0}' WHERE `ai` = 3" (applied to [last_ip, last_seen, settings] columns)
[2026/06/15 01:19:34]: [nLogin] The user ItzSammer has successfully logged in.
[2026/06/15 01:19:57]: §3[nLogin] [DEBUG] [SQLite] [UPDATE]: "UPDATE `nlogin` SET `last_name` = 'nivinpro9', `unique_id` = 4df1ec90be0f38db83238a7809fc8069,  `mojang_id` = null,  `bedrock_id` = null,  `password` = '$2a$10$wb77FapEGHCoOMw2wLWV/u5AXgdz9CauOIj8/e6EUKxxBiDM3bcpW', `last_ip` = '0:0:0:0:0:0:0:1', `creation_date` = 2026-05-22 08:11:01.355, `last_seen` = 2026-06-15 01:19:57.614, `email` = null, `discord` = null, `settings` = '{"settings":[{"value":"survival","key":"last-server"},{"value":"en","key":"language"}],"version":0}' WHERE `ai` = 2" (applied to [last_ip, last_seen, settings] columns)
[2026/06/15 01:19:57]: [nLogin] The user nivinpro9 has successfully logged in.
[2026/06/15 01:21:28]: §3[nLogin] [DEBUG] [SQLite] [UPDATE]: "UPDATE `nlogin` SET `last_name` = 'ItzSammer', `unique_id` = a130978d5803371dab29c8f6ed7849bb,  `mojang_id` = null,  `bedrock_id` = null,  `password` = '$2a$10$XIwyRFUSP4TifbVnoP92l.aNeR1tn2MZ3CEB3y25gvrjwIuPfVLIS', `last_ip` = '0:0:0:0:0:0:0:1', `creation_date` = 2026-05-22 08:12:06.495, `last_seen` = 2026-06-15 01:21:28.305, `email` = null, `discord` = null, `settings` = '{"settings":[{"value":"en","key":"language"},{"value":"survival","key":"last-server"}],"version":0}' WHERE `ai` = 3" (applied to [last_seen, settings] columns)
[2026/06/15 01:21:37]: §3[nLogin] [DEBUG] [SQLite] [UPDATE]: "UPDATE `nlogin` SET `last_name` = 'ItzSammer', `unique_id` = a130978d5803371dab29c8f6ed7849bb,  `mojang_id` = null,  `bedrock_id` = null,  `password` = '$2a$10$XIwyRFUSP4TifbVnoP92l.aNeR1tn2MZ3CEB3y25gvrjwIuPfVLIS', `last_ip` = '0:0:0:0:0:0:0:1', `creation_date` = 2026-05-22 08:12:06.495, `last_seen` = 2026-06-15 01:21:37.039, `email` = null, `discord` = null, `settings` = '{"settings":[{"value":"en","key":"language"},{"value":"survival","key":"last-server"}],"version":0}' WHERE `ai` = 3" (applied to [last_ip, last_seen, settings] columns)
[2026/06/15 01:21:37]: [nLogin] The user ItzSammer has successfully logged in.
[2026/06/15 01:31:39]: §3[nLogin] [DEBUG] [SQLite] [UPDATE]: "UPDATE `nlogin` SET `last_name` = 'nivinpro9', `unique_id` = 4df1ec90be0f38db83238a7809fc8069,  `mojang_id` = null,  `bedrock_id` = null,  `password` = '$2a$10$wb77FapEGHCoOMw2wLWV/u5AXgdz9CauOIj8/e6EUKxxBiDM3bcpW', `last_ip` = '0:0:0:0:0:0:0:1', `creation_date` = 2026-05-22 08:11:01.355, `last_seen` = 2026-06-15 01:31:39.675, `email` = null, `discord` = null, `settings` = '{"settings":[{"value":"survival","key":"last-server"},{"value":"en","key":"language"}],"version":0}' WHERE `ai` = 2" (applied to [last_seen, settings] columns)
[2026/06/15 01:33:00]: §3[nLogin] [DEBUG] The nivinpro9 (0:0:0:0:0:0:0:1) player entered an incorrect password
[2026/06/15 01:33:10]: §3[nLogin] [DEBUG] The nivinpro9 (0:0:0:0:0:0:0:1) player entered an incorrect password
[2026/06/15 01:33:33]: §3[nLogin] [DEBUG] [SQLite] [UPDATE]: "UPDATE `nlogin` SET `last_name` = 'Syntaxsavy', `unique_id` = aa232e413abb3d708075301c7e809f31,  `mojang_id` = null,  `bedrock_id` = null,  `password` = '$2a$10$.ljYOee/FJ43P4ki0DC4Ruya8j2EqpY5NrBAxmn5Rubce.lktv4a6', `last_ip` = '0:0:0:0:0:0:0:1', `creation_date` = 2026-05-23 12:18:00.346, `last_seen` = 2026-06-15 01:33:33.778, `email` = null, `discord` = null, `settings` = '{"settings":[{"value":"survival","key":"last-server"},{"value":"en","key":"language"}],"version":0}' WHERE `ai` = 5" (applied to [last_seen, settings] columns)
[2026/06/15 01:33:35]: §3[nLogin] [DEBUG] [SQLite] [UPDATE]: "INSERT INTO `nlogin` (`last_name`, `unique_id`, `mojang_id`, `bedrock_id`, `password`, `last_ip`, `creation_date`, `last_seen`, `email`, `discord`, `settings`) VALUES ('pvin_the_divn', cc3e5f33c76a3c51b5b2612d913aec7d, null, null, '$2a$10$srkn0iP8N6DpfzGWMaQcoOFSwvO0hYnBVjS/g81r.19tVXRFkSbdO', '0:0:0:0:0:0:0:1', '2026-06-15 01:33:35.058', '2026-06-15 01:33:35.058', null, null, '{"settings":[{"value":true,"key":"force-invalid-session"}],"version":0}')" (applied to all columns)
[2026/06/15 01:33:35]: [nLogin] The user pvin_the_divn has successfully registered.
[2026/06/15 01:33:41]: §3[nLogin] [DEBUG] The Syntaxsavy (0:0:0:0:0:0:0:1) player entered an incorrect password
[2026/06/15 01:33:49]: §3[nLogin] [DEBUG] [SQLite] [UPDATE]: "UPDATE `nlogin` SET `last_name` = 'Syntaxsavy', `unique_id` = aa232e413abb3d708075301c7e809f31,  `mojang_id` = null,  `bedrock_id` = null,  `password` = '$2a$10$.ljYOee/FJ43P4ki0DC4Ruya8j2EqpY5NrBAxmn5Rubce.lktv4a6', `last_ip` = '0:0:0:0:0:0:0:1', `creation_date` = 2026-05-23 12:18:00.346, `last_seen` = 2026-06-15 01:33:49.391, `email` = null, `discord` = null, `settings` = '{"settings":[{"value":"survival","key":"last-server"},{"value":"en","key":"language"}],"version":0}' WHERE `ai` = 5" (applied to [last_ip, last_seen, settings] columns)
[2026/06/15 01:33:49]: [nLogin] The user Syntaxsavy has successfully logged in.
[2026/06/15 01:34:01]: §3[nLogin] [DEBUG] [SQLite] [UPDATE]: "UPDATE `nlogin` SET `last_name` = 'pvin_the_divn', `unique_id` = cc3e5f33c76a3c51b5b2612d913aec7d,  `mojang_id` = null,  `bedrock_id` = null,  `password` = '$2a$10$srkn0iP8N6DpfzGWMaQcoOFSwvO0hYnBVjS/g81r.19tVXRFkSbdO', `last_ip` = '0:0:0:0:0:0:0:1', `creation_date` = 2026-06-15 01:33:35.058, `last_seen` = 2026-06-15 01:34:01.313, `email` = null, `discord` = null, `settings` = '{"settings":[{"value":true,"key":"force-invalid-session"},{"value":"auth","key":"last-server"},{"value":"en","key":"language"}],"version":0}' WHERE `ai` = 12" (applied to [last_seen, settings] columns)
[2026/06/15 01:34:07]: §3[nLogin] [DEBUG] [SQLite] [UPDATE]: "UPDATE `nlogin` SET `last_name` = 'pvin_the_divn', `unique_id` = cc3e5f33c76a3c51b5b2612d913aec7d,  `mojang_id` = null,  `bedrock_id` = null,  `password` = '$2a$10$srkn0iP8N6DpfzGWMaQcoOFSwvO0hYnBVjS/g81r.19tVXRFkSbdO', `last_ip` = '0:0:0:0:0:0:0:1', `creation_date` = 2026-06-15 01:33:35.058, `last_seen` = 2026-06-15 01:34:07.296, `email` = null, `discord` = null, `settings` = '{"settings":[{"value":"auth","key":"last-server"},{"value":"en","key":"language"}],"version":0}' WHERE `ai` = 12" (applied to [last_ip, last_seen, settings] columns)
[2026/06/15 01:34:07]: [nLogin] The user pvin_the_divn has successfully logged in.
[2026/06/15 01:34:10]: §3[nLogin] [DEBUG] [SQLite] [UPDATE]: "UPDATE `nlogin` SET `last_name` = 'pvin_the_divn', `unique_id` = cc3e5f33c76a3c51b5b2612d913aec7d,  `mojang_id` = null,  `bedrock_id` = null,  `password` = '$2a$10$srkn0iP8N6DpfzGWMaQcoOFSwvO0hYnBVjS/g81r.19tVXRFkSbdO', `last_ip` = '0:0:0:0:0:0:0:1', `creation_date` = 2026-06-15 01:33:35.058, `last_seen` = 2026-06-15 01:34:10.106, `email` = null, `discord` = null, `settings` = '{"settings":[{"value":"auth","key":"last-server"},{"value":"en","key":"language"}],"version":0}' WHERE `ai` = 12" (applied to [last_seen, settings] columns)
[2026/06/15 01:34:30]: §3[nLogin] [DEBUG] [SQLite] [UPDATE]: "INSERT INTO `nlogin` (`last_name`, `unique_id`, `mojang_id`, `bedrock_id`, `password`, `last_ip`, `creation_date`, `last_seen`, `email`, `discord`, `settings`) VALUES ('pvin', 80b88d0b627a30828e3eba3564aceaa5, null, null, '$2a$10$VchvZv.G0ObD6eGCrT/Ueu4w70LnVkFIZUCqihZX57oK/4sF0WKI.', '0:0:0:0:0:0:0:1', '2026-06-15 01:34:30.568', '2026-06-15 01:34:30.568', null, null, '{"settings":[{"value":true,"key":"force-invalid-session"}],"version":0}')" (applied to all columns)
[2026/06/15 01:34:30]: [nLogin] The user pvin has successfully registered.
[2026/06/15 01:36:04]: §3[nLogin] [DEBUG] [SQLite] [UPDATE]: "UPDATE `nlogin` SET `last_name` = 'pvin', `unique_id` = 80b88d0b627a30828e3eba3564aceaa5,  `mojang_id` = null,  `bedrock_id` = null,  `password` = '$2a$10$VchvZv.G0ObD6eGCrT/Ueu4w70LnVkFIZUCqihZX57oK/4sF0WKI.', `last_ip` = '0:0:0:0:0:0:0:1', `creation_date` = 2026-06-15 01:34:30.568, `last_seen` = 2026-06-15 01:36:04.242, `email` = null, `discord` = null, `settings` = '{"settings":[{"value":true,"key":"force-invalid-session"},{"value":"auth","key":"last-server"},{"value":"en","key":"language"}],"version":0}' WHERE `ai` = 13" (applied to [last_seen, settings] columns)
[2026/06/15 01:36:10]: §3[nLogin] [DEBUG] [SQLite] [UPDATE]: "UPDATE `nlogin` SET `last_name` = 'pvin', `unique_id` = 80b88d0b627a30828e3eba3564aceaa5,  `mojang_id` = null,  `bedrock_id` = null,  `password` = '$2a$10$VchvZv.G0ObD6eGCrT/Ueu4w70LnVkFIZUCqihZX57oK/4sF0WKI.', `last_ip` = '0:0:0:0:0:0:0:1', `creation_date` = 2026-06-15 01:34:30.568, `last_seen` = 2026-06-15 01:36:10.233, `email` = null, `discord` = null, `settings` = '{"settings":[{"value":"auth","key":"last-server"},{"value":"en","key":"language"}],"version":0}' WHERE `ai` = 13" (applied to [last_ip, last_seen, settings] columns)
[2026/06/15 01:36:10]: [nLogin] The user pvin has successfully logged in.
[2026/06/15 01:36:23]: §3[nLogin] [DEBUG] [SQLite] [UPDATE]: "UPDATE `nlogin` SET `last_name` = 'pvin', `unique_id` = 80b88d0b627a30828e3eba3564aceaa5,  `mojang_id` = null,  `bedrock_id` = null,  `password` = '$2a$10$VchvZv.G0ObD6eGCrT/Ueu4w70LnVkFIZUCqihZX57oK/4sF0WKI.', `last_ip` = '0:0:0:0:0:0:0:1', `creation_date` = 2026-06-15 01:34:30.568, `last_seen` = 2026-06-15 01:36:23.704, `email` = null, `discord` = null, `settings` = '{"settings":[{"value":"auth","key":"last-server"},{"value":"en","key":"language"}],"version":0}' WHERE `ai` = 13" (applied to [last_seen, settings] columns)
[2026/06/15 01:36:27]: §3[nLogin] [DEBUG] [SQLite] [UPDATE]: "UPDATE `nlogin` SET `last_name` = 'pvin', `unique_id` = 80b88d0b627a30828e3eba3564aceaa5,  `mojang_id` = null,  `bedrock_id` = null,  `password` = '$2a$10$VchvZv.G0ObD6eGCrT/Ueu4w70LnVkFIZUCqihZX57oK/4sF0WKI.', `last_ip` = '0:0:0:0:0:0:0:1', `creation_date` = 2026-06-15 01:34:30.568, `last_seen` = 2026-06-15 01:36:27.139, `email` = null, `discord` = null, `settings` = '{"settings":[{"value":"auth","key":"last-server"},{"value":"en","key":"language"}],"version":0}' WHERE `ai` = 13" (applied to [last_ip, last_seen, settings] columns)
[2026/06/15 01:36:27]: [nLogin] The user pvin has successfully logged in.
[2026/06/15 01:36:49]: §3[nLogin] [DEBUG] [SQLite] [UPDATE]: "UPDATE `nlogin` SET `last_name` = 'pvin', `unique_id` = 80b88d0b627a30828e3eba3564aceaa5,  `mojang_id` = null,  `bedrock_id` = null,  `password` = '$2a$10$VchvZv.G0ObD6eGCrT/Ueu4w70LnVkFIZUCqihZX57oK/4sF0WKI.', `last_ip` = '0:0:0:0:0:0:0:1', `creation_date` = 2026-06-15 01:34:30.568, `last_seen` = 2026-06-15 01:36:49.493, `email` = null, `discord` = null, `settings` = '{"settings":[{"value":"auth","key":"last-server"},{"value":"en","key":"language"}],"version":0}' WHERE `ai` = 13" (applied to [last_seen, settings] columns)
[2026/06/15 01:37:03]: §3[nLogin] [DEBUG] [SQLite] [UPDATE]: "UPDATE `nlogin` SET `last_name` = 'nivinpro9', `unique_id` = 4df1ec90be0f38db83238a7809fc8069,  `mojang_id` = null,  `bedrock_id` = null,  `password` = '$2a$10$wb77FapEGHCoOMw2wLWV/u5AXgdz9CauOIj8/e6EUKxxBiDM3bcpW', `last_ip` = '0:0:0:0:0:0:0:1', `creation_date` = 2026-05-22 08:11:01.355, `last_seen` = 2026-06-15 01:37:03.649, `email` = null, `discord` = null, `settings` = '{"settings":[{"value":"survival","key":"last-server"},{"value":"en","key":"language"}],"version":0}' WHERE `ai` = 2" (applied to [last_ip, last_seen, settings] columns)
[2026/06/15 01:37:03]: [nLogin] The user nivinpro9 has successfully logged in.
[2026/06/15 01:41:46]: §3[nLogin] [DEBUG] [SQLite] [UPDATE]: "UPDATE `nlogin` SET `last_name` = 'nivinpro9', `unique_id` = 4df1ec90be0f38db83238a7809fc8069,  `mojang_id` = null,  `bedrock_id` = null,  `password` = '$2a$10$wb77FapEGHCoOMw2wLWV/u5AXgdz9CauOIj8/e6EUKxxBiDM3bcpW', `last_ip` = '0:0:0:0:0:0:0:1', `creation_date` = 2026-05-22 08:11:01.355, `last_seen` = 2026-06-15 01:41:46.831, `email` = null, `discord` = null, `settings` = '{"settings":[{"value":"survival","key":"last-server"},{"value":"en","key":"language"}],"version":0}' WHERE `ai` = 2" (applied to [last_seen, settings] columns)
[2026/06/15 01:43:15]: §3[nLogin] [DEBUG] [SQLite] [UPDATE]: "UPDATE `nlogin` SET `last_name` = 'Syntaxsavy', `unique_id` = aa232e413abb3d708075301c7e809f31,  `mojang_id` = null,  `bedrock_id` = null,  `password` = '$2a$10$.ljYOee/FJ43P4ki0DC4Ruya8j2EqpY5NrBAxmn5Rubce.lktv4a6', `last_ip` = '0:0:0:0:0:0:0:1', `creation_date` = 2026-05-23 12:18:00.346, `last_seen` = 2026-06-15 01:43:15.414, `email` = null, `discord` = null, `settings` = '{"settings":[{"value":"survival","key":"last-server"},{"value":"en","key":"language"}],"version":0}' WHERE `ai` = 5" (applied to [last_seen, settings] columns)
[2026/06/15 01:43:17]: §3[nLogin] [DEBUG] [SQLite] [UPDATE]: "UPDATE `nlogin` SET `last_name` = 'ItzSammer', `unique_id` = a130978d5803371dab29c8f6ed7849bb,  `mojang_id` = null,  `bedrock_id` = null,  `password` = '$2a$10$XIwyRFUSP4TifbVnoP92l.aNeR1tn2MZ3CEB3y25gvrjwIuPfVLIS', `last_ip` = '0:0:0:0:0:0:0:1', `creation_date` = 2026-05-22 08:12:06.495, `last_seen` = 2026-06-15 01:43:17.044, `email` = null, `discord` = null, `settings` = '{"settings":[{"value":"en","key":"language"},{"value":"survival","key":"last-server"}],"version":0}' WHERE `ai` = 3" (applied to [last_seen, settings] columns)
[2026/06/15 01:54:43]: §3[nLogin] [DEBUG] The silverstone2328 (0:0:0:0:0:0:0:1) player entered an incorrect password
[2026/06/15 01:54:49]: §3[nLogin] [DEBUG] [SQLite] [UPDATE]: "UPDATE `nlogin` SET `last_name` = 'silverstone2328', `unique_id` = 976f3612e2303e3e8654e0f7e10140ca,  `mojang_id` = null,  `bedrock_id` = null,  `password` = '$2a$10$ZsseWbgMCdK9yqYpA.Yw9u0qVQlmz465MrCeNjIdqDZ7X.zO/lwmC', `last_ip` = '0:0:0:0:0:0:0:1', `creation_date` = 2026-06-12 02:03:25.176, `last_seen` = 2026-06-15 01:54:49.979, `email` = null, `discord` = null, `settings` = '{"settings":[{"value":"survival","key":"last-server"},{"value":"en","key":"language"}],"version":0}' WHERE `ai` = 10" (applied to [last_ip, last_seen, settings] columns)
[2026/06/15 01:54:49]: [nLogin] The user silverstone2328 has successfully logged in.
[2026/06/15 02:09:41]: §3[nLogin] [DEBUG] [SQLite] [UPDATE]: "UPDATE `nlogin` SET `last_name` = 'silverstone2328', `unique_id` = 976f3612e2303e3e8654e0f7e10140ca,  `mojang_id` = null,  `bedrock_id` = null,  `password` = '$2a$10$ZsseWbgMCdK9yqYpA.Yw9u0qVQlmz465MrCeNjIdqDZ7X.zO/lwmC', `last_ip` = '0:0:0:0:0:0:0:1', `creation_date` = 2026-06-12 02:03:25.176, `last_seen` = 2026-06-15 02:09:41.82, `email` = null, `discord` = null, `settings` = '{"settings":[{"value":"survival","key":"last-server"},{"value":"en","key":"language"}],"version":0}' WHERE `ai` = 10" (applied to [last_seen, settings] columns)
[2026/06/15 02:11:53]: §3[nLogin] [DEBUG] [SQLite] [UPDATE]: "INSERT INTO `nlogin` (`last_name`, `unique_id`, `mojang_id`, `bedrock_id`, `password`, `last_ip`, `creation_date`, `last_seen`, `email`, `discord`, `settings`) VALUES ('The_Unknown_King', 2dde329b7ccb3316b0f79aaebf9fc51f, null, null, '$2a$10$Sk/DTBOR.cFivC/XB5C.teu/5pdWhfNWIcrCLAbyDBZ/c/e.Sr52q', '0:0:0:0:0:0:0:1', '2026-06-15 02:11:53.78', '2026-06-15 02:11:53.78', null, null, '{"settings":[{"value":true,"key":"force-invalid-session"}],"version":0}')" (applied to all columns)
[2026/06/15 02:11:53]: [nLogin] The user The_Unknown_King has successfully registered.
