[2026/07/16 12:51:31]: §9          __             _       
[2026/07/16 12:51:31]: §9  _ __   / /  ___   __ _(_)_ __  
[2026/07/16 12:51:31]: §9 | '_ \ / /  / _ \ / _` | | '_ \ 
[2026/07/16 12:51:31]: §9 | | | / /__| (_) | (_| | | | | |
[2026/07/16 12:51:31]: §9 |_| |_\____/\___/ \__, |_|_| |_|
[2026/07/16 12:51:31]: §9                  |___/            
[2026/07/16 12:51:31]: §9 By: www.nickuc.com - V 10.4.27
[2026/07/16 12:51:31]: §9 
[2026/07/16 12:51:31]: §3[nLogin] [DEBUG] All settings were loaded in 608 ms.
[2026/07/16 12:51:32]: §3[nLogin] [DEBUG] Loading the messages_en.yml message file...
[2026/07/16 12:51:32]: §3[nLogin] [DEBUG] All plugin messages were loaded in 222 ms (languageByClient=false).
[2026/07/16 12:51:32]: §3[nLogin] [DEBUG] All proxy settings were loaded in 47 ms.
[2026/07/16 12:51:32]: §3[nLogin] [DEBUG] Loading database...
[2026/07/16 12:51:32]: §3[nLogin] [DEBUG] Starting logger filter...
[2026/07/16 12:51:38]: 
[2026/07/16 12:51:38]:  §bThank you so much for choosing nLogin! §4<3
[2026/07/16 12:51:38]: 
[2026/07/16 12:51:38]:  §4For your safety, please read the message below:
[2026/07/16 12:51:38]:   §cNever download nLogin from unknown sources.
[2026/07/16 12:51:38]:   §cA modified version may contain malicious software.
[2026/07/16 12:51:38]: 
[2026/07/16 12:51:38]:  §3Trusted sources:
[2026/07/16 12:51:38]:   §bwww.nickuc.com
[2026/07/16 12:51:38]:   §bwww.github.com/nickuc
[2026/07/16 12:51:38]:   §bOpeNLogin installer (from Spigot or GitHub)
[2026/07/16 12:51:38]: 
[2026/07/16 12:51:38]:  §3Official support channels:
[2026/07/16 12:51:38]:   §bDiscord group: §fwww.nickuc.com/discord
[2026/07/16 12:51:38]:   §bDocumentation: §fdocs.nickuc.com/nlogin/
[2026/07/16 12:51:38]:   §bEmail: §fsupport@nickuc.com
[2026/07/16 12:51:38]:   §bYouTube: §fyoutube.com/nickuc
[2026/07/16 12:51:38]: 
[2026/07/16 12:51:38]:  §eTo remove this warning, log in with "nlogin.admin" permission on the server
[2026/07/16 12:51:38]:  §eand click the "Setup plugin" button to configure your plugin.
[2026/07/16 12:51:38]: 
