[2026/06/12 01:19:35]: §9          __             _       
[2026/06/12 01:19:35]: §9  _ __   / /  ___   __ _(_)_ __  
[2026/06/12 01:19:35]: §9 | '_ \ / /  / _ \ / _` | | '_ \ 
[2026/06/12 01:19:35]: §9 | | | / /__| (_) | (_| | | | | |
[2026/06/12 01:19:35]: §9 |_| |_\____/\___/ \__, |_|_| |_|
[2026/06/12 01:19:35]: §9                  |___/            
[2026/06/12 01:19:35]: §9 By: www.nickuc.com - V 10.4.27
[2026/06/12 01:19:35]: §9 
[2026/06/12 01:19:36]: §3[nLogin] [DEBUG] All settings were loaded in 594 ms.
[2026/06/12 01:19:36]: §3[nLogin] [DEBUG] Loading the messages_en.yml message file...
[2026/06/12 01:19:36]: §3[nLogin] [DEBUG] All plugin messages were loaded in 180 ms (languageByClient=false).
[2026/06/12 01:19:36]: §3[nLogin] [DEBUG] All proxy settings were loaded in 22 ms.
[2026/06/12 01:19:36]: §3[nLogin] [DEBUG] Loading database...
[2026/06/12 01:19:37]: §3[nLogin] [DEBUG] Starting logger filter...
[2026/06/12 01:19:42]: 
[2026/06/12 01:19:42]:  §bThank you so much for choosing nLogin! §4<3
[2026/06/12 01:19:42]: 
[2026/06/12 01:19:42]:  §4For your safety, please read the message below:
[2026/06/12 01:19:42]:   §cNever download nLogin from unknown sources.
[2026/06/12 01:19:42]:   §cA modified version may contain malicious software.
[2026/06/12 01:19:42]: 
[2026/06/12 01:19:42]:  §3Trusted sources:
[2026/06/12 01:19:42]:   §bwww.nickuc.com
[2026/06/12 01:19:42]:   §bwww.github.com/nickuc
[2026/06/12 01:19:42]:   §bOpeNLogin installer (from Spigot or GitHub)
[2026/06/12 01:19:42]: 
[2026/06/12 01:19:42]:  §3Official support channels:
[2026/06/12 01:19:42]:   §bDiscord group: §fwww.nickuc.com/discord
[2026/06/12 01:19:42]:   §bDocumentation: §fdocs.nickuc.com/nlogin/
[2026/06/12 01:19:42]:   §bEmail: §fsupport@nickuc.com
[2026/06/12 01:19:42]:   §bYouTube: §fyoutube.com/nickuc
[2026/06/12 01:19:42]: 
[2026/06/12 01:19:42]:  §eTo remove this warning, log in with "nlogin.admin" permission on the server
[2026/06/12 01:19:42]:  §eand click the "Setup plugin" button to configure your plugin.
[2026/06/12 01:19:42]: 
[2026/06/12 01:24:11]: §3[nLogin] [DEBUG] The nivinpro9 (0:0:0:0:0:0:0:1) player entered an incorrect password
