[2026/06/05 06:18:44]: §9          __             _       
[2026/06/05 06:18:44]: §9  _ __   / /  ___   __ _(_)_ __  
[2026/06/05 06:18:44]: §9 | '_ \ / /  / _ \ / _` | | '_ \ 
[2026/06/05 06:18:44]: §9 | | | / /__| (_) | (_| | | | | |
[2026/06/05 06:18:44]: §9 |_| |_\____/\___/ \__, |_|_| |_|
[2026/06/05 06:18:44]: §9                  |___/            
[2026/06/05 06:18:44]: §9 By: www.nickuc.com - V 10.4.27
[2026/06/05 06:18:44]: §9 
[2026/06/05 06:18:44]: §3[nLogin] [DEBUG] All settings were loaded in 359 ms.
[2026/06/05 06:18:44]: §3[nLogin] [DEBUG] Loading the messages_en.yml message file...
[2026/06/05 06:18:44]: §3[nLogin] [DEBUG] All plugin messages were loaded in 229 ms (languageByClient=false).
[2026/06/05 06:18:44]: §3[nLogin] [DEBUG] All proxy settings were loaded in 89 ms.
[2026/06/05 06:18:44]: §3[nLogin] [DEBUG] Loading database...
[2026/06/05 06:18:46]: §3[nLogin] [DEBUG] Starting logger filter...
[2026/06/05 06:18:51]: 
[2026/06/05 06:18:51]:  §bThank you so much for choosing nLogin! §4<3
[2026/06/05 06:18:51]: 
[2026/06/05 06:18:51]:  §4For your safety, please read the message below:
[2026/06/05 06:18:51]:   §cNever download nLogin from unknown sources.
[2026/06/05 06:18:51]:   §cA modified version may contain malicious software.
[2026/06/05 06:18:51]: 
[2026/06/05 06:18:51]:  §3Trusted sources:
[2026/06/05 06:18:51]:   §bwww.nickuc.com
[2026/06/05 06:18:51]:   §bwww.github.com/nickuc
[2026/06/05 06:18:51]:   §bOpeNLogin installer (from Spigot or GitHub)
[2026/06/05 06:18:51]: 
[2026/06/05 06:18:51]:  §3Official support channels:
[2026/06/05 06:18:51]:   §bDiscord group: §fwww.nickuc.com/discord
[2026/06/05 06:18:51]:   §bDocumentation: §fdocs.nickuc.com/nlogin/
[2026/06/05 06:18:51]:   §bEmail: §fsupport@nickuc.com
[2026/06/05 06:18:51]:   §bYouTube: §fyoutube.com/nickuc
[2026/06/05 06:18:51]: 
[2026/06/05 06:18:51]:  §eTo remove this warning, log in with "nlogin.admin" permission on the server
[2026/06/05 06:18:51]:  §eand click the "Setup plugin" button to configure your plugin.
[2026/06/05 06:18:51]: 
[2026/06/05 06:22:15]: §3[nLogin] [DEBUG] [SQLite] [UPDATE]: "UPDATE `nlogin` SET `last_name` = 'ItzSammer', `unique_id` = a130978d5803371dab29c8f6ed7849bb,  `mojang_id` = null,  `bedrock_id` = null,  `password` = '$2a$10$XIwyRFUSP4TifbVnoP92l.aNeR1tn2MZ3CEB3y25gvrjwIuPfVLIS', `last_ip` = '0:0:0:0:0:0:0:1', `creation_date` = 2026-05-22 08:12:06.495, `last_seen` = 2026-06-05 06:22:15.479, `email` = null, `discord` = null, `settings` = '{"settings":[{"value":"en","key":"language"},{"value":"survival","key":"last-server"}],"version":0}' WHERE `ai` = 3" (applied to [last_ip, last_seen, settings] columns)
[2026/06/05 06:22:15]: [nLogin] The user ItzSammer has successfully logged in.
[2026/06/05 06:47:43]: §3[nLogin] [DEBUG] [SQLite] [UPDATE]: "UPDATE `nlogin` SET `last_name` = 'ItzSammer', `unique_id` = a130978d5803371dab29c8f6ed7849bb,  `mojang_id` = null,  `bedrock_id` = null,  `password` = '$2a$10$XIwyRFUSP4TifbVnoP92l.aNeR1tn2MZ3CEB3y25gvrjwIuPfVLIS', `last_ip` = '0:0:0:0:0:0:0:1', `creation_date` = 2026-05-22 08:12:06.495, `last_seen` = 2026-06-05 06:47:43.809, `email` = null, `discord` = null, `settings` = '{"settings":[{"value":"en","key":"language"},{"value":"survival","key":"last-server"}],"version":0}' WHERE `ai` = 3" (applied to [last_seen, settings] columns)
[2026/06/05 06:47:59]: §3[nLogin] [DEBUG] The Syntaxsavy (0:0:0:0:0:0:0:1) player entered an incorrect password
[2026/06/05 06:48:06]: §3[nLogin] [DEBUG] [SQLite] [UPDATE]: "UPDATE `nlogin` SET `last_name` = 'Syntaxsavy', `unique_id` = aa232e413abb3d708075301c7e809f31,  `mojang_id` = null,  `bedrock_id` = null,  `password` = '$2a$10$.ljYOee/FJ43P4ki0DC4Ruya8j2EqpY5NrBAxmn5Rubce.lktv4a6', `last_ip` = '0:0:0:0:0:0:0:1', `creation_date` = 2026-05-23 12:18:00.346, `last_seen` = 2026-06-05 06:48:06.408, `email` = null, `discord` = null, `settings` = '{"settings":[{"value":"survival","key":"last-server"},{"value":"en","key":"language"}],"version":0}' WHERE `ai` = 5" (applied to [last_ip, last_seen, settings] columns)
[2026/06/05 06:48:06]: [nLogin] The user Syntaxsavy has successfully logged in.
[2026/06/05 06:48:35]: §3[nLogin] [DEBUG] [SQLite] [UPDATE]: "UPDATE `nlogin` SET `last_name` = 'Syntaxsavy', `unique_id` = aa232e413abb3d708075301c7e809f31,  `mojang_id` = null,  `bedrock_id` = null,  `password` = '$2a$10$.ljYOee/FJ43P4ki0DC4Ruya8j2EqpY5NrBAxmn5Rubce.lktv4a6', `last_ip` = '0:0:0:0:0:0:0:1', `creation_date` = 2026-05-23 12:18:00.346, `last_seen` = 2026-06-05 06:48:35.692, `email` = null, `discord` = null, `settings` = '{"settings":[{"value":"survival","key":"last-server"},{"value":"en","key":"language"}],"version":0}' WHERE `ai` = 5" (applied to [last_seen, settings] columns)
[2026/06/05 06:48:53]: §3[nLogin] [DEBUG] [SQLite] [UPDATE]: "UPDATE `nlogin` SET `last_name` = 'ItzSammer', `unique_id` = a130978d5803371dab29c8f6ed7849bb,  `mojang_id` = null,  `bedrock_id` = null,  `password` = '$2a$10$XIwyRFUSP4TifbVnoP92l.aNeR1tn2MZ3CEB3y25gvrjwIuPfVLIS', `last_ip` = '0:0:0:0:0:0:0:1', `creation_date` = 2026-05-22 08:12:06.495, `last_seen` = 2026-06-05 06:48:53.637, `email` = null, `discord` = null, `settings` = '{"settings":[{"value":"en","key":"language"},{"value":"survival","key":"last-server"}],"version":0}' WHERE `ai` = 3" (applied to [last_ip, last_seen, settings] columns)
[2026/06/05 06:48:53]: [nLogin] The user ItzSammer has successfully logged in.
[2026/06/05 06:59:04]: §3[nLogin] [DEBUG] [SQLite] [UPDATE]: "UPDATE `nlogin` SET `last_name` = 'ItzSammer', `unique_id` = a130978d5803371dab29c8f6ed7849bb,  `mojang_id` = null,  `bedrock_id` = null,  `password` = '$2a$10$XIwyRFUSP4TifbVnoP92l.aNeR1tn2MZ3CEB3y25gvrjwIuPfVLIS', `last_ip` = '0:0:0:0:0:0:0:1', `creation_date` = 2026-05-22 08:12:06.495, `last_seen` = 2026-06-05 06:59:04.355, `email` = null, `discord` = null, `settings` = '{"settings":[{"value":"en","key":"language"},{"value":"auth","key":"last-server"}],"version":0}' WHERE `ai` = 3" (applied to [last_seen, settings] columns)
[2026/06/05 06:59:13]: §3[nLogin] [DEBUG] [SQLite] [UPDATE]: "UPDATE `nlogin` SET `last_name` = 'ItzSammer', `unique_id` = a130978d5803371dab29c8f6ed7849bb,  `mojang_id` = null,  `bedrock_id` = null,  `password` = '$2a$10$XIwyRFUSP4TifbVnoP92l.aNeR1tn2MZ3CEB3y25gvrjwIuPfVLIS', `last_ip` = '0:0:0:0:0:0:0:1', `creation_date` = 2026-05-22 08:12:06.495, `last_seen` = 2026-06-05 06:59:13.076, `email` = null, `discord` = null, `settings` = '{"settings":[{"value":"en","key":"language"},{"value":"auth","key":"last-server"}],"version":0}' WHERE `ai` = 3" (applied to [last_ip, last_seen, settings] columns)
[2026/06/05 06:59:13]: [nLogin] The user ItzSammer has successfully logged in.
[2026/06/05 07:17:57]: §3[nLogin] [DEBUG] [SQLite] [UPDATE]: "INSERT INTO `nlogin` (`last_name`, `unique_id`, `mojang_id`, `bedrock_id`, `password`, `last_ip`, `creation_date`, `last_seen`, `email`, `discord`, `settings`) VALUES ('Starlet2428', a161b446a0643173b24c932f0a76d6fb, null, null, '$2a$10$5up0jXvoXXM0.HjHN9zzEehbcxAYGSQg95mg9OLjbI3QJx.GTqFJK', '0:0:0:0:0:0:0:1', '2026-06-05 07:17:57.702', '2026-06-05 07:17:57.702', null, null, '{"settings":[{"value":true,"key":"force-invalid-session"}],"version":0}')" (applied to all columns)
[2026/06/05 07:17:57]: [nLogin] The user Starlet2428 has successfully registered.
[2026/06/05 07:19:36]: §3[nLogin] [DEBUG] [SQLite] [UPDATE]: "UPDATE `nlogin` SET `last_name` = 'ItzSammer', `unique_id` = a130978d5803371dab29c8f6ed7849bb,  `mojang_id` = null,  `bedrock_id` = null,  `password` = '$2a$10$XIwyRFUSP4TifbVnoP92l.aNeR1tn2MZ3CEB3y25gvrjwIuPfVLIS', `last_ip` = '0:0:0:0:0:0:0:1', `creation_date` = 2026-05-22 08:12:06.495, `last_seen` = 2026-06-05 07:19:36.117, `email` = null, `discord` = null, `settings` = '{"settings":[{"value":"en","key":"language"},{"value":"survival","key":"last-server"}],"version":0}' WHERE `ai` = 3" (applied to [last_seen, settings] columns)
[2026/06/05 07:20:02]: §3[nLogin] [DEBUG] [SQLite] [UPDATE]: "UPDATE `nlogin` SET `last_name` = 'ItzSilverStone', `unique_id` = e2dad5ccc0b53067b2b695a5ba246646,  `mojang_id` = null,  `bedrock_id` = null,  `password` = '$2a$10$CgoqgOvlxLq1lM8idbhhc.j0xqUyUnpeRjIQFMe715xwKUA2sJ9sW', `last_ip` = '0:0:0:0:0:0:0:1', `creation_date` = 2026-05-24 03:58:17.023, `last_seen` = 2026-06-05 07:20:02.728, `email` = null, `discord` = null, `settings` = '{"settings":[{"value":"survival","key":"last-server"},{"value":"en","key":"language"}],"version":0}' WHERE `ai` = 6" (applied to [last_ip, last_seen, settings] columns)
[2026/06/05 07:20:02]: [nLogin] The user ItzSilverStone has successfully logged in.
[2026/06/05 07:21:06]: §3[nLogin] [DEBUG] [SQLite] [UPDATE]: "UPDATE `nlogin` SET `last_name` = 'ItzSilverStone', `unique_id` = e2dad5ccc0b53067b2b695a5ba246646,  `mojang_id` = null,  `bedrock_id` = null,  `password` = '$2a$10$CgoqgOvlxLq1lM8idbhhc.j0xqUyUnpeRjIQFMe715xwKUA2sJ9sW', `last_ip` = '0:0:0:0:0:0:0:1', `creation_date` = 2026-05-24 03:58:17.023, `last_seen` = 2026-06-05 07:21:06.697, `email` = null, `discord` = null, `settings` = '{"settings":[{"value":"auth","key":"last-server"},{"value":"en","key":"language"}],"version":0}' WHERE `ai` = 6" (applied to [last_seen, settings] columns)
[2026/06/05 07:22:32]: §3[nLogin] [DEBUG] [SQLite] [UPDATE]: "UPDATE `nlogin` SET `last_name` = 'Starlet2428', `unique_id` = a161b446a0643173b24c932f0a76d6fb,  `mojang_id` = null,  `bedrock_id` = null,  `password` = '$2a$10$5up0jXvoXXM0.HjHN9zzEehbcxAYGSQg95mg9OLjbI3QJx.GTqFJK', `last_ip` = '0:0:0:0:0:0:0:1', `creation_date` = 2026-06-05 07:17:57.702, `last_seen` = 2026-06-05 07:22:32.016, `email` = null, `discord` = null, `settings` = '{"settings":[{"value":true,"key":"force-invalid-session"},{"value":"auth","key":"last-server"},{"value":"en","key":"language"}],"version":0}' WHERE `ai` = 9" (applied to [last_seen, settings] columns)
[2026/06/05 07:22:39]: §3[nLogin] [DEBUG] The Starlet2428 (0:0:0:0:0:0:0:1) player entered an incorrect password
[2026/06/05 07:22:46]: §3[nLogin] [DEBUG] [SQLite] [UPDATE]: "UPDATE `nlogin` SET `last_name` = 'Starlet2428', `unique_id` = a161b446a0643173b24c932f0a76d6fb,  `mojang_id` = null,  `bedrock_id` = null,  `password` = '$2a$10$5up0jXvoXXM0.HjHN9zzEehbcxAYGSQg95mg9OLjbI3QJx.GTqFJK', `last_ip` = '0:0:0:0:0:0:0:1', `creation_date` = 2026-06-05 07:17:57.702, `last_seen` = 2026-06-05 07:22:46.396, `email` = null, `discord` = null, `settings` = '{"settings":[{"value":"auth","key":"last-server"},{"value":"en","key":"language"}],"version":0}' WHERE `ai` = 9" (applied to [last_ip, last_seen, settings] columns)
[2026/06/05 07:22:46]: [nLogin] The user Starlet2428 has successfully logged in.
[2026/06/05 07:23:35]: §3[nLogin] [DEBUG] [SQLite] [UPDATE]: "UPDATE `nlogin` SET `last_name` = 'ItzSammer', `unique_id` = a130978d5803371dab29c8f6ed7849bb,  `mojang_id` = null,  `bedrock_id` = null,  `password` = '$2a$10$XIwyRFUSP4TifbVnoP92l.aNeR1tn2MZ3CEB3y25gvrjwIuPfVLIS', `last_ip` = '0:0:0:0:0:0:0:1', `creation_date` = 2026-05-22 08:12:06.495, `last_seen` = 2026-06-05 07:23:35.315, `email` = null, `discord` = null, `settings` = '{"settings":[{"value":"en","key":"language"},{"value":"survival","key":"last-server"}],"version":0}' WHERE `ai` = 3" (applied to [last_ip, last_seen, settings] columns)
[2026/06/05 07:23:35]: [nLogin] The user ItzSammer has successfully logged in.
[2026/06/05 07:25:14]: §3[nLogin] [DEBUG] [SQLite] [UPDATE]: "UPDATE `nlogin` SET `last_name` = 'Starlet2428', `unique_id` = a161b446a0643173b24c932f0a76d6fb,  `mojang_id` = null,  `bedrock_id` = null,  `password` = '$2a$10$5up0jXvoXXM0.HjHN9zzEehbcxAYGSQg95mg9OLjbI3QJx.GTqFJK', `last_ip` = '0:0:0:0:0:0:0:1', `creation_date` = 2026-06-05 07:17:57.702, `last_seen` = 2026-06-05 07:25:14.075, `email` = null, `discord` = null, `settings` = '{"settings":[{"value":"auth","key":"last-server"},{"value":"en","key":"language"}],"version":0}' WHERE `ai` = 9" (applied to [last_seen, settings] columns)
[2026/06/05 07:25:20]: §3[nLogin] [DEBUG] [SQLite] [UPDATE]: "UPDATE `nlogin` SET `last_name` = 'Starlet2428', `unique_id` = a161b446a0643173b24c932f0a76d6fb,  `mojang_id` = null,  `bedrock_id` = null,  `password` = '$2a$10$5up0jXvoXXM0.HjHN9zzEehbcxAYGSQg95mg9OLjbI3QJx.GTqFJK', `last_ip` = '0:0:0:0:0:0:0:1', `creation_date` = 2026-06-05 07:17:57.702, `last_seen` = 2026-06-05 07:25:20.908, `email` = null, `discord` = null, `settings` = '{"settings":[{"value":"auth","key":"last-server"},{"value":"en","key":"language"}],"version":0}' WHERE `ai` = 9" (applied to [last_ip, last_seen, settings] columns)
[2026/06/05 07:25:20]: [nLogin] The user Starlet2428 has successfully logged in.
[2026/06/05 07:26:01]: §3[nLogin] [DEBUG] [SQLite] [UPDATE]: "UPDATE `nlogin` SET `last_name` = 'ItzSilverStone', `unique_id` = e2dad5ccc0b53067b2b695a5ba246646,  `mojang_id` = null,  `bedrock_id` = null,  `password` = '$2a$10$CgoqgOvlxLq1lM8idbhhc.j0xqUyUnpeRjIQFMe715xwKUA2sJ9sW', `last_ip` = '0:0:0:0:0:0:0:1', `creation_date` = 2026-05-24 03:58:17.023, `last_seen` = 2026-06-05 07:26:01.728, `email` = null, `discord` = null, `settings` = '{"settings":[{"value":"auth","key":"last-server"},{"value":"en","key":"language"}],"version":0}' WHERE `ai` = 6" (applied to [last_ip, last_seen, settings] columns)
[2026/06/05 07:26:01]: [nLogin] The user ItzSilverStone has successfully logged in.
[2026/06/05 07:27:56]: §3[nLogin] [DEBUG] [SQLite] [UPDATE]: "UPDATE `nlogin` SET `last_name` = 'ItzSammer', `unique_id` = a130978d5803371dab29c8f6ed7849bb,  `mojang_id` = null,  `bedrock_id` = null,  `password` = '$2a$10$XIwyRFUSP4TifbVnoP92l.aNeR1tn2MZ3CEB3y25gvrjwIuPfVLIS', `last_ip` = '0:0:0:0:0:0:0:1', `creation_date` = 2026-05-22 08:12:06.495, `last_seen` = 2026-06-05 07:27:56.729, `email` = null, `discord` = null, `settings` = '{"settings":[{"value":"en","key":"language"},{"value":"survival","key":"last-server"}],"version":0}' WHERE `ai` = 3" (applied to [last_seen, settings] columns)
[2026/06/05 07:30:26]: §3[nLogin] [DEBUG] [SQLite] [UPDATE]: "UPDATE `nlogin` SET `last_name` = 'ItzSammer', `unique_id` = a130978d5803371dab29c8f6ed7849bb,  `mojang_id` = null,  `bedrock_id` = null,  `password` = '$2a$10$XIwyRFUSP4TifbVnoP92l.aNeR1tn2MZ3CEB3y25gvrjwIuPfVLIS', `last_ip` = '0:0:0:0:0:0:0:1', `creation_date` = 2026-05-22 08:12:06.495, `last_seen` = 2026-06-05 07:30:26.833, `email` = null, `discord` = null, `settings` = '{"settings":[{"value":"en","key":"language"},{"value":"survival","key":"last-server"}],"version":0}' WHERE `ai` = 3" (applied to [last_ip, last_seen, settings] columns)
[2026/06/05 07:30:26]: [nLogin] The user ItzSammer has successfully logged in.
[2026/06/05 07:35:24]: §3[nLogin] [DEBUG] [SQLite] [UPDATE]: "UPDATE `nlogin` SET `last_name` = 'ItzSammer', `unique_id` = a130978d5803371dab29c8f6ed7849bb,  `mojang_id` = null,  `bedrock_id` = null,  `password` = '$2a$10$XIwyRFUSP4TifbVnoP92l.aNeR1tn2MZ3CEB3y25gvrjwIuPfVLIS', `last_ip` = '0:0:0:0:0:0:0:1', `creation_date` = 2026-05-22 08:12:06.495, `last_seen` = 2026-06-05 07:35:24.082, `email` = null, `discord` = null, `settings` = '{"settings":[{"value":"en","key":"language"},{"value":"survival","key":"last-server"}],"version":0}' WHERE `ai` = 3" (applied to [last_seen, settings] columns)
[2026/06/05 07:35:50]: §3[nLogin] [DEBUG] [SQLite] [UPDATE]: "UPDATE `nlogin` SET `last_name` = 'ItzSammer', `unique_id` = a130978d5803371dab29c8f6ed7849bb,  `mojang_id` = null,  `bedrock_id` = null,  `password` = '$2a$10$XIwyRFUSP4TifbVnoP92l.aNeR1tn2MZ3CEB3y25gvrjwIuPfVLIS', `last_ip` = '0:0:0:0:0:0:0:1', `creation_date` = 2026-05-22 08:12:06.495, `last_seen` = 2026-06-05 07:35:50.026, `email` = null, `discord` = null, `settings` = '{"settings":[{"value":"en","key":"language"},{"value":"survival","key":"last-server"}],"version":0}' WHERE `ai` = 3" (applied to [last_ip, last_seen, settings] columns)
[2026/06/05 07:35:50]: [nLogin] The user ItzSammer has successfully logged in.
[2026/06/05 07:36:58]: §3[nLogin] [DEBUG] [SQLite] [UPDATE]: "UPDATE `nlogin` SET `last_name` = 'Starlet2428', `unique_id` = a161b446a0643173b24c932f0a76d6fb,  `mojang_id` = null,  `bedrock_id` = null,  `password` = '$2a$10$5up0jXvoXXM0.HjHN9zzEehbcxAYGSQg95mg9OLjbI3QJx.GTqFJK', `last_ip` = '0:0:0:0:0:0:0:1', `creation_date` = 2026-06-05 07:17:57.702, `last_seen` = 2026-06-05 07:36:58.765, `email` = null, `discord` = null, `settings` = '{"settings":[{"value":"survival","key":"last-server"},{"value":"en","key":"language"}],"version":0}' WHERE `ai` = 9" (applied to [last_seen, settings] columns)
[2026/06/05 07:37:26]: §3[nLogin] [DEBUG] [SQLite] [UPDATE]: "UPDATE `nlogin` SET `last_name` = 'ItzSammer', `unique_id` = a130978d5803371dab29c8f6ed7849bb,  `mojang_id` = null,  `bedrock_id` = null,  `password` = '$2a$10$XIwyRFUSP4TifbVnoP92l.aNeR1tn2MZ3CEB3y25gvrjwIuPfVLIS', `last_ip` = '0:0:0:0:0:0:0:1', `creation_date` = 2026-05-22 08:12:06.495, `last_seen` = 2026-06-05 07:37:26.866, `email` = null, `discord` = null, `settings` = '{"settings":[{"value":"en","key":"language"},{"value":"survival","key":"last-server"}],"version":0}' WHERE `ai` = 3" (applied to [last_seen, settings] columns)
[2026/06/05 07:38:17]: §3[nLogin] [DEBUG] [SQLite] [UPDATE]: "UPDATE `nlogin` SET `last_name` = 'ItzSammer', `unique_id` = a130978d5803371dab29c8f6ed7849bb,  `mojang_id` = null,  `bedrock_id` = null,  `password` = '$2a$10$XIwyRFUSP4TifbVnoP92l.aNeR1tn2MZ3CEB3y25gvrjwIuPfVLIS', `last_ip` = '0:0:0:0:0:0:0:1', `creation_date` = 2026-05-22 08:12:06.495, `last_seen` = 2026-06-05 07:38:17.686, `email` = null, `discord` = null, `settings` = '{"settings":[{"value":"en","key":"language"},{"value":"survival","key":"last-server"}],"version":0}' WHERE `ai` = 3" (applied to [last_ip, last_seen, settings] columns)
[2026/06/05 07:38:17]: [nLogin] The user ItzSammer has successfully logged in.
[2026/06/05 07:39:01]: §3[nLogin] [DEBUG] [SQLite] [UPDATE]: "UPDATE `nlogin` SET `last_name` = 'ItzSammer', `unique_id` = a130978d5803371dab29c8f6ed7849bb,  `mojang_id` = null,  `bedrock_id` = null,  `password` = '$2a$10$XIwyRFUSP4TifbVnoP92l.aNeR1tn2MZ3CEB3y25gvrjwIuPfVLIS', `last_ip` = '0:0:0:0:0:0:0:1', `creation_date` = 2026-05-22 08:12:06.495, `last_seen` = 2026-06-05 07:39:01.0, `email` = null, `discord` = null, `settings` = '{"settings":[{"value":"en","key":"language"},{"value":"survival","key":"last-server"}],"version":0}' WHERE `ai` = 3" (applied to [last_seen, settings] columns)
[2026/06/05 07:39:10]: §3[nLogin] [DEBUG] [SQLite] [UPDATE]: "UPDATE `nlogin` SET `last_name` = 'ItzSammer', `unique_id` = a130978d5803371dab29c8f6ed7849bb,  `mojang_id` = null,  `bedrock_id` = null,  `password` = '$2a$10$XIwyRFUSP4TifbVnoP92l.aNeR1tn2MZ3CEB3y25gvrjwIuPfVLIS', `last_ip` = '0:0:0:0:0:0:0:1', `creation_date` = 2026-05-22 08:12:06.495, `last_seen` = 2026-06-05 07:39:10.93, `email` = null, `discord` = null, `settings` = '{"settings":[{"value":"en","key":"language"},{"value":"survival","key":"last-server"}],"version":0}' WHERE `ai` = 3" (applied to [last_ip, last_seen, settings] columns)
[2026/06/05 07:39:10]: [nLogin] The user ItzSammer has successfully logged in.
[2026/06/05 07:50:22]: §3[nLogin] [DEBUG] [SQLite] [UPDATE]: "UPDATE `nlogin` SET `last_name` = 'DoctorrMomo', `unique_id` = 1761bae3efb93a39b93a4b2fed96d855,  `mojang_id` = null,  `bedrock_id` = null,  `password` = '$2a$10$xS2ILb3eetTGPuw3bXCF1.BnZdCXddXp.TczC14hOnPpnMu2yoc52', `last_ip` = '0:0:0:0:0:0:0:1', `creation_date` = 2026-05-22 10:14:53.931, `last_seen` = 2026-06-05 07:50:22.377, `email` = null, `discord` = null, `settings` = '{"settings":[{"value":"survival","key":"last-server"},{"value":"en","key":"language"}],"version":0}' WHERE `ai` = 4" (applied to [last_ip, last_seen, settings] columns)
[2026/06/05 07:50:22]: [nLogin] The user DoctorrMomo has successfully logged in.
[2026/06/05 07:54:38]: §3[nLogin] [DEBUG] [SQLite] [UPDATE]: "UPDATE `nlogin` SET `last_name` = 'ItzSilverStone', `unique_id` = e2dad5ccc0b53067b2b695a5ba246646,  `mojang_id` = null,  `bedrock_id` = null,  `password` = '$2a$10$CgoqgOvlxLq1lM8idbhhc.j0xqUyUnpeRjIQFMe715xwKUA2sJ9sW', `last_ip` = '0:0:0:0:0:0:0:1', `creation_date` = 2026-05-24 03:58:17.023, `last_seen` = 2026-06-05 07:54:38.922, `email` = null, `discord` = null, `settings` = '{"settings":[{"value":"survival","key":"last-server"},{"value":"en","key":"language"}],"version":0}' WHERE `ai` = 6" (applied to [last_seen, settings] columns)
[2026/06/05 07:54:47]: §3[nLogin] [DEBUG] [SQLite] [UPDATE]: "UPDATE `nlogin` SET `last_name` = 'ItzSilverStone', `unique_id` = e2dad5ccc0b53067b2b695a5ba246646,  `mojang_id` = null,  `bedrock_id` = null,  `password` = '$2a$10$CgoqgOvlxLq1lM8idbhhc.j0xqUyUnpeRjIQFMe715xwKUA2sJ9sW', `last_ip` = '0:0:0:0:0:0:0:1', `creation_date` = 2026-05-24 03:58:17.023, `last_seen` = 2026-06-05 07:54:47.307, `email` = null, `discord` = null, `settings` = '{"settings":[{"value":"survival","key":"last-server"},{"value":"en","key":"language"}],"version":0}' WHERE `ai` = 6" (applied to [last_ip, last_seen, settings] columns)
[2026/06/05 07:54:47]: [nLogin] The user ItzSilverStone has successfully logged in.
[2026/06/05 08:14:54]: §3[nLogin] [DEBUG] [SQLite] [UPDATE]: "UPDATE `nlogin` SET `last_name` = 'ItzSilverStone', `unique_id` = e2dad5ccc0b53067b2b695a5ba246646,  `mojang_id` = null,  `bedrock_id` = null,  `password` = '$2a$10$CgoqgOvlxLq1lM8idbhhc.j0xqUyUnpeRjIQFMe715xwKUA2sJ9sW', `last_ip` = '0:0:0:0:0:0:0:1', `creation_date` = 2026-05-24 03:58:17.023, `last_seen` = 2026-06-05 08:14:54.899, `email` = null, `discord` = null, `settings` = '{"settings":[{"value":"survival","key":"last-server"},{"value":"en","key":"language"}],"version":0}' WHERE `ai` = 6" (applied to [last_seen, settings] columns)
[2026/06/05 08:15:26]: §3[nLogin] [DEBUG] [SQLite] [UPDATE]: "UPDATE `nlogin` SET `last_name` = 'DoctorrMomo', `unique_id` = 1761bae3efb93a39b93a4b2fed96d855,  `mojang_id` = null,  `bedrock_id` = null,  `password` = '$2a$10$xS2ILb3eetTGPuw3bXCF1.BnZdCXddXp.TczC14hOnPpnMu2yoc52', `last_ip` = '0:0:0:0:0:0:0:1', `creation_date` = 2026-05-22 10:14:53.931, `last_seen` = 2026-06-05 08:15:26.287, `email` = null, `discord` = null, `settings` = '{"settings":[{"value":"auth","key":"last-server"},{"value":"en","key":"language"}],"version":0}' WHERE `ai` = 4" (applied to [last_seen, settings] columns)
[2026/06/05 08:15:39]: §3[nLogin] [DEBUG] [SQLite] [UPDATE]: "UPDATE `nlogin` SET `last_name` = 'ItzSilverStone', `unique_id` = e2dad5ccc0b53067b2b695a5ba246646,  `mojang_id` = null,  `bedrock_id` = null,  `password` = '$2a$10$CgoqgOvlxLq1lM8idbhhc.j0xqUyUnpeRjIQFMe715xwKUA2sJ9sW', `last_ip` = '0:0:0:0:0:0:0:1', `creation_date` = 2026-05-24 03:58:17.023, `last_seen` = 2026-06-05 08:15:39.59, `email` = null, `discord` = null, `settings` = '{"settings":[{"value":"survival","key":"last-server"},{"value":"en","key":"language"}],"version":0}' WHERE `ai` = 6" (applied to [last_ip, last_seen, settings] columns)
[2026/06/05 08:15:39]: [nLogin] The user ItzSilverStone has successfully logged in.
[2026/06/05 08:16:37]: §3[nLogin] [DEBUG] [SQLite] [UPDATE]: "UPDATE `nlogin` SET `last_name` = 'DoctorrMomo', `unique_id` = 1761bae3efb93a39b93a4b2fed96d855,  `mojang_id` = null,  `bedrock_id` = null,  `password` = '$2a$10$xS2ILb3eetTGPuw3bXCF1.BnZdCXddXp.TczC14hOnPpnMu2yoc52', `last_ip` = '0:0:0:0:0:0:0:1', `creation_date` = 2026-05-22 10:14:53.931, `last_seen` = 2026-06-05 08:16:37.764, `email` = null, `discord` = null, `settings` = '{"settings":[{"value":"auth","key":"last-server"},{"value":"en","key":"language"}],"version":0}' WHERE `ai` = 4" (applied to [last_ip, last_seen, settings] columns)
[2026/06/05 08:16:37]: [nLogin] The user DoctorrMomo has successfully logged in.
[2026/06/05 08:19:27]: §3[nLogin] [DEBUG] [SQLite] [UPDATE]: "UPDATE `nlogin` SET `last_name` = 'ItzSilverStone', `unique_id` = e2dad5ccc0b53067b2b695a5ba246646,  `mojang_id` = null,  `bedrock_id` = null,  `password` = '$2a$10$CgoqgOvlxLq1lM8idbhhc.j0xqUyUnpeRjIQFMe715xwKUA2sJ9sW', `last_ip` = '0:0:0:0:0:0:0:1', `creation_date` = 2026-05-24 03:58:17.023, `last_seen` = 2026-06-05 08:19:27.218, `email` = null, `discord` = null, `settings` = '{"settings":[{"value":"survival","key":"last-server"},{"value":"en","key":"language"}],"version":0}' WHERE `ai` = 6" (applied to [last_seen, settings] columns)
[2026/06/05 08:33:33]: §3[nLogin] [DEBUG] [SQLite] [UPDATE]: "UPDATE `nlogin` SET `last_name` = 'DoctorrMomo', `unique_id` = 1761bae3efb93a39b93a4b2fed96d855,  `mojang_id` = null,  `bedrock_id` = null,  `password` = '$2a$10$xS2ILb3eetTGPuw3bXCF1.BnZdCXddXp.TczC14hOnPpnMu2yoc52', `last_ip` = '0:0:0:0:0:0:0:1', `creation_date` = 2026-05-22 10:14:53.931, `last_seen` = 2026-06-05 08:33:33.722, `email` = null, `discord` = null, `settings` = '{"settings":[{"value":"auth","key":"last-server"},{"value":"en","key":"language"}],"version":0}' WHERE `ai` = 4" (applied to [last_seen, settings] columns)
[2026/06/05 08:35:38]: §3[nLogin] [DEBUG] [SQLite] [UPDATE]: "UPDATE `nlogin` SET `last_name` = 'DoctorrMomo', `unique_id` = 1761bae3efb93a39b93a4b2fed96d855,  `mojang_id` = null,  `bedrock_id` = null,  `password` = '$2a$10$xS2ILb3eetTGPuw3bXCF1.BnZdCXddXp.TczC14hOnPpnMu2yoc52', `last_ip` = '0:0:0:0:0:0:0:1', `creation_date` = 2026-05-22 10:14:53.931, `last_seen` = 2026-06-05 08:35:38.888, `email` = null, `discord` = null, `settings` = '{"settings":[{"value":"auth","key":"last-server"},{"value":"en","key":"language"}],"version":0}' WHERE `ai` = 4" (applied to [last_ip, last_seen, settings] columns)
[2026/06/05 08:35:38]: [nLogin] The user DoctorrMomo has successfully logged in.
[2026/06/05 08:41:39]: §3[nLogin] [DEBUG] [SQLite] [UPDATE]: "UPDATE `nlogin` SET `last_name` = 'ItzSammer', `unique_id` = a130978d5803371dab29c8f6ed7849bb,  `mojang_id` = null,  `bedrock_id` = null,  `password` = '$2a$10$XIwyRFUSP4TifbVnoP92l.aNeR1tn2MZ3CEB3y25gvrjwIuPfVLIS', `last_ip` = '0:0:0:0:0:0:0:1', `creation_date` = 2026-05-22 08:12:06.495, `last_seen` = 2026-06-05 08:41:39.764, `email` = null, `discord` = null, `settings` = '{"settings":[{"value":"en","key":"language"},{"value":"survival","key":"last-server"}],"version":0}' WHERE `ai` = 3" (applied to [last_seen, settings] columns)
[2026/06/05 08:44:51]: §3[nLogin] [DEBUG] [SQLite] [UPDATE]: "UPDATE `nlogin` SET `last_name` = 'DoctorrMomo', `unique_id` = 1761bae3efb93a39b93a4b2fed96d855,  `mojang_id` = null,  `bedrock_id` = null,  `password` = '$2a$10$xS2ILb3eetTGPuw3bXCF1.BnZdCXddXp.TczC14hOnPpnMu2yoc52', `last_ip` = '0:0:0:0:0:0:0:1', `creation_date` = 2026-05-22 10:14:53.931, `last_seen` = 2026-06-05 08:44:51.687, `email` = null, `discord` = null, `settings` = '{"settings":[{"value":"auth","key":"last-server"},{"value":"en","key":"language"}],"version":0}' WHERE `ai` = 4" (applied to [last_seen, settings] columns)
[2026/06/05 08:45:38]: §3[nLogin] [DEBUG] [SQLite] [UPDATE]: "UPDATE `nlogin` SET `last_name` = 'DoctorrMomo', `unique_id` = 1761bae3efb93a39b93a4b2fed96d855,  `mojang_id` = null,  `bedrock_id` = null,  `password` = '$2a$10$xS2ILb3eetTGPuw3bXCF1.BnZdCXddXp.TczC14hOnPpnMu2yoc52', `last_ip` = '0:0:0:0:0:0:0:1', `creation_date` = 2026-05-22 10:14:53.931, `last_seen` = 2026-06-05 08:45:38.864, `email` = null, `discord` = null, `settings` = '{"settings":[{"value":"auth","key":"last-server"},{"value":"en","key":"language"}],"version":0}' WHERE `ai` = 4" (applied to [last_ip, last_seen, settings] columns)
[2026/06/05 08:45:38]: [nLogin] The user DoctorrMomo has successfully logged in.
[2026/06/05 08:45:48]: §3[nLogin] [DEBUG] [SQLite] [UPDATE]: "UPDATE `nlogin` SET `last_name` = 'ItzSammer', `unique_id` = a130978d5803371dab29c8f6ed7849bb,  `mojang_id` = null,  `bedrock_id` = null,  `password` = '$2a$10$XIwyRFUSP4TifbVnoP92l.aNeR1tn2MZ3CEB3y25gvrjwIuPfVLIS', `last_ip` = '0:0:0:0:0:0:0:1', `creation_date` = 2026-05-22 08:12:06.495, `last_seen` = 2026-06-05 08:45:48.529, `email` = null, `discord` = null, `settings` = '{"settings":[{"value":"en","key":"language"},{"value":"survival","key":"last-server"}],"version":0}' WHERE `ai` = 3" (applied to [last_ip, last_seen, settings] columns)
[2026/06/05 08:45:48]: [nLogin] The user ItzSammer has successfully logged in.
[2026/06/05 08:45:49]: §3[nLogin] [DEBUG] [SQLite] [UPDATE]: "UPDATE `nlogin` SET `last_name` = 'DoctorrMomo', `unique_id` = 1761bae3efb93a39b93a4b2fed96d855,  `mojang_id` = null,  `bedrock_id` = null,  `password` = '$2a$10$xS2ILb3eetTGPuw3bXCF1.BnZdCXddXp.TczC14hOnPpnMu2yoc52', `last_ip` = '0:0:0:0:0:0:0:1', `creation_date` = 2026-05-22 10:14:53.931, `last_seen` = 2026-06-05 08:45:49.324, `email` = null, `discord` = null, `settings` = '{"settings":[{"value":"auth","key":"last-server"},{"value":"en","key":"language"}],"version":0}' WHERE `ai` = 4" (applied to [last_seen, settings] columns)
[2026/06/05 08:45:57]: §3[nLogin] [DEBUG] [SQLite] [UPDATE]: "UPDATE `nlogin` SET `last_name` = 'DoctorrMomo', `unique_id` = 1761bae3efb93a39b93a4b2fed96d855,  `mojang_id` = null,  `bedrock_id` = null,  `password` = '$2a$10$xS2ILb3eetTGPuw3bXCF1.BnZdCXddXp.TczC14hOnPpnMu2yoc52', `last_ip` = '0:0:0:0:0:0:0:1', `creation_date` = 2026-05-22 10:14:53.931, `last_seen` = 2026-06-05 08:45:57.798, `email` = null, `discord` = null, `settings` = '{"settings":[{"value":"auth","key":"last-server"},{"value":"en","key":"language"}],"version":0}' WHERE `ai` = 4" (applied to [last_ip, last_seen, settings] columns)
[2026/06/05 08:45:57]: [nLogin] The user DoctorrMomo has successfully logged in.
[2026/06/05 08:46:07]: §3[nLogin] [DEBUG] [SQLite] [UPDATE]: "UPDATE `nlogin` SET `last_name` = 'DoctorrMomo', `unique_id` = 1761bae3efb93a39b93a4b2fed96d855,  `mojang_id` = null,  `bedrock_id` = null,  `password` = '$2a$10$xS2ILb3eetTGPuw3bXCF1.BnZdCXddXp.TczC14hOnPpnMu2yoc52', `last_ip` = '0:0:0:0:0:0:0:1', `creation_date` = 2026-05-22 10:14:53.931, `last_seen` = 2026-06-05 08:46:06.968, `email` = null, `discord` = null, `settings` = '{"settings":[{"value":"auth","key":"last-server"},{"value":"en","key":"language"}],"version":0}' WHERE `ai` = 4" (applied to [last_seen, settings] columns)
[2026/06/05 08:46:07]: §3[nLogin] [DEBUG] [SQLite] [UPDATE]: "UPDATE `nlogin` SET `last_name` = 'ItzSammer', `unique_id` = a130978d5803371dab29c8f6ed7849bb,  `mojang_id` = null,  `bedrock_id` = null,  `password` = '$2a$10$XIwyRFUSP4TifbVnoP92l.aNeR1tn2MZ3CEB3y25gvrjwIuPfVLIS', `last_ip` = '0:0:0:0:0:0:0:1', `creation_date` = 2026-05-22 08:12:06.495, `last_seen` = 2026-06-05 08:46:07.533, `email` = null, `discord` = null, `settings` = '{"settings":[{"value":"en","key":"language"},{"value":"auth","key":"last-server"}],"version":0}' WHERE `ai` = 3" (applied to [last_seen, settings] columns)
[2026/06/05 08:46:07]: [nLogin] Successful plugin core shutdown (took 0.00s)
